<?xml version="1.0" encoding="UTF-8"?>
<testsuite name="by.couriers.operator.service.impl.OrderServiceImplTest" tests="1" skipped="0" failures="0" errors="0" timestamp="2016-04-10T14:43:08" hostname="EPBYMINW3719" time="0.068">
  <properties/>
  <testcase name="simpleTest" classname="by.couriers.operator.service.impl.OrderServiceImplTest" time="0.068"/>
  <system-out><![CDATA[17:43:05.752 [Test worker] DEBUG o.s.t.c.j.SpringJUnit4ClassRunner - SpringJUnit4ClassRunner constructor called with [class by.couriers.operator.service.impl.OrderServiceImplTest]
17:43:05.764 [Test worker] DEBUG o.s.test.context.BootstrapUtils - Instantiating CacheAwareContextLoaderDelegate from class [org.springframework.test.context.cache.DefaultCacheAwareContextLoaderDelegate]
17:43:05.769 [Test worker] DEBUG o.s.test.context.BootstrapUtils - Instantiating BootstrapContext using constructor [public org.springframework.test.context.support.DefaultBootstrapContext(java.lang.Class,org.springframework.test.context.CacheAwareContextLoaderDelegate)]
17:43:05.782 [Test worker] DEBUG o.s.test.context.BootstrapUtils - Instantiating TestContextBootstrapper for test class [by.couriers.operator.service.impl.OrderServiceImplTest] from class [org.springframework.test.context.support.DefaultTestContextBootstrapper]
17:43:05.804 [Test worker] DEBUG o.s.t.c.s.AbstractDelegatingSmartContextLoader - Delegating to AnnotationConfigContextLoader to process context configuration [ContextConfigurationAttributes@735160c2 declaringClass = 'by.couriers.operator.service.impl.OrderServiceImplTest', classes = '{class by.couriers.operator.TestConfig}', locations = '{}', inheritLocations = true, initializers = '{}', inheritInitializers = true, name = [null], contextLoaderClass = 'org.springframework.test.context.ContextLoader'].
17:43:05.806 [Test worker] DEBUG o.s.t.c.support.ActiveProfilesUtils - Could not find an 'annotation declaring class' for annotation type [org.springframework.test.context.ActiveProfiles] and class [by.couriers.operator.service.impl.OrderServiceImplTest]
17:43:05.810 [Test worker] DEBUG o.s.t.c.s.DefaultTestContextBootstrapper - @TestExecutionListeners is not present for class [by.couriers.operator.service.impl.OrderServiceImplTest]: using defaults.
17:43:05.818 [Test worker] INFO  o.s.t.c.s.DefaultTestContextBootstrapper - Loaded default TestExecutionListener class names from location [META-INF/spring.factories]: [org.springframework.test.context.web.ServletTestExecutionListener, org.springframework.test.context.support.DirtiesContextBeforeModesTestExecutionListener, org.springframework.test.context.support.DependencyInjectionTestExecutionListener, org.springframework.test.context.support.DirtiesContextTestExecutionListener, org.springframework.test.context.transaction.TransactionalTestExecutionListener, org.springframework.test.context.jdbc.SqlScriptsTestExecutionListener]
17:43:05.831 [Test worker] INFO  o.s.t.c.s.DefaultTestContextBootstrapper - Could not instantiate TestExecutionListener [org.springframework.test.context.transaction.TransactionalTestExecutionListener]. Specify custom listener classes or make the default listener classes (and their required dependencies) available. Offending class: [org/springframework/transaction/interceptor/TransactionAttributeSource]
17:43:05.831 [Test worker] INFO  o.s.t.c.s.DefaultTestContextBootstrapper - Could not instantiate TestExecutionListener [org.springframework.test.context.jdbc.SqlScriptsTestExecutionListener]. Specify custom listener classes or make the default listener classes (and their required dependencies) available. Offending class: [org/springframework/transaction/interceptor/TransactionAttribute]
17:43:05.833 [Test worker] INFO  o.s.t.c.s.DefaultTestContextBootstrapper - Using TestExecutionListeners: [org.springframework.test.context.web.ServletTestExecutionListener@5ab4bf48, org.springframework.test.context.support.DirtiesContextBeforeModesTestExecutionListener@31a3168, org.springframework.test.context.support.DependencyInjectionTestExecutionListener@6e37c937, org.springframework.test.context.support.DirtiesContextTestExecutionListener@132e2e62]
17:43:05.835 [Test worker] DEBUG o.s.t.annotation.ProfileValueUtils - Retrieved @ProfileValueSourceConfiguration [null] for test class [by.couriers.operator.service.impl.OrderServiceImplTest]
17:43:05.836 [Test worker] DEBUG o.s.t.annotation.ProfileValueUtils - Retrieved ProfileValueSource type [class org.springframework.test.annotation.SystemProfileValueSource] for class [by.couriers.operator.service.impl.OrderServiceImplTest]
17:43:05.836 [Test worker] DEBUG o.s.t.annotation.ProfileValueUtils - Retrieved @ProfileValueSourceConfiguration [null] for test class [by.couriers.operator.service.impl.OrderServiceImplTest]
17:43:05.836 [Test worker] DEBUG o.s.t.annotation.ProfileValueUtils - Retrieved ProfileValueSource type [class org.springframework.test.annotation.SystemProfileValueSource] for class [by.couriers.operator.service.impl.OrderServiceImplTest]
17:43:05.837 [Test worker] DEBUG o.s.t.annotation.ProfileValueUtils - Retrieved @ProfileValueSourceConfiguration [null] for test class [by.couriers.operator.service.impl.OrderServiceImplTest]
17:43:05.837 [Test worker] DEBUG o.s.t.annotation.ProfileValueUtils - Retrieved ProfileValueSource type [class org.springframework.test.annotation.SystemProfileValueSource] for class [by.couriers.operator.service.impl.OrderServiceImplTest]
17:43:05.839 [Test worker] DEBUG o.s.t.c.s.AbstractDirtiesContextTestExecutionListener - Before test class: context [DefaultTestContext@51d4030 testClass = OrderServiceImplTest, testInstance = [null], testMethod = [null], testException = [null], mergedContextConfiguration = [MergedContextConfiguration@59703884 testClass = OrderServiceImplTest, locations = '{}', classes = '{class by.couriers.operator.TestConfig}', contextInitializerClasses = '[]', activeProfiles = '{}', propertySourceLocations = '{}', propertySourceProperties = '{}', contextLoader = 'org.springframework.test.context.support.DelegatingSmartContextLoader', parent = [null]]], class annotated with @DirtiesContext [false] with mode [null].
17:43:05.840 [Test worker] DEBUG o.s.t.annotation.ProfileValueUtils - Retrieved @ProfileValueSourceConfiguration [null] for test class [by.couriers.operator.service.impl.OrderServiceImplTest]
17:43:05.840 [Test worker] DEBUG o.s.t.annotation.ProfileValueUtils - Retrieved ProfileValueSource type [class org.springframework.test.annotation.SystemProfileValueSource] for class [by.couriers.operator.service.impl.OrderServiceImplTest]
17:43:05.842 [Test worker] DEBUG o.s.t.c.s.DependencyInjectionTestExecutionListener - Performing dependency injection for test context [[DefaultTestContext@51d4030 testClass = OrderServiceImplTest, testInstance = by.couriers.operator.service.impl.OrderServiceImplTest@7f78dd9b, testMethod = [null], testException = [null], mergedContextConfiguration = [MergedContextConfiguration@59703884 testClass = OrderServiceImplTest, locations = '{}', classes = '{class by.couriers.operator.TestConfig}', contextInitializerClasses = '[]', activeProfiles = '{}', propertySourceLocations = '{}', propertySourceProperties = '{}', contextLoader = 'org.springframework.test.context.support.DelegatingSmartContextLoader', parent = [null]]]].
17:43:05.845 [Test worker] DEBUG o.s.t.c.s.AbstractDelegatingSmartContextLoader - Delegating to AnnotationConfigContextLoader to load context from [MergedContextConfiguration@59703884 testClass = OrderServiceImplTest, locations = '{}', classes = '{class by.couriers.operator.TestConfig}', contextInitializerClasses = '[]', activeProfiles = '{}', propertySourceLocations = '{}', propertySourceProperties = '{}', contextLoader = 'org.springframework.test.context.support.DelegatingSmartContextLoader', parent = [null]].
17:43:05.846 [Test worker] DEBUG o.s.t.c.s.AbstractGenericContextLoader - Loading ApplicationContext for merged context configuration [[MergedContextConfiguration@59703884 testClass = OrderServiceImplTest, locations = '{}', classes = '{class by.couriers.operator.TestConfig}', contextInitializerClasses = '[]', activeProfiles = '{}', propertySourceLocations = '{}', propertySourceProperties = '{}', contextLoader = 'org.springframework.test.context.support.DelegatingSmartContextLoader', parent = [null]]].
17:43:05.907 [Test worker] DEBUG o.s.core.env.StandardEnvironment - Adding [systemProperties] PropertySource with lowest search precedence
17:43:05.908 [Test worker] DEBUG o.s.core.env.StandardEnvironment - Adding [systemEnvironment] PropertySource with lowest search precedence
17:43:05.908 [Test worker] DEBUG o.s.core.env.StandardEnvironment - Initialized StandardEnvironment with PropertySources [systemProperties,systemEnvironment]
17:43:05.908 [Test worker] DEBUG o.s.t.c.s.AnnotationConfigContextLoader - Registering annotated classes: {class by.couriers.operator.TestConfig}
17:43:05.937 [Test worker] INFO  o.s.c.s.GenericApplicationContext - Refreshing org.springframework.context.support.GenericApplicationContext@28e47886: startup date [Sun Apr 10 17:43:05 MSK 2016]; root of context hierarchy
17:43:05.940 [Test worker] DEBUG o.s.c.s.GenericApplicationContext - Bean factory for org.springframework.context.support.GenericApplicationContext@28e47886: org.springframework.beans.factory.support.DefaultListableBeanFactory@77b329fb: defining beans [org.springframework.context.annotation.internalConfigurationAnnotationProcessor,org.springframework.context.annotation.internalAutowiredAnnotationProcessor,org.springframework.context.annotation.internalRequiredAnnotationProcessor,org.springframework.context.annotation.internalCommonAnnotationProcessor,org.springframework.context.event.internalEventListenerProcessor,org.springframework.context.event.internalEventListenerFactory,testConfig]; root of factory hierarchy
17:43:05.960 [Test worker] DEBUG o.s.b.f.s.DefaultListableBeanFactory - Creating shared instance of singleton bean 'org.springframework.context.annotation.internalConfigurationAnnotationProcessor'
17:43:05.960 [Test worker] DEBUG o.s.b.f.s.DefaultListableBeanFactory - Creating instance of bean 'org.springframework.context.annotation.internalConfigurationAnnotationProcessor'
17:43:05.973 [Test worker] DEBUG o.s.b.f.s.DefaultListableBeanFactory - Eagerly caching bean 'org.springframework.context.annotation.internalConfigurationAnnotationProcessor' to allow for resolving potential circular references
17:43:05.975 [Test worker] DEBUG o.s.b.f.s.DefaultListableBeanFactory - Finished creating instance of bean 'org.springframework.context.annotation.internalConfigurationAnnotationProcessor'
17:43:05.992 [Test worker] DEBUG o.s.core.env.StandardEnvironment - Adding [systemProperties] PropertySource with lowest search precedence
17:43:05.993 [Test worker] DEBUG o.s.core.env.StandardEnvironment - Adding [systemEnvironment] PropertySource with lowest search precedence
17:43:05.993 [Test worker] DEBUG o.s.core.env.StandardEnvironment - Initialized StandardEnvironment with PropertySources [systemProperties,systemEnvironment]
17:43:05.994 [Test worker] DEBUG o.s.c.a.ClassPathBeanDefinitionScanner - JSR-250 'javax.annotation.ManagedBean' found and supported for component scanning
17:43:05.998 [Test worker] DEBUG o.s.c.i.s.PathMatchingResourcePatternResolver - Resolved classpath location [by/couriers/operator/] to resources [URL [file:/C:/Users/Ilya_Zinkovich/IdeaProjects/couriers/operator/build/classes/test/by/couriers/operator/], URL [file:/C:/Users/Ilya_Zinkovich/IdeaProjects/couriers/operator/build/classes/main/by/couriers/operator/]]
17:43:05.998 [Test worker] DEBUG o.s.c.i.s.PathMatchingResourcePatternResolver - Looking for matching resources in directory tree [C:\Users\Ilya_Zinkovich\IdeaProjects\couriers\operator\build\classes\test\by\couriers\operator]
17:43:05.998 [Test worker] DEBUG o.s.c.i.s.PathMatchingResourcePatternResolver - Searching directory [C:\Users\Ilya_Zinkovich\IdeaProjects\couriers\operator\build\classes\test\by\couriers\operator] for files matching pattern [C:/Users/Ilya_Zinkovich/IdeaProjects/couriers/operator/build/classes/test/by/couriers/operator/**/*.class]
17:43:06.007 [Test worker] DEBUG o.s.c.i.s.PathMatchingResourcePatternResolver - Searching directory [C:\Users\Ilya_Zinkovich\IdeaProjects\couriers\operator\build\classes\test\by\couriers\operator\service] for files matching pattern [C:/Users/Ilya_Zinkovich/IdeaProjects/couriers/operator/build/classes/test/by/couriers/operator/**/*.class]
17:43:06.008 [Test worker] DEBUG o.s.c.i.s.PathMatchingResourcePatternResolver - Searching directory [C:\Users\Ilya_Zinkovich\IdeaProjects\couriers\operator\build\classes\test\by\couriers\operator\service\impl] for files matching pattern [C:/Users/Ilya_Zinkovich/IdeaProjects/couriers/operator/build/classes/test/by/couriers/operator/**/*.class]
17:43:06.009 [Test worker] DEBUG o.s.c.i.s.PathMatchingResourcePatternResolver - Looking for matching resources in directory tree [C:\Users\Ilya_Zinkovich\IdeaProjects\couriers\operator\build\classes\main\by\couriers\operator]
17:43:06.010 [Test worker] DEBUG o.s.c.i.s.PathMatchingResourcePatternResolver - Searching directory [C:\Users\Ilya_Zinkovich\IdeaProjects\couriers\operator\build\classes\main\by\couriers\operator] for files matching pattern [C:/Users/Ilya_Zinkovich/IdeaProjects/couriers/operator/build/classes/main/by/couriers/operator/**/*.class]
17:43:06.010 [Test worker] DEBUG o.s.c.i.s.PathMatchingResourcePatternResolver - Searching directory [C:\Users\Ilya_Zinkovich\IdeaProjects\couriers\operator\build\classes\main\by\couriers\operator\dao] for files matching pattern [C:/Users/Ilya_Zinkovich/IdeaProjects/couriers/operator/build/classes/main/by/couriers/operator/**/*.class]
17:43:06.011 [Test worker] DEBUG o.s.c.i.s.PathMatchingResourcePatternResolver - Searching directory [C:\Users\Ilya_Zinkovich\IdeaProjects\couriers\operator\build\classes\main\by\couriers\operator\model] for files matching pattern [C:/Users/Ilya_Zinkovich/IdeaProjects/couriers/operator/build/classes/main/by/couriers/operator/**/*.class]
17:43:06.018 [Test worker] DEBUG o.s.c.i.s.PathMatchingResourcePatternResolver - Searching directory [C:\Users\Ilya_Zinkovich\IdeaProjects\couriers\operator\build\classes\main\by\couriers\operator\service] for files matching pattern [C:/Users/Ilya_Zinkovich/IdeaProjects/couriers/operator/build/classes/main/by/couriers/operator/**/*.class]
17:43:06.019 [Test worker] DEBUG o.s.c.i.s.PathMatchingResourcePatternResolver - Searching directory [C:\Users\Ilya_Zinkovich\IdeaProjects\couriers\operator\build\classes\main\by\couriers\operator\service\impl] for files matching pattern [C:/Users/Ilya_Zinkovich/IdeaProjects/couriers/operator/build/classes/main/by/couriers/operator/**/*.class]
17:43:06.020 [Test worker] DEBUG o.s.c.i.s.PathMatchingResourcePatternResolver - Searching directory [C:\Users\Ilya_Zinkovich\IdeaProjects\couriers\operator\build\classes\main\by\couriers\operator\web] for files matching pattern [C:/Users/Ilya_Zinkovich/IdeaProjects/couriers/operator/build/classes/main/by/couriers/operator/**/*.class]
17:43:06.021 [Test worker] DEBUG o.s.c.i.s.PathMatchingResourcePatternResolver - Resolved location pattern [classpath*:by/couriers/operator/**/*.class] to resources [file [C:\Users\Ilya_Zinkovich\IdeaProjects\couriers\operator\build\classes\test\by\couriers\operator\service\impl\OrderServiceImplTest.class], file [C:\Users\Ilya_Zinkovich\IdeaProjects\couriers\operator\build\classes\test\by\couriers\operator\TestConfig.class], file [C:\Users\Ilya_Zinkovich\IdeaProjects\couriers\operator\build\classes\main\by\couriers\operator\AppConfig$1.class], file [C:\Users\Ilya_Zinkovich\IdeaProjects\couriers\operator\build\classes\main\by\couriers\operator\AppConfig.class], file [C:\Users\Ilya_Zinkovich\IdeaProjects\couriers\operator\build\classes\main\by\couriers\operator\dao\OrderDAO.class], file [C:\Users\Ilya_Zinkovich\IdeaProjects\couriers\operator\build\classes\main\by\couriers\operator\dao\OrderRepository.class], file [C:\Users\Ilya_Zinkovich\IdeaProjects\couriers\operator\build\classes\main\by\couriers\operator\model\LocalDateConverter.class], file [C:\Users\Ilya_Zinkovich\IdeaProjects\couriers\operator\build\classes\main\by\couriers\operator\model\Order.class], file [C:\Users\Ilya_Zinkovich\IdeaProjects\couriers\operator\build\classes\main\by\couriers\operator\model\OrderCriteria$1.class], file [C:\Users\Ilya_Zinkovich\IdeaProjects\couriers\operator\build\classes\main\by\couriers\operator\model\OrderCriteria$OrderCriteriaBuilder.class], file [C:\Users\Ilya_Zinkovich\IdeaProjects\couriers\operator\build\classes\main\by\couriers\operator\model\OrderCriteria.class], file [C:\Users\Ilya_Zinkovich\IdeaProjects\couriers\operator\build\classes\main\by\couriers\operator\model\Product.class], file [C:\Users\Ilya_Zinkovich\IdeaProjects\couriers\operator\build\classes\main\by\couriers\operator\service\impl\OrderServiceImpl.class], file [C:\Users\Ilya_Zinkovich\IdeaProjects\couriers\operator\build\classes\main\by\couriers\operator\service\OrderService.class], file [C:\Users\Ilya_Zinkovich\IdeaProjects\couriers\operator\build\classes\main\by\couriers\operator\web\OperatorController.class], file [C:\Users\Ilya_Zinkovich\IdeaProjects\couriers\operator\build\classes\main\by\couriers\operator\web\OrdersResource.class]]
17:43:06.057 [Test worker] DEBUG o.s.c.a.ClassPathBeanDefinitionScanner - Identified candidate component class: file [C:\Users\Ilya_Zinkovich\IdeaProjects\couriers\operator\build\classes\main\by\couriers\operator\AppConfig.class]
17:43:06.059 [Test worker] DEBUG o.s.c.a.ClassPathBeanDefinitionScanner - Identified candidate component class: file [C:\Users\Ilya_Zinkovich\IdeaProjects\couriers\operator\build\classes\main\by\couriers\operator\dao\OrderRepository.class]
17:43:06.068 [Test worker] DEBUG o.s.c.a.ClassPathBeanDefinitionScanner - Identified candidate component class: file [C:\Users\Ilya_Zinkovich\IdeaProjects\couriers\operator\build\classes\main\by\couriers\operator\service\impl\OrderServiceImpl.class]
17:43:06.074 [Test worker] DEBUG o.s.c.a.ClassPathBeanDefinitionScanner - Identified candidate component class: file [C:\Users\Ilya_Zinkovich\IdeaProjects\couriers\operator\build\classes\main\by\couriers\operator\web\OperatorController.class]
17:43:06.076 [Test worker] DEBUG o.s.c.a.ClassPathBeanDefinitionScanner - Identified candidate component class: file [C:\Users\Ilya_Zinkovich\IdeaProjects\couriers\operator\build\classes\main\by\couriers\operator\web\OrdersResource.class]
17:43:06.083 [Test worker] DEBUG o.s.core.env.StandardEnvironment - Adding [systemProperties] PropertySource with lowest search precedence
17:43:06.083 [Test worker] DEBUG o.s.core.env.StandardEnvironment - Adding [systemEnvironment] PropertySource with lowest search precedence
17:43:06.083 [Test worker] DEBUG o.s.core.env.StandardEnvironment - Initialized StandardEnvironment with PropertySources [systemProperties,systemEnvironment]
17:43:06.083 [Test worker] DEBUG o.s.c.a.ClassPathBeanDefinitionScanner - JSR-250 'javax.annotation.ManagedBean' found and supported for component scanning
17:43:06.088 [Test worker] DEBUG o.s.c.i.s.PathMatchingResourcePatternResolver - Resolved classpath location [by/couriers/operator/] to resources [URL [file:/C:/Users/Ilya_Zinkovich/IdeaProjects/couriers/operator/build/classes/test/by/couriers/operator/], URL [file:/C:/Users/Ilya_Zinkovich/IdeaProjects/couriers/operator/build/classes/main/by/couriers/operator/]]
17:43:06.088 [Test worker] DEBUG o.s.c.i.s.PathMatchingResourcePatternResolver - Looking for matching resources in directory tree [C:\Users\Ilya_Zinkovich\IdeaProjects\couriers\operator\build\classes\test\by\couriers\operator]
17:43:06.088 [Test worker] DEBUG o.s.c.i.s.PathMatchingResourcePatternResolver - Searching directory [C:\Users\Ilya_Zinkovich\IdeaProjects\couriers\operator\build\classes\test\by\couriers\operator] for files matching pattern [C:/Users/Ilya_Zinkovich/IdeaProjects/couriers/operator/build/classes/test/by/couriers/operator/**/*.class]
17:43:06.089 [Test worker] DEBUG o.s.c.i.s.PathMatchingResourcePatternResolver - Searching directory [C:\Users\Ilya_Zinkovich\IdeaProjects\couriers\operator\build\classes\test\by\couriers\operator\service] for files matching pattern [C:/Users/Ilya_Zinkovich/IdeaProjects/couriers/operator/build/classes/test/by/couriers/operator/**/*.class]
17:43:06.089 [Test worker] DEBUG o.s.c.i.s.PathMatchingResourcePatternResolver - Searching directory [C:\Users\Ilya_Zinkovich\IdeaProjects\couriers\operator\build\classes\test\by\couriers\operator\service\impl] for files matching pattern [C:/Users/Ilya_Zinkovich/IdeaProjects/couriers/operator/build/classes/test/by/couriers/operator/**/*.class]
17:43:06.090 [Test worker] DEBUG o.s.c.i.s.PathMatchingResourcePatternResolver - Looking for matching resources in directory tree [C:\Users\Ilya_Zinkovich\IdeaProjects\couriers\operator\build\classes\main\by\couriers\operator]
17:43:06.090 [Test worker] DEBUG o.s.c.i.s.PathMatchingResourcePatternResolver - Searching directory [C:\Users\Ilya_Zinkovich\IdeaProjects\couriers\operator\build\classes\main\by\couriers\operator] for files matching pattern [C:/Users/Ilya_Zinkovich/IdeaProjects/couriers/operator/build/classes/main/by/couriers/operator/**/*.class]
17:43:06.090 [Test worker] DEBUG o.s.c.i.s.PathMatchingResourcePatternResolver - Searching directory [C:\Users\Ilya_Zinkovich\IdeaProjects\couriers\operator\build\classes\main\by\couriers\operator\dao] for files matching pattern [C:/Users/Ilya_Zinkovich/IdeaProjects/couriers/operator/build/classes/main/by/couriers/operator/**/*.class]
17:43:06.092 [Test worker] DEBUG o.s.c.i.s.PathMatchingResourcePatternResolver - Searching directory [C:\Users\Ilya_Zinkovich\IdeaProjects\couriers\operator\build\classes\main\by\couriers\operator\model] for files matching pattern [C:/Users/Ilya_Zinkovich/IdeaProjects/couriers/operator/build/classes/main/by/couriers/operator/**/*.class]
17:43:06.093 [Test worker] DEBUG o.s.c.i.s.PathMatchingResourcePatternResolver - Searching directory [C:\Users\Ilya_Zinkovich\IdeaProjects\couriers\operator\build\classes\main\by\couriers\operator\service] for files matching pattern [C:/Users/Ilya_Zinkovich/IdeaProjects/couriers/operator/build/classes/main/by/couriers/operator/**/*.class]
17:43:06.093 [Test worker] DEBUG o.s.c.i.s.PathMatchingResourcePatternResolver - Searching directory [C:\Users\Ilya_Zinkovich\IdeaProjects\couriers\operator\build\classes\main\by\couriers\operator\service\impl] for files matching pattern [C:/Users/Ilya_Zinkovich/IdeaProjects/couriers/operator/build/classes/main/by/couriers/operator/**/*.class]
17:43:06.094 [Test worker] DEBUG o.s.c.i.s.PathMatchingResourcePatternResolver - Searching directory [C:\Users\Ilya_Zinkovich\IdeaProjects\couriers\operator\build\classes\main\by\couriers\operator\web] for files matching pattern [C:/Users/Ilya_Zinkovich/IdeaProjects/couriers/operator/build/classes/main/by/couriers/operator/**/*.class]
17:43:06.096 [Test worker] DEBUG o.s.c.i.s.PathMatchingResourcePatternResolver - Resolved location pattern [classpath*:by/couriers/operator/**/*.class] to resources [file [C:\Users\Ilya_Zinkovich\IdeaProjects\couriers\operator\build\classes\test\by\couriers\operator\service\impl\OrderServiceImplTest.class], file [C:\Users\Ilya_Zinkovich\IdeaProjects\couriers\operator\build\classes\test\by\couriers\operator\TestConfig.class], file [C:\Users\Ilya_Zinkovich\IdeaProjects\couriers\operator\build\classes\main\by\couriers\operator\AppConfig$1.class], file [C:\Users\Ilya_Zinkovich\IdeaProjects\couriers\operator\build\classes\main\by\couriers\operator\AppConfig.class], file [C:\Users\Ilya_Zinkovich\IdeaProjects\couriers\operator\build\classes\main\by\couriers\operator\dao\OrderDAO.class], file [C:\Users\Ilya_Zinkovich\IdeaProjects\couriers\operator\build\classes\main\by\couriers\operator\dao\OrderRepository.class], file [C:\Users\Ilya_Zinkovich\IdeaProjects\couriers\operator\build\classes\main\by\couriers\operator\model\LocalDateConverter.class], file [C:\Users\Ilya_Zinkovich\IdeaProjects\couriers\operator\build\classes\main\by\couriers\operator\model\Order.class], file [C:\Users\Ilya_Zinkovich\IdeaProjects\couriers\operator\build\classes\main\by\couriers\operator\model\OrderCriteria$1.class], file [C:\Users\Ilya_Zinkovich\IdeaProjects\couriers\operator\build\classes\main\by\couriers\operator\model\OrderCriteria$OrderCriteriaBuilder.class], file [C:\Users\Ilya_Zinkovich\IdeaProjects\couriers\operator\build\classes\main\by\couriers\operator\model\OrderCriteria.class], file [C:\Users\Ilya_Zinkovich\IdeaProjects\couriers\operator\build\classes\main\by\couriers\operator\model\Product.class], file [C:\Users\Ilya_Zinkovich\IdeaProjects\couriers\operator\build\classes\main\by\couriers\operator\service\impl\OrderServiceImpl.class], file [C:\Users\Ilya_Zinkovich\IdeaProjects\couriers\operator\build\classes\main\by\couriers\operator\service\OrderService.class], file [C:\Users\Ilya_Zinkovich\IdeaProjects\couriers\operator\build\classes\main\by\couriers\operator\web\OperatorController.class], file [C:\Users\Ilya_Zinkovich\IdeaProjects\couriers\operator\build\classes\main\by\couriers\operator\web\OrdersResource.class]]
17:43:06.106 [Test worker] DEBUG o.s.c.a.ClassPathBeanDefinitionScanner - Identified candidate component class: file [C:\Users\Ilya_Zinkovich\IdeaProjects\couriers\operator\build\classes\test\by\couriers\operator\TestConfig.class]
17:43:06.109 [Test worker] DEBUG o.s.c.a.ClassPathBeanDefinitionScanner - Identified candidate component class: file [C:\Users\Ilya_Zinkovich\IdeaProjects\couriers\operator\build\classes\main\by\couriers\operator\dao\OrderRepository.class]
17:43:06.112 [Test worker] DEBUG o.s.c.a.ClassPathBeanDefinitionScanner - Identified candidate component class: file [C:\Users\Ilya_Zinkovich\IdeaProjects\couriers\operator\build\classes\main\by\couriers\operator\service\impl\OrderServiceImpl.class]
17:43:06.112 [Test worker] DEBUG o.s.c.a.ClassPathBeanDefinitionScanner - Identified candidate component class: file [C:\Users\Ilya_Zinkovich\IdeaProjects\couriers\operator\build\classes\main\by\couriers\operator\web\OperatorController.class]
17:43:06.113 [Test worker] DEBUG o.s.c.a.ClassPathBeanDefinitionScanner - Identified candidate component class: file [C:\Users\Ilya_Zinkovich\IdeaProjects\couriers\operator\build\classes\main\by\couriers\operator\web\OrdersResource.class]
17:43:06.160 [Test worker] DEBUG o.s.c.e.PropertySourcesPropertyResolver - Searching for key 'java.runtime.name' in [systemProperties]
17:43:06.160 [Test worker] DEBUG o.s.c.e.PropertySourcesPropertyResolver - Found key 'java.runtime.name' in [systemProperties] with type [String] and value 'Java(TM) SE Runtime Environment'
17:43:06.163 [Test worker] DEBUG o.s.c.e.PropertySourcesPropertyResolver - Searching for key 'sun.boot.library.path' in [systemProperties]
17:43:06.164 [Test worker] DEBUG o.s.c.e.PropertySourcesPropertyResolver - Found key 'sun.boot.library.path' in [systemProperties] with type [String] and value 'C:\Program Files\Java\jdk1.8.0_60\jre\bin'
17:43:06.164 [Test worker] DEBUG o.s.c.e.PropertySourcesPropertyResolver - Searching for key 'java.vm.version' in [systemProperties]
17:43:06.164 [Test worker] DEBUG o.s.c.e.PropertySourcesPropertyResolver - Found key 'java.vm.version' in [systemProperties] with type [String] and value '25.60-b23'
17:43:06.164 [Test worker] DEBUG o.s.c.e.PropertySourcesPropertyResolver - Searching for key 'java.vm.vendor' in [systemProperties]
17:43:06.164 [Test worker] DEBUG o.s.c.e.PropertySourcesPropertyResolver - Found key 'java.vm.vendor' in [systemProperties] with type [String] and value 'Oracle Corporation'
17:43:06.164 [Test worker] DEBUG o.s.c.e.PropertySourcesPropertyResolver - Searching for key 'java.vendor.url' in [systemProperties]
17:43:06.165 [Test worker] DEBUG o.s.c.e.PropertySourcesPropertyResolver - Found key 'java.vendor.url' in [systemProperties] with type [String] and value 'http://java.oracle.com/'
17:43:06.165 [Test worker] DEBUG o.s.c.e.PropertySourcesPropertyResolver - Searching for key 'path.separator' in [systemProperties]
17:43:06.165 [Test worker] DEBUG o.s.c.e.PropertySourcesPropertyResolver - Found key 'path.separator' in [systemProperties] with type [String] and value ';'
17:43:06.165 [Test worker] DEBUG o.s.c.e.PropertySourcesPropertyResolver - Searching for key 'java.vm.name' in [systemProperties]
17:43:06.165 [Test worker] DEBUG o.s.c.e.PropertySourcesPropertyResolver - Found key 'java.vm.name' in [systemProperties] with type [String] and value 'Java HotSpot(TM) 64-Bit Server VM'
17:43:06.165 [Test worker] DEBUG o.s.c.e.PropertySourcesPropertyResolver - Searching for key 'file.encoding.pkg' in [systemProperties]
17:43:06.165 [Test worker] DEBUG o.s.c.e.PropertySourcesPropertyResolver - Found key 'file.encoding.pkg' in [systemProperties] with type [String] and value 'sun.io'
17:43:06.165 [Test worker] DEBUG o.s.c.e.PropertySourcesPropertyResolver - Searching for key 'user.script' in [systemProperties]
17:43:06.165 [Test worker] DEBUG o.s.c.e.PropertySourcesPropertyResolver - Found key 'user.script' in [systemProperties] with type [String] and value ''
17:43:06.165 [Test worker] DEBUG o.s.c.e.PropertySourcesPropertyResolver - Searching for key 'sun.java.launcher' in [systemProperties]
17:43:06.165 [Test worker] DEBUG o.s.c.e.PropertySourcesPropertyResolver - Found key 'sun.java.launcher' in [systemProperties] with type [String] and value 'SUN_STANDARD'
17:43:06.165 [Test worker] DEBUG o.s.c.e.PropertySourcesPropertyResolver - Searching for key 'user.country' in [systemProperties]
17:43:06.166 [Test worker] DEBUG o.s.c.e.PropertySourcesPropertyResolver - Found key 'user.country' in [systemProperties] with type [String] and value 'US'
17:43:06.166 [Test worker] DEBUG o.s.c.e.PropertySourcesPropertyResolver - Searching for key 'sun.os.patch.level' in [systemProperties]
17:43:06.166 [Test worker] DEBUG o.s.c.e.PropertySourcesPropertyResolver - Found key 'sun.os.patch.level' in [systemProperties] with type [String] and value 'Service Pack 1'
17:43:06.166 [Test worker] DEBUG o.s.c.e.PropertySourcesPropertyResolver - Searching for key 'java.vm.specification.name' in [systemProperties]
17:43:06.166 [Test worker] DEBUG o.s.c.e.PropertySourcesPropertyResolver - Found key 'java.vm.specification.name' in [systemProperties] with type [String] and value 'Java Virtual Machine Specification'
17:43:06.166 [Test worker] DEBUG o.s.c.e.PropertySourcesPropertyResolver - Searching for key 'user.dir' in [systemProperties]
17:43:06.166 [Test worker] DEBUG o.s.c.e.PropertySourcesPropertyResolver - Found key 'user.dir' in [systemProperties] with type [String] and value 'C:\Users\Ilya_Zinkovich\IdeaProjects\couriers\operator'
17:43:06.166 [Test worker] DEBUG o.s.c.e.PropertySourcesPropertyResolver - Searching for key 'java.runtime.version' in [systemProperties]
17:43:06.166 [Test worker] DEBUG o.s.c.e.PropertySourcesPropertyResolver - Found key 'java.runtime.version' in [systemProperties] with type [String] and value '1.8.0_60-b27'
17:43:06.166 [Test worker] DEBUG o.s.c.e.PropertySourcesPropertyResolver - Searching for key 'java.awt.graphicsenv' in [systemProperties]
17:43:06.166 [Test worker] DEBUG o.s.c.e.PropertySourcesPropertyResolver - Found key 'java.awt.graphicsenv' in [systemProperties] with type [String] and value 'sun.awt.Win32GraphicsEnvironment'
17:43:06.166 [Test worker] DEBUG o.s.c.e.PropertySourcesPropertyResolver - Searching for key 'java.endorsed.dirs' in [systemProperties]
17:43:06.166 [Test worker] DEBUG o.s.c.e.PropertySourcesPropertyResolver - Found key 'java.endorsed.dirs' in [systemProperties] with type [String] and value 'C:\Program Files\Java\jdk1.8.0_60\jre\lib\endorsed'
17:43:06.166 [Test worker] DEBUG o.s.c.e.PropertySourcesPropertyResolver - Searching for key 'os.arch' in [systemProperties]
17:43:06.166 [Test worker] DEBUG o.s.c.e.PropertySourcesPropertyResolver - Found key 'os.arch' in [systemProperties] with type [String] and value 'amd64'
17:43:06.166 [Test worker] DEBUG o.s.c.e.PropertySourcesPropertyResolver - Searching for key 'java.io.tmpdir' in [systemProperties]
17:43:06.167 [Test worker] DEBUG o.s.c.e.PropertySourcesPropertyResolver - Found key 'java.io.tmpdir' in [systemProperties] with type [String] and value 'C:\Users\Ilya_Zinkovich\AppData\Local\Temp\'
17:43:06.167 [Test worker] DEBUG o.s.c.e.PropertySourcesPropertyResolver - Searching for key 'line.separator' in [systemProperties]
17:43:06.167 [Test worker] DEBUG o.s.c.e.PropertySourcesPropertyResolver - Found key 'line.separator' in [systemProperties] with type [String] and value '
'
17:43:06.167 [Test worker] DEBUG o.s.c.e.PropertySourcesPropertyResolver - Searching for key 'java.vm.specification.vendor' in [systemProperties]
17:43:06.167 [Test worker] DEBUG o.s.c.e.PropertySourcesPropertyResolver - Found key 'java.vm.specification.vendor' in [systemProperties] with type [String] and value 'Oracle Corporation'
17:43:06.167 [Test worker] DEBUG o.s.c.e.PropertySourcesPropertyResolver - Searching for key 'user.variant' in [systemProperties]
17:43:06.167 [Test worker] DEBUG o.s.c.e.PropertySourcesPropertyResolver - Found key 'user.variant' in [systemProperties] with type [String] and value ''
17:43:06.167 [Test worker] DEBUG o.s.c.e.PropertySourcesPropertyResolver - Searching for key 'os.name' in [systemProperties]
17:43:06.167 [Test worker] DEBUG o.s.c.e.PropertySourcesPropertyResolver - Found key 'os.name' in [systemProperties] with type [String] and value 'Windows 7'
17:43:06.167 [Test worker] DEBUG o.s.c.e.PropertySourcesPropertyResolver - Searching for key 'sun.jnu.encoding' in [systemProperties]
17:43:06.167 [Test worker] DEBUG o.s.c.e.PropertySourcesPropertyResolver - Found key 'sun.jnu.encoding' in [systemProperties] with type [String] and value 'Cp1251'
17:43:06.168 [Test worker] DEBUG o.s.c.e.PropertySourcesPropertyResolver - Searching for key 'java.library.path' in [systemProperties]
17:43:06.168 [Test worker] DEBUG o.s.c.e.PropertySourcesPropertyResolver - Found key 'java.library.path' in [systemProperties] with type [String] and value 'C:\Program Files\Java\jdk1.8.0_60\bin;C:\WINDOWS\Sun\Java\bin;C:\WINDOWS\system32;C:\WINDOWS;C:\ProgramData\Oracle\Java\javapath;D:\Programs\Oracle\product\11.2.0\dbhome_1\bin;C:\WINDOWS\system32;C:\WINDOWS;C:\WINDOWS\System32\Wbem;C:\WINDOWS\System32\WindowsPowerShell\v1.0\;C:\Program Files\TortoiseSVN\bin;%ANT_HOME\bin;C:\Program Files\Java\jdk1.8.0_60\bin;D:\Programs\tomcat6\bin;C:\Program Files\Apache Software Foundation\apache-maven-3.3.3\bin;C:\Program Files\nodejs\;C:\Program Files\Perforce;C:\Program Files\Perforce\DVCS\;C:\Program Files\gradle-2.10\bin;C:\Program Files (x86)\Skype\Phone\;C:\mongodb\bin;C:\Git\bin;C:\Program Files\Anaconda2;C:\Python27\Scripts;C:\Program Files\Anaconda2;C:\Program Files\Anaconda2\Scripts;C:\Program Files\Anaconda2\Library\bin;C:\Users\Ilya_Zinkovich\AppData\Roaming\npm;C:\Users\Ilya_Zinkovich\AppData\Local\atom\bin;.'
17:43:06.168 [Test worker] DEBUG o.s.c.e.PropertySourcesPropertyResolver - Searching for key 'java.specification.name' in [systemProperties]
17:43:06.168 [Test worker] DEBUG o.s.c.e.PropertySourcesPropertyResolver - Found key 'java.specification.name' in [systemProperties] with type [String] and value 'Java Platform API Specification'
17:43:06.168 [Test worker] DEBUG o.s.c.e.PropertySourcesPropertyResolver - Searching for key 'java.class.version' in [systemProperties]
17:43:06.168 [Test worker] DEBUG o.s.c.e.PropertySourcesPropertyResolver - Found key 'java.class.version' in [systemProperties] with type [String] and value '52.0'
17:43:06.168 [Test worker] DEBUG o.s.c.e.PropertySourcesPropertyResolver - Searching for key 'sun.management.compiler' in [systemProperties]
17:43:06.168 [Test worker] DEBUG o.s.c.e.PropertySourcesPropertyResolver - Found key 'sun.management.compiler' in [systemProperties] with type [String] and value 'HotSpot 64-Bit Tiered Compilers'
17:43:06.168 [Test worker] DEBUG o.s.c.e.PropertySourcesPropertyResolver - Searching for key 'os.version' in [systemProperties]
17:43:06.168 [Test worker] DEBUG o.s.c.e.PropertySourcesPropertyResolver - Found key 'os.version' in [systemProperties] with type [String] and value '6.1'
17:43:06.168 [Test worker] DEBUG o.s.c.e.PropertySourcesPropertyResolver - Searching for key 'user.home' in [systemProperties]
17:43:06.169 [Test worker] DEBUG o.s.c.e.PropertySourcesPropertyResolver - Found key 'user.home' in [systemProperties] with type [String] and value 'C:\Users\Ilya_Zinkovich'
17:43:06.169 [Test worker] DEBUG o.s.c.e.PropertySourcesPropertyResolver - Searching for key 'user.timezone' in [systemProperties]
17:43:06.169 [Test worker] DEBUG o.s.c.e.PropertySourcesPropertyResolver - Found key 'user.timezone' in [systemProperties] with type [String] and value 'Europe/Minsk'
17:43:06.169 [Test worker] DEBUG o.s.c.e.PropertySourcesPropertyResolver - Searching for key 'java.awt.printerjob' in [systemProperties]
17:43:06.169 [Test worker] DEBUG o.s.c.e.PropertySourcesPropertyResolver - Found key 'java.awt.printerjob' in [systemProperties] with type [String] and value 'sun.awt.windows.WPrinterJob'
17:43:06.169 [Test worker] DEBUG o.s.c.e.PropertySourcesPropertyResolver - Searching for key 'file.encoding' in [systemProperties]
17:43:06.169 [Test worker] DEBUG o.s.c.e.PropertySourcesPropertyResolver - Found key 'file.encoding' in [systemProperties] with type [String] and value 'windows-1251'
17:43:06.169 [Test worker] DEBUG o.s.c.e.PropertySourcesPropertyResolver - Searching for key 'java.specification.version' in [systemProperties]
17:43:06.169 [Test worker] DEBUG o.s.c.e.PropertySourcesPropertyResolver - Found key 'java.specification.version' in [systemProperties] with type [String] and value '1.8'
17:43:06.169 [Test worker] DEBUG o.s.c.e.PropertySourcesPropertyResolver - Searching for key 'java.class.path' in [systemProperties]
17:43:06.169 [Test worker] DEBUG o.s.c.e.PropertySourcesPropertyResolver - Found key 'java.class.path' in [systemProperties] with type [String] and value 'C:\Users\Ilya_Zinkovich\IdeaProjects\couriers\operator\build\classes\test;C:\Users\Ilya_Zinkovich\IdeaProjects\couriers\operator\build\resources\test;C:\Users\Ilya_Zinkovich\IdeaProjects\couriers\operator\build\classes\main;C:\Users\Ilya_Zinkovich\IdeaProjects\couriers\operator\build\resources\main;C:\Users\Ilya_Zinkovich\.gradle\caches\modules-2\files-2.1\org.springframework.boot\spring-boot-starter-web\1.3.3.RELEASE\f1ee2657f50844d8682b30a1f40aebff3ad60cce\spring-boot-starter-web-1.3.3.RELEASE.jar;C:\Users\Ilya_Zinkovich\.gradle\caches\modules-2\files-2.1\org.mongodb\mongo-java-driver\3.2.2\654b381c444d22e095363036767a52de1fda3ab0\mongo-java-driver-3.2.2.jar;C:\Users\Ilya_Zinkovich\.gradle\caches\modules-2\files-2.1\org.mongodb.morphia\morphia\1.1.1\2801fcf2ee819a7fa7f7d9ca934f992c50e1e639\morphia-1.1.1.jar;C:\Users\Ilya_Zinkovich\.gradle\caches\modules-2\files-2.1\org.springframework\spring-test\4.2.5.RELEASE\60bd0ac25869d515717284b77644d0416d3a38c5\spring-test-4.2.5.RELEASE.jar;C:\Users\Ilya_Zinkovich\.gradle\caches\modules-2\files-2.1\com.fasterxml.jackson.datatype\jackson-datatype-jsr310\2.7.3\e41a3c103f5017794bd866528ec359ae70f5f875\jackson-datatype-jsr310-2.7.3.jar;C:\Users\Ilya_Zinkovich\.gradle\caches\modules-2\files-2.1\junit\junit\4.11\4e031bb61df09069aeb2bffb4019e7a5034a4ee0\junit-4.11.jar;C:\Users\Ilya_Zinkovich\.gradle\caches\modules-2\files-2.1\org.springframework.boot\spring-boot-starter\1.3.3.RELEASE\e4a71ce6ae8e42a7535dd9f1a39f91d36c538f28\spring-boot-starter-1.3.3.RELEASE.jar;C:\Users\Ilya_Zinkovich\.gradle\caches\modules-2\files-2.1\org.springframework.boot\spring-boot-starter-tomcat\1.3.3.RELEASE\541468d85cc2c94d2b538b0fa07c018847bb9b78\spring-boot-starter-tomcat-1.3.3.RELEASE.jar;C:\Users\Ilya_Zinkovich\.gradle\caches\modules-2\files-2.1\org.springframework.boot\spring-boot-starter-validation\1.3.3.RELEASE\df2d5a437fa3093b8da99216c355189fe7b5e64\spring-boot-starter-validation-1.3.3.RELEASE.jar;C:\Users\Ilya_Zinkovich\.gradle\caches\modules-2\files-2.1\com.fasterxml.jackson.core\jackson-databind\2.6.5\d50be1723a09befd903887099ff2014ea9020333\jackson-databind-2.6.5.jar;C:\Users\Ilya_Zinkovich\.gradle\caches\modules-2\files-2.1\org.springframework\spring-web\4.2.5.RELEASE\49cd2430884b77172aa81e3fc33ef668ea1dab30\spring-web-4.2.5.RELEASE.jar;C:\Users\Ilya_Zinkovich\.gradle\caches\modules-2\files-2.1\org.springframework\spring-webmvc\4.2.5.RELEASE\cf463cce3e4453eb4b9a69de2dcdfd60c3c57e0\spring-webmvc-4.2.5.RELEASE.jar;C:\Users\Ilya_Zinkovich\.gradle\caches\modules-2\files-2.1\cglib\cglib-nodep\2.2.2\d456bb230c70c0b95c76fb28e429d42f275941\cglib-nodep-2.2.2.jar;C:\Users\Ilya_Zinkovich\.gradle\caches\modules-2\files-2.1\com.thoughtworks.proxytoys\proxytoys\1.0\d22baee6d1b98dc38a6a428f774fd9e5b2ccf4af\proxytoys-1.0.jar;C:\Users\Ilya_Zinkovich\.gradle\caches\modules-2\files-2.1\org.springframework\spring-core\4.2.5.RELEASE\251207b29f0f38f61e3495a2f7fb053cf1bfe8c\spring-core-4.2.5.RELEASE.jar;C:\Users\Ilya_Zinkovich\.gradle\caches\modules-2\files-2.1\com.fasterxml.jackson.core\jackson-core\2.6.5\334369d7eff497f358b248c171dac0dd62c68f67\jackson-core-2.6.5.jar;C:\Users\Ilya_Zinkovich\.gradle\caches\modules-2\files-2.1\org.hamcrest\hamcrest-core\1.3\42a25dc3219429f0e5d060061f71acb49bf010a0\hamcrest-core-1.3.jar;C:\Users\Ilya_Zinkovich\.gradle\caches\modules-2\files-2.1\org.springframework.boot\spring-boot\1.3.3.RELEASE\641cc375499d444e4efbc1801902260daa79758d\spring-boot-1.3.3.RELEASE.jar;C:\Users\Ilya_Zinkovich\.gradle\caches\modules-2\files-2.1\org.springframework.boot\spring-boot-autoconfigure\1.3.3.RELEASE\e7a4a25f74dac6b335ffabc43e3e8a6e3066340e\spring-boot-autoconfigure-1.3.3.RELEASE.jar;C:\Users\Ilya_Zinkovich\.gradle\caches\modules-2\files-2.1\org.springframework.boot\spring-boot-starter-logging\1.3.3.RELEASE\16b395c84f28b947f1c336aa461fda1e662bb3b6\spring-boot-starter-logging-1.3.3.RELEASE.jar;C:\Users\Ilya_Zinkovich\.gradle\caches\modules-2\files-2.1\org.yaml\snakeyaml\1.16\d64fb662c9e42789149f5078a62a22edda786c6a\snakeyaml-1.16.jar;C:\Users\Ilya_Zinkovich\.gradle\caches\modules-2\files-2.1\org.apache.tomcat.embed\tomcat-embed-core\8.0.32\734ead0c803525cc9c7f283438101734ca9aac01\tomcat-embed-core-8.0.32.jar;C:\Users\Ilya_Zinkovich\.gradle\caches\modules-2\files-2.1\org.apache.tomcat.embed\tomcat-embed-el\8.0.32\82adf8bd959fc046d55490e6f2ce67297c91d62b\tomcat-embed-el-8.0.32.jar;C:\Users\Ilya_Zinkovich\.gradle\caches\modules-2\files-2.1\org.apache.tomcat.embed\tomcat-embed-logging-juli\8.0.32\5e664b357710a6c43cad2191404c2a9d0b82cdb3\tomcat-embed-logging-juli-8.0.32.jar;C:\Users\Ilya_Zinkovich\.gradle\caches\modules-2\files-2.1\org.apache.tomcat.embed\tomcat-embed-websocket\8.0.32\237ca58dac66f438579750169e6cb297ac041c9d\tomcat-embed-websocket-8.0.32.jar;C:\Users\Ilya_Zinkovich\.gradle\caches\modules-2\files-2.1\org.hibernate\hibernate-validator\5.2.4.Final\fb18766b576aa6632bcfe9a20a023cbd52bf9769\hibernate-validator-5.2.4.Final.jar;C:\Users\Ilya_Zinkovich\.gradle\caches\modules-2\files-2.1\com.fasterxml.jackson.core\jackson-annotations\2.6.5\65137ebf85056473b40c311f889601646a7612ba\jackson-annotations-2.6.5.jar;C:\Users\Ilya_Zinkovich\.gradle\caches\modules-2\files-2.1\org.springframework\spring-aop\4.2.5.RELEASE\858d6c70909b3ce7e07b59fc936f8ccfcd81c0aa\spring-aop-4.2.5.RELEASE.jar;C:\Users\Ilya_Zinkovich\.gradle\caches\modules-2\files-2.1\org.springframework\spring-beans\4.2.5.RELEASE\fa992ae40f6fc47117282164e0433b71da385e94\spring-beans-4.2.5.RELEASE.jar;C:\Users\Ilya_Zinkovich\.gradle\caches\modules-2\files-2.1\org.springframework\spring-context\4.2.5.RELEASE\a75e18322c7b362fe1daa26a245ae672ec0f3138\spring-context-4.2.5.RELEASE.jar;C:\Users\Ilya_Zinkovich\.gradle\caches\modules-2\files-2.1\org.springframework\spring-expression\4.2.5.RELEASE\a42bdfb833d0be6c18429aea3fb0fba81f85c6e8\spring-expression-4.2.5.RELEASE.jar;C:\Users\Ilya_Zinkovich\.gradle\caches\modules-2\files-2.1\ch.qos.logback\logback-classic\1.1.5\92353eb144695bba80b31f7bec4f36d871f230ac\logback-classic-1.1.5.jar;C:\Users\Ilya_Zinkovich\.gradle\caches\modules-2\files-2.1\org.slf4j\jcl-over-slf4j\1.7.16\34e48073884704ac987d3d1a1ab9b60e62028a9\jcl-over-slf4j-1.7.16.jar;C:\Users\Ilya_Zinkovich\.gradle\caches\modules-2\files-2.1\org.slf4j\jul-to-slf4j\1.7.16\2d5b546c5557dcbf08c3a381d7dc9bd275a602c1\jul-to-slf4j-1.7.16.jar;C:\Users\Ilya_Zinkovich\.gradle\caches\modules-2\files-2.1\org.slf4j\log4j-over-slf4j\1.7.16\c5922f37c8a5e4377cfb543c549f10e73d72ede0\log4j-over-slf4j-1.7.16.jar;C:\Users\Ilya_Zinkovich\.gradle\caches\modules-2\files-2.1\javax.validation\validation-api\1.1.0.Final\8613ae82954779d518631e05daa73a6a954817d5\validation-api-1.1.0.Final.jar;C:\Users\Ilya_Zinkovich\.gradle\caches\modules-2\files-2.1\org.jboss.logging\jboss-logging\3.3.0.Final\3616bb87707910296e2c195dc016287080bba5af\jboss-logging-3.3.0.Final.jar;C:\Users\Ilya_Zinkovich\.gradle\caches\modules-2\files-2.1\com.fasterxml\classmate\1.1.0\dbbd699a1486ad0f2ed6f5af6cfed66acacb9056\classmate-1.1.0.jar;C:\Users\Ilya_Zinkovich\.gradle\caches\modules-2\files-2.1\aopalliance\aopalliance\1.0\235ba8b489512805ac13a8f9ea77a1ca5ebe3e8\aopalliance-1.0.jar;C:\Users\Ilya_Zinkovich\.gradle\caches\modules-2\files-2.1\ch.qos.logback\logback-core\1.1.5\16722afde74444716e299bee1f60aec9f6d1f0dc\logback-core-1.1.5.jar;C:\Users\Ilya_Zinkovich\.gradle\caches\modules-2\files-2.1\org.slf4j\slf4j-api\1.7.16\3a6274f658487d5bfff9af3862beff6da1e7fd52\slf4j-api-1.7.16.jar'
17:43:06.170 [Test worker] DEBUG o.s.c.e.PropertySourcesPropertyResolver - Searching for key 'user.name' in [systemProperties]
17:43:06.170 [Test worker] DEBUG o.s.c.e.PropertySourcesPropertyResolver - Found key 'user.name' in [systemProperties] with type [String] and value 'Ilya_Zinkovich'
17:43:06.170 [Test worker] DEBUG o.s.c.e.PropertySourcesPropertyResolver - Searching for key 'java.vm.specification.version' in [systemProperties]
17:43:06.170 [Test worker] DEBUG o.s.c.e.PropertySourcesPropertyResolver - Found key 'java.vm.specification.version' in [systemProperties] with type [String] and value '1.8'
17:43:06.170 [Test worker] DEBUG o.s.c.e.PropertySourcesPropertyResolver - Searching for key 'sun.java.command' in [systemProperties]
17:43:06.170 [Test worker] DEBUG o.s.c.e.PropertySourcesPropertyResolver - Found key 'sun.java.command' in [systemProperties] with type [String] and value 'jarjar.org.gradle.process.internal.launcher.GradleWorkerMain 'Gradle Test Executor 1''
17:43:06.170 [Test worker] DEBUG o.s.c.e.PropertySourcesPropertyResolver - Searching for key 'java.home' in [systemProperties]
17:43:06.170 [Test worker] DEBUG o.s.c.e.PropertySourcesPropertyResolver - Found key 'java.home' in [systemProperties] with type [String] and value 'C:\Program Files\Java\jdk1.8.0_60\jre'
17:43:06.170 [Test worker] DEBUG o.s.c.e.PropertySourcesPropertyResolver - Searching for key 'sun.arch.data.model' in [systemProperties]
17:43:06.170 [Test worker] DEBUG o.s.c.e.PropertySourcesPropertyResolver - Found key 'sun.arch.data.model' in [systemProperties] with type [String] and value '64'
17:43:06.170 [Test worker] DEBUG o.s.c.e.PropertySourcesPropertyResolver - Searching for key 'user.language' in [systemProperties]
17:43:06.170 [Test worker] DEBUG o.s.c.e.PropertySourcesPropertyResolver - Found key 'user.language' in [systemProperties] with type [String] and value 'en'
17:43:06.174 [Test worker] DEBUG o.s.c.e.PropertySourcesPropertyResolver - Searching for key 'java.specification.vendor' in [systemProperties]
17:43:06.174 [Test worker] DEBUG o.s.c.e.PropertySourcesPropertyResolver - Found key 'java.specification.vendor' in [systemProperties] with type [String] and value 'Oracle Corporation'
17:43:06.174 [Test worker] DEBUG o.s.c.e.PropertySourcesPropertyResolver - Searching for key 'awt.toolkit' in [systemProperties]
17:43:06.174 [Test worker] DEBUG o.s.c.e.PropertySourcesPropertyResolver - Found key 'awt.toolkit' in [systemProperties] with type [String] and value 'sun.awt.windows.WToolkit'
17:43:06.174 [Test worker] DEBUG o.s.c.e.PropertySourcesPropertyResolver - Searching for key 'java.vm.info' in [systemProperties]
17:43:06.174 [Test worker] DEBUG o.s.c.e.PropertySourcesPropertyResolver - Found key 'java.vm.info' in [systemProperties] with type [String] and value 'mixed mode'
17:43:06.174 [Test worker] DEBUG o.s.c.e.PropertySourcesPropertyResolver - Searching for key 'java.version' in [systemProperties]
17:43:06.174 [Test worker] DEBUG o.s.c.e.PropertySourcesPropertyResolver - Found key 'java.version' in [systemProperties] with type [String] and value '1.8.0_60'
17:43:06.175 [Test worker] DEBUG o.s.c.e.PropertySourcesPropertyResolver - Searching for key 'java.ext.dirs' in [systemProperties]
17:43:06.175 [Test worker] DEBUG o.s.c.e.PropertySourcesPropertyResolver - Found key 'java.ext.dirs' in [systemProperties] with type [String] and value 'C:\Program Files\Java\jdk1.8.0_60\jre\lib\ext;C:\WINDOWS\Sun\Java\lib\ext'
17:43:06.175 [Test worker] DEBUG o.s.c.e.PropertySourcesPropertyResolver - Searching for key 'sun.boot.class.path' in [systemProperties]
17:43:06.175 [Test worker] DEBUG o.s.c.e.PropertySourcesPropertyResolver - Found key 'sun.boot.class.path' in [systemProperties] with type [String] and value 'C:\Program Files\Java\jdk1.8.0_60\jre\lib\resources.jar;C:\Program Files\Java\jdk1.8.0_60\jre\lib\rt.jar;C:\Program Files\Java\jdk1.8.0_60\jre\lib\sunrsasign.jar;C:\Program Files\Java\jdk1.8.0_60\jre\lib\jsse.jar;C:\Program Files\Java\jdk1.8.0_60\jre\lib\jce.jar;C:\Program Files\Java\jdk1.8.0_60\jre\lib\charsets.jar;C:\Program Files\Java\jdk1.8.0_60\jre\lib\jfr.jar;C:\Program Files\Java\jdk1.8.0_60\jre\classes'
17:43:06.175 [Test worker] DEBUG o.s.c.e.PropertySourcesPropertyResolver - Searching for key 'java.vendor' in [systemProperties]
17:43:06.175 [Test worker] DEBUG o.s.c.e.PropertySourcesPropertyResolver - Found key 'java.vendor' in [systemProperties] with type [String] and value 'Oracle Corporation'
17:43:06.175 [Test worker] DEBUG o.s.c.e.PropertySourcesPropertyResolver - Searching for key 'org.gradle.test.worker' in [systemProperties]
17:43:06.175 [Test worker] DEBUG o.s.c.e.PropertySourcesPropertyResolver - Found key 'org.gradle.test.worker' in [systemProperties] with type [String] and value '1'
17:43:06.175 [Test worker] DEBUG o.s.c.e.PropertySourcesPropertyResolver - Searching for key 'file.separator' in [systemProperties]
17:43:06.175 [Test worker] DEBUG o.s.c.e.PropertySourcesPropertyResolver - Found key 'file.separator' in [systemProperties] with type [String] and value '\'
17:43:06.175 [Test worker] DEBUG o.s.c.e.PropertySourcesPropertyResolver - Searching for key 'java.vendor.url.bug' in [systemProperties]
17:43:06.175 [Test worker] DEBUG o.s.c.e.PropertySourcesPropertyResolver - Found key 'java.vendor.url.bug' in [systemProperties] with type [String] and value 'http://bugreport.sun.com/bugreport/'
17:43:06.175 [Test worker] DEBUG o.s.c.e.PropertySourcesPropertyResolver - Searching for key 'sun.io.unicode.encoding' in [systemProperties]
17:43:06.175 [Test worker] DEBUG o.s.c.e.PropertySourcesPropertyResolver - Found key 'sun.io.unicode.encoding' in [systemProperties] with type [String] and value 'UnicodeLittle'
17:43:06.175 [Test worker] DEBUG o.s.c.e.PropertySourcesPropertyResolver - Searching for key 'sun.cpu.endian' in [systemProperties]
17:43:06.175 [Test worker] DEBUG o.s.c.e.PropertySourcesPropertyResolver - Found key 'sun.cpu.endian' in [systemProperties] with type [String] and value 'little'
17:43:06.175 [Test worker] DEBUG o.s.c.e.PropertySourcesPropertyResolver - Searching for key 'sun.desktop' in [systemProperties]
17:43:06.175 [Test worker] DEBUG o.s.c.e.PropertySourcesPropertyResolver - Found key 'sun.desktop' in [systemProperties] with type [String] and value 'windows'
17:43:06.175 [Test worker] DEBUG o.s.c.e.PropertySourcesPropertyResolver - Searching for key 'sun.cpu.isalist' in [systemProperties]
17:43:06.175 [Test worker] DEBUG o.s.c.e.PropertySourcesPropertyResolver - Found key 'sun.cpu.isalist' in [systemProperties] with type [String] and value 'amd64'
17:43:06.176 [Test worker] DEBUG o.s.c.e.PropertySourcesPropertyResolver - Searching for key 'PROCESSOR_LEVEL' in [systemProperties]
17:43:06.176 [Test worker] DEBUG o.s.c.e.PropertySourcesPropertyResolver - Searching for key 'PROCESSOR_LEVEL' in [systemEnvironment]
17:43:06.176 [Test worker] DEBUG o.s.c.e.PropertySourcesPropertyResolver - Found key 'PROCESSOR_LEVEL' in [systemEnvironment] with type [String] and value '6'
17:43:06.176 [Test worker] DEBUG o.s.c.e.PropertySourcesPropertyResolver - Searching for key 'FP_NO_HOST_CHECK' in [systemProperties]
17:43:06.176 [Test worker] DEBUG o.s.c.e.PropertySourcesPropertyResolver - Searching for key 'FP_NO_HOST_CHECK' in [systemEnvironment]
17:43:06.176 [Test worker] DEBUG o.s.c.e.PropertySourcesPropertyResolver - Found key 'FP_NO_HOST_CHECK' in [systemEnvironment] with type [String] and value 'NO'
17:43:06.176 [Test worker] DEBUG o.s.c.e.PropertySourcesPropertyResolver - Searching for key 'SESSIONNAME' in [systemProperties]
17:43:06.176 [Test worker] DEBUG o.s.c.e.PropertySourcesPropertyResolver - Searching for key 'SESSIONNAME' in [systemEnvironment]
17:43:06.176 [Test worker] DEBUG o.s.c.e.PropertySourcesPropertyResolver - Found key 'SESSIONNAME' in [systemEnvironment] with type [String] and value 'Console'
17:43:06.176 [Test worker] DEBUG o.s.c.e.PropertySourcesPropertyResolver - Searching for key 'ALLUSERSPROFILE' in [systemProperties]
17:43:06.176 [Test worker] DEBUG o.s.c.e.PropertySourcesPropertyResolver - Searching for key 'ALLUSERSPROFILE' in [systemEnvironment]
17:43:06.176 [Test worker] DEBUG o.s.c.e.PropertySourcesPropertyResolver - Found key 'ALLUSERSPROFILE' in [systemEnvironment] with type [String] and value 'C:\ProgramData'
17:43:06.176 [Test worker] DEBUG o.s.c.e.PropertySourcesPropertyResolver - Searching for key 'PROCESSOR_ARCHITECTURE' in [systemProperties]
17:43:06.176 [Test worker] DEBUG o.s.c.e.PropertySourcesPropertyResolver - Searching for key 'PROCESSOR_ARCHITECTURE' in [systemEnvironment]
17:43:06.176 [Test worker] DEBUG o.s.c.e.PropertySourcesPropertyResolver - Found key 'PROCESSOR_ARCHITECTURE' in [systemEnvironment] with type [String] and value 'AMD64'
17:43:06.176 [Test worker] DEBUG o.s.c.e.PropertySourcesPropertyResolver - Searching for key 'PSModulePath' in [systemProperties]
17:43:06.177 [Test worker] DEBUG o.s.c.e.PropertySourcesPropertyResolver - Searching for key 'PSModulePath' in [systemEnvironment]
17:43:06.177 [Test worker] DEBUG o.s.c.e.PropertySourcesPropertyResolver - Found key 'PSModulePath' in [systemEnvironment] with type [String] and value 'C:\WINDOWS\system32\WindowsPowerShell\v1.0\Modules\'
17:43:06.177 [Test worker] DEBUG o.s.c.e.PropertySourcesPropertyResolver - Searching for key 'SystemDrive' in [systemProperties]
17:43:06.177 [Test worker] DEBUG o.s.c.e.PropertySourcesPropertyResolver - Searching for key 'SystemDrive' in [systemEnvironment]
17:43:06.177 [Test worker] DEBUG o.s.c.e.PropertySourcesPropertyResolver - Found key 'SystemDrive' in [systemEnvironment] with type [String] and value 'C:'
17:43:06.177 [Test worker] DEBUG o.s.c.e.PropertySourcesPropertyResolver - Searching for key 'MAVEN_HOME' in [systemProperties]
17:43:06.177 [Test worker] DEBUG o.s.c.e.PropertySourcesPropertyResolver - Searching for key 'MAVEN_HOME' in [systemEnvironment]
17:43:06.177 [Test worker] DEBUG o.s.c.e.PropertySourcesPropertyResolver - Found key 'MAVEN_HOME' in [systemEnvironment] with type [String] and value 'C:\Program Files\Apache Software Foundation\apache-maven-3.3.3'
17:43:06.177 [Test worker] DEBUG o.s.c.e.PropertySourcesPropertyResolver - Searching for key 'USERNAME' in [systemProperties]
17:43:06.177 [Test worker] DEBUG o.s.c.e.PropertySourcesPropertyResolver - Searching for key 'USERNAME' in [systemEnvironment]
17:43:06.177 [Test worker] DEBUG o.s.c.e.PropertySourcesPropertyResolver - Found key 'USERNAME' in [systemEnvironment] with type [String] and value 'Ilya_Zinkovich'
17:43:06.177 [Test worker] DEBUG o.s.c.e.PropertySourcesPropertyResolver - Searching for key 'TOMCAT_HOME' in [systemProperties]
17:43:06.177 [Test worker] DEBUG o.s.c.e.PropertySourcesPropertyResolver - Searching for key 'TOMCAT_HOME' in [systemEnvironment]
17:43:06.177 [Test worker] DEBUG o.s.c.e.PropertySourcesPropertyResolver - Found key 'TOMCAT_HOME' in [systemEnvironment] with type [String] and value 'D:\Programs\tomcat6'
17:43:06.177 [Test worker] DEBUG o.s.c.e.PropertySourcesPropertyResolver - Searching for key 'USERDNSDOMAIN' in [systemProperties]
17:43:06.177 [Test worker] DEBUG o.s.c.e.PropertySourcesPropertyResolver - Searching for key 'USERDNSDOMAIN' in [systemEnvironment]
17:43:06.177 [Test worker] DEBUG o.s.c.e.PropertySourcesPropertyResolver - Found key 'USERDNSDOMAIN' in [systemEnvironment] with type [String] and value 'MINSK.EPAM.COM'
17:43:06.177 [Test worker] DEBUG o.s.c.e.PropertySourcesPropertyResolver - Searching for key 'ProgramFiles(x86)' in [systemProperties]
17:43:06.177 [Test worker] DEBUG o.s.c.e.PropertySourcesPropertyResolver - Searching for key 'ProgramFiles(x86)' in [systemEnvironment]
17:43:06.177 [Test worker] DEBUG o.s.c.e.PropertySourcesPropertyResolver - Found key 'ProgramFiles(x86)' in [systemEnvironment] with type [String] and value 'C:\Program Files (x86)'
17:43:06.177 [Test worker] DEBUG o.s.c.e.PropertySourcesPropertyResolver - Searching for key 'PATHEXT' in [systemProperties]
17:43:06.177 [Test worker] DEBUG o.s.c.e.PropertySourcesPropertyResolver - Searching for key 'PATHEXT' in [systemEnvironment]
17:43:06.177 [Test worker] DEBUG o.s.c.e.PropertySourcesPropertyResolver - Found key 'PATHEXT' in [systemEnvironment] with type [String] and value '.COM;.EXE;.BAT;.CMD;.VBS;.VBE;.JS;.JSE;.WSF;.WSH;.MSC'
17:43:06.178 [Test worker] DEBUG o.s.c.e.PropertySourcesPropertyResolver - Searching for key 'PYTHON_HOME' in [systemProperties]
17:43:06.178 [Test worker] DEBUG o.s.c.e.PropertySourcesPropertyResolver - Searching for key 'PYTHON_HOME' in [systemEnvironment]
17:43:06.178 [Test worker] DEBUG o.s.c.e.PropertySourcesPropertyResolver - Found key 'PYTHON_HOME' in [systemEnvironment] with type [String] and value 'C:\Program Files\Anaconda2'
17:43:06.178 [Test worker] DEBUG o.s.c.e.PropertySourcesPropertyResolver - Searching for key 'ProgramData' in [systemProperties]
17:43:06.178 [Test worker] DEBUG o.s.c.e.PropertySourcesPropertyResolver - Searching for key 'ProgramData' in [systemEnvironment]
17:43:06.178 [Test worker] DEBUG o.s.c.e.PropertySourcesPropertyResolver - Found key 'ProgramData' in [systemEnvironment] with type [String] and value 'C:\ProgramData'
17:43:06.178 [Test worker] DEBUG o.s.c.e.PropertySourcesPropertyResolver - Searching for key 'ProgramW6432' in [systemProperties]
17:43:06.178 [Test worker] DEBUG o.s.c.e.PropertySourcesPropertyResolver - Searching for key 'ProgramW6432' in [systemEnvironment]
17:43:06.178 [Test worker] DEBUG o.s.c.e.PropertySourcesPropertyResolver - Found key 'ProgramW6432' in [systemEnvironment] with type [String] and value 'C:\Program Files'
17:43:06.178 [Test worker] DEBUG o.s.c.e.PropertySourcesPropertyResolver - Searching for key 'Git' in [systemProperties]
17:43:06.178 [Test worker] DEBUG o.s.c.e.PropertySourcesPropertyResolver - Searching for key 'Git' in [systemEnvironment]
17:43:06.178 [Test worker] DEBUG o.s.c.e.PropertySourcesPropertyResolver - Found key 'Git' in [systemEnvironment] with type [String] and value 'C:\Git'
17:43:06.178 [Test worker] DEBUG o.s.c.e.PropertySourcesPropertyResolver - Searching for key 'HOMEPATH' in [systemProperties]
17:43:06.178 [Test worker] DEBUG o.s.c.e.PropertySourcesPropertyResolver - Searching for key 'HOMEPATH' in [systemEnvironment]
17:43:06.178 [Test worker] DEBUG o.s.c.e.PropertySourcesPropertyResolver - Found key 'HOMEPATH' in [systemEnvironment] with type [String] and value '\Users\Ilya_Zinkovich'
17:43:06.178 [Test worker] DEBUG o.s.c.e.PropertySourcesPropertyResolver - Searching for key 'PROCESSOR_IDENTIFIER' in [systemProperties]
17:43:06.178 [Test worker] DEBUG o.s.c.e.PropertySourcesPropertyResolver - Searching for key 'PROCESSOR_IDENTIFIER' in [systemEnvironment]
17:43:06.178 [Test worker] DEBUG o.s.c.e.PropertySourcesPropertyResolver - Found key 'PROCESSOR_IDENTIFIER' in [systemEnvironment] with type [String] and value 'Intel64 Family 6 Model 60 Stepping 3, GenuineIntel'
17:43:06.178 [Test worker] DEBUG o.s.c.e.PropertySourcesPropertyResolver - Searching for key 'ProgramFiles' in [systemProperties]
17:43:06.178 [Test worker] DEBUG o.s.c.e.PropertySourcesPropertyResolver - Searching for key 'ProgramFiles' in [systemEnvironment]
17:43:06.178 [Test worker] DEBUG o.s.c.e.PropertySourcesPropertyResolver - Found key 'ProgramFiles' in [systemEnvironment] with type [String] and value 'C:\Program Files'
17:43:06.179 [Test worker] DEBUG o.s.c.e.PropertySourcesPropertyResolver - Searching for key 'PUBLIC' in [systemProperties]
17:43:06.179 [Test worker] DEBUG o.s.c.e.PropertySourcesPropertyResolver - Searching for key 'PUBLIC' in [systemEnvironment]
17:43:06.179 [Test worker] DEBUG o.s.c.e.PropertySourcesPropertyResolver - Found key 'PUBLIC' in [systemEnvironment] with type [String] and value 'C:\Users\Public'
17:43:06.179 [Test worker] DEBUG o.s.c.e.PropertySourcesPropertyResolver - Searching for key 'windir' in [systemProperties]
17:43:06.179 [Test worker] DEBUG o.s.c.e.PropertySourcesPropertyResolver - Searching for key 'windir' in [systemEnvironment]
17:43:06.179 [Test worker] DEBUG o.s.c.e.PropertySourcesPropertyResolver - Found key 'windir' in [systemEnvironment] with type [String] and value 'C:\WINDOWS'
17:43:06.179 [Test worker] DEBUG o.s.c.e.PropertySourcesPropertyResolver - Searching for key 'LOCALAPPDATA' in [systemProperties]
17:43:06.179 [Test worker] DEBUG o.s.c.e.PropertySourcesPropertyResolver - Searching for key 'LOCALAPPDATA' in [systemEnvironment]
17:43:06.179 [Test worker] DEBUG o.s.c.e.PropertySourcesPropertyResolver - Found key 'LOCALAPPDATA' in [systemEnvironment] with type [String] and value 'C:\Users\Ilya_Zinkovich\AppData\Local'
17:43:06.179 [Test worker] DEBUG o.s.c.e.PropertySourcesPropertyResolver - Searching for key 'PIP_HOME' in [systemProperties]
17:43:06.179 [Test worker] DEBUG o.s.c.e.PropertySourcesPropertyResolver - Searching for key 'PIP_HOME' in [systemEnvironment]
17:43:06.179 [Test worker] DEBUG o.s.c.e.PropertySourcesPropertyResolver - Found key 'PIP_HOME' in [systemEnvironment] with type [String] and value 'C:\Python27\Scripts'
17:43:06.179 [Test worker] DEBUG o.s.c.e.PropertySourcesPropertyResolver - Searching for key 'USERDOMAIN' in [systemProperties]
17:43:06.179 [Test worker] DEBUG o.s.c.e.PropertySourcesPropertyResolver - Searching for key 'USERDOMAIN' in [systemEnvironment]
17:43:06.179 [Test worker] DEBUG o.s.c.e.PropertySourcesPropertyResolver - Found key 'USERDOMAIN' in [systemEnvironment] with type [String] and value 'MINSK'
17:43:06.179 [Test worker] DEBUG o.s.c.e.PropertySourcesPropertyResolver - Searching for key 'LOGONSERVER' in [systemProperties]
17:43:06.179 [Test worker] DEBUG o.s.c.e.PropertySourcesPropertyResolver - Searching for key 'LOGONSERVER' in [systemEnvironment]
17:43:06.179 [Test worker] DEBUG o.s.c.e.PropertySourcesPropertyResolver - Found key 'LOGONSERVER' in [systemEnvironment] with type [String] and value '\\EPBYMINSA0017'
17:43:06.179 [Test worker] DEBUG o.s.c.e.PropertySourcesPropertyResolver - Searching for key 'JAVA_HOME' in [systemProperties]
17:43:06.179 [Test worker] DEBUG o.s.c.e.PropertySourcesPropertyResolver - Searching for key 'JAVA_HOME' in [systemEnvironment]
17:43:06.179 [Test worker] DEBUG o.s.c.e.PropertySourcesPropertyResolver - Found key 'JAVA_HOME' in [systemEnvironment] with type [String] and value 'C:\Program Files\Java\jdk1.8.0_60'
17:43:06.180 [Test worker] DEBUG o.s.c.e.PropertySourcesPropertyResolver - Searching for key 'GRADLE_HOME' in [systemProperties]
17:43:06.180 [Test worker] DEBUG o.s.c.e.PropertySourcesPropertyResolver - Searching for key 'GRADLE_HOME' in [systemEnvironment]
17:43:06.180 [Test worker] DEBUG o.s.c.e.PropertySourcesPropertyResolver - Found key 'GRADLE_HOME' in [systemEnvironment] with type [String] and value 'C:\Program Files\gradle-2.10'
17:43:06.180 [Test worker] DEBUG o.s.c.e.PropertySourcesPropertyResolver - Searching for key 'ANT_HOME' in [systemProperties]
17:43:06.180 [Test worker] DEBUG o.s.c.e.PropertySourcesPropertyResolver - Searching for key 'ANT_HOME' in [systemEnvironment]
17:43:06.180 [Test worker] DEBUG o.s.c.e.PropertySourcesPropertyResolver - Found key 'ANT_HOME' in [systemEnvironment] with type [String] and value 'C:\Users\Ilya_Zinkovich\Downloads\apache-ant-1.9.6-bin\apache-ant-1.9.6'
17:43:06.180 [Test worker] DEBUG o.s.c.e.PropertySourcesPropertyResolver - Searching for key 'ERLANG_HOME' in [systemProperties]
17:43:06.180 [Test worker] DEBUG o.s.c.e.PropertySourcesPropertyResolver - Searching for key 'ERLANG_HOME' in [systemEnvironment]
17:43:06.180 [Test worker] DEBUG o.s.c.e.PropertySourcesPropertyResolver - Found key 'ERLANG_HOME' in [systemEnvironment] with type [String] and value 'C:\Program Files\erl7.2.1'
17:43:06.180 [Test worker] DEBUG o.s.c.e.PropertySourcesPropertyResolver - Searching for key 'MONGODB_HOME' in [systemProperties]
17:43:06.180 [Test worker] DEBUG o.s.c.e.PropertySourcesPropertyResolver - Searching for key 'MONGODB_HOME' in [systemEnvironment]
17:43:06.180 [Test worker] DEBUG o.s.c.e.PropertySourcesPropertyResolver - Found key 'MONGODB_HOME' in [systemEnvironment] with type [String] and value 'C:\mongodb'
17:43:06.180 [Test worker] DEBUG o.s.c.e.PropertySourcesPropertyResolver - Searching for key 'HADOOP_CLASSPATH' in [systemProperties]
17:43:06.183 [Test worker] DEBUG o.s.c.e.PropertySourcesPropertyResolver - Searching for key 'HADOOP_CLASSPATH' in [systemEnvironment]
17:43:06.183 [Test worker] DEBUG o.s.c.e.PropertySourcesPropertyResolver - Searching for key 'JAVA_HOME' in [systemProperties]
17:43:06.183 [Test worker] DEBUG o.s.c.e.PropertySourcesPropertyResolver - Searching for key 'JAVA_HOME' in [systemEnvironment]
17:43:06.183 [Test worker] DEBUG o.s.c.e.PropertySourcesPropertyResolver - Found key 'JAVA_HOME' in [systemEnvironment] with type [String] and value 'C:\Program Files\Java\jdk1.8.0_60'
17:43:06.183 [Test worker] DEBUG o.s.c.e.PropertySourcesPropertyResolver - Found key 'HADOOP_CLASSPATH' in [systemEnvironment] with type [String] and value 'C:\Program Files\Java\jdk1.8.0_60/lib/tools.jar'
17:43:06.183 [Test worker] DEBUG o.s.c.e.PropertySourcesPropertyResolver - Searching for key 'APPDATA' in [systemProperties]
17:43:06.184 [Test worker] DEBUG o.s.c.e.PropertySourcesPropertyResolver - Searching for key 'APPDATA' in [systemEnvironment]
17:43:06.184 [Test worker] DEBUG o.s.c.e.PropertySourcesPropertyResolver - Found key 'APPDATA' in [systemEnvironment] with type [String] and value 'C:\Users\Ilya_Zinkovich\AppData\Roaming'
17:43:06.184 [Test worker] DEBUG o.s.c.e.PropertySourcesPropertyResolver - Searching for key 'windows_tracing_logfile' in [systemProperties]
17:43:06.184 [Test worker] DEBUG o.s.c.e.PropertySourcesPropertyResolver - Searching for key 'windows_tracing_logfile' in [systemEnvironment]
17:43:06.184 [Test worker] DEBUG o.s.c.e.PropertySourcesPropertyResolver - Found key 'windows_tracing_logfile' in [systemEnvironment] with type [String] and value 'C:\BVTBin\Tests\installpackage\csilogfile.log'
17:43:06.185 [Test worker] DEBUG o.s.c.e.PropertySourcesPropertyResolver - Searching for key 'VBOX_MSI_INSTALL_PATH' in [systemProperties]
17:43:06.185 [Test worker] DEBUG o.s.c.e.PropertySourcesPropertyResolver - Searching for key 'VBOX_MSI_INSTALL_PATH' in [systemEnvironment]
17:43:06.185 [Test worker] DEBUG o.s.c.e.PropertySourcesPropertyResolver - Found key 'VBOX_MSI_INSTALL_PATH' in [systemEnvironment] with type [String] and value 'C:\Program Files\Oracle\VirtualBox\'
17:43:06.185 [Test worker] DEBUG o.s.c.e.PropertySourcesPropertyResolver - Searching for key 'CommonProgramFiles' in [systemProperties]
17:43:06.185 [Test worker] DEBUG o.s.c.e.PropertySourcesPropertyResolver - Searching for key 'CommonProgramFiles' in [systemEnvironment]
17:43:06.185 [Test worker] DEBUG o.s.c.e.PropertySourcesPropertyResolver - Found key 'CommonProgramFiles' in [systemEnvironment] with type [String] and value 'C:\Program Files\Common Files'
17:43:06.185 [Test worker] DEBUG o.s.c.e.PropertySourcesPropertyResolver - Searching for key 'Path' in [systemProperties]
17:43:06.185 [Test worker] DEBUG o.s.c.e.PropertySourcesPropertyResolver - Searching for key 'Path' in [systemEnvironment]
17:43:06.186 [Test worker] DEBUG o.s.c.e.PropertySourcesPropertyResolver - Found key 'Path' in [systemEnvironment] with type [String] and value 'C:\ProgramData\Oracle\Java\javapath;D:\Programs\Oracle\product\11.2.0\dbhome_1\bin;C:\WINDOWS\system32;C:\WINDOWS;C:\WINDOWS\System32\Wbem;C:\WINDOWS\System32\WindowsPowerShell\v1.0\;C:\Program Files\TortoiseSVN\bin;%ANT_HOME\bin;C:\Program Files\Java\jdk1.8.0_60\bin;D:\Programs\tomcat6\bin;C:\Program Files\Apache Software Foundation\apache-maven-3.3.3\bin;C:\Program Files\nodejs\;C:\Program Files\Perforce;C:\Program Files\Perforce\DVCS\;C:\Program Files\gradle-2.10\bin;C:\Program Files (x86)\Skype\Phone\;C:\mongodb\bin;C:\Git\bin;C:\Program Files\Anaconda2;C:\Python27\Scripts;C:\Program Files\Anaconda2;C:\Program Files\Anaconda2\Scripts;C:\Program Files\Anaconda2\Library\bin;C:\Users\Ilya_Zinkovich\AppData\Roaming\npm;C:\Users\Ilya_Zinkovich\AppData\Local\atom\bin'
17:43:06.186 [Test worker] DEBUG o.s.c.e.PropertySourcesPropertyResolver - Searching for key 'OS' in [systemProperties]
17:43:06.186 [Test worker] DEBUG o.s.c.e.PropertySourcesPropertyResolver - Searching for key 'OS' in [systemEnvironment]
17:43:06.186 [Test worker] DEBUG o.s.c.e.PropertySourcesPropertyResolver - Found key 'OS' in [systemEnvironment] with type [String] and value 'Windows_NT'
17:43:06.203 [Test worker] DEBUG o.s.c.e.PropertySourcesPropertyResolver - Searching for key 'windows_tracing_flags' in [systemProperties]
17:43:06.203 [Test worker] DEBUG o.s.c.e.PropertySourcesPropertyResolver - Searching for key 'windows_tracing_flags' in [systemEnvironment]
17:43:06.203 [Test worker] DEBUG o.s.c.e.PropertySourcesPropertyResolver - Found key 'windows_tracing_flags' in [systemEnvironment] with type [String] and value '3'
17:43:06.203 [Test worker] DEBUG o.s.c.e.PropertySourcesPropertyResolver - Searching for key 'COMPUTERNAME' in [systemProperties]
17:43:06.203 [Test worker] DEBUG o.s.c.e.PropertySourcesPropertyResolver - Searching for key 'COMPUTERNAME' in [systemEnvironment]
17:43:06.204 [Test worker] DEBUG o.s.c.e.PropertySourcesPropertyResolver - Found key 'COMPUTERNAME' in [systemEnvironment] with type [String] and value 'EPBYMINW3719'
17:43:06.204 [Test worker] DEBUG o.s.c.e.PropertySourcesPropertyResolver - Searching for key 'CATALINA_HOME' in [systemProperties]
17:43:06.204 [Test worker] DEBUG o.s.c.e.PropertySourcesPropertyResolver - Searching for key 'CATALINA_HOME' in [systemEnvironment]
17:43:06.204 [Test worker] DEBUG o.s.c.e.PropertySourcesPropertyResolver - Found key 'CATALINA_HOME' in [systemEnvironment] with type [String] and value 'D:\Programs\tomcat6'
17:43:06.206 [Test worker] DEBUG o.s.c.e.PropertySourcesPropertyResolver - Searching for key 'PROCESSOR_REVISION' in [systemProperties]
17:43:06.206 [Test worker] DEBUG o.s.c.e.PropertySourcesPropertyResolver - Searching for key 'PROCESSOR_REVISION' in [systemEnvironment]
17:43:06.206 [Test worker] DEBUG o.s.c.e.PropertySourcesPropertyResolver - Found key 'PROCESSOR_REVISION' in [systemEnvironment] with type [String] and value '3c03'
17:43:06.206 [Test worker] DEBUG o.s.c.e.PropertySourcesPropertyResolver - Searching for key 'CommonProgramW6432' in [systemProperties]
17:43:06.207 [Test worker] DEBUG o.s.c.e.PropertySourcesPropertyResolver - Searching for key 'CommonProgramW6432' in [systemEnvironment]
17:43:06.207 [Test worker] DEBUG o.s.c.e.PropertySourcesPropertyResolver - Found key 'CommonProgramW6432' in [systemEnvironment] with type [String] and value 'C:\Program Files\Common Files'
17:43:06.207 [Test worker] DEBUG o.s.c.e.PropertySourcesPropertyResolver - Searching for key 'ComSpec' in [systemProperties]
17:43:06.207 [Test worker] DEBUG o.s.c.e.PropertySourcesPropertyResolver - Searching for key 'ComSpec' in [systemEnvironment]
17:43:06.207 [Test worker] DEBUG o.s.c.e.PropertySourcesPropertyResolver - Found key 'ComSpec' in [systemEnvironment] with type [String] and value 'C:\WINDOWS\system32\cmd.exe'
17:43:06.207 [Test worker] DEBUG o.s.c.e.PropertySourcesPropertyResolver - Searching for key 'UATDATA' in [systemProperties]
17:43:06.208 [Test worker] DEBUG o.s.c.e.PropertySourcesPropertyResolver - Searching for key 'UATDATA' in [systemEnvironment]
17:43:06.208 [Test worker] DEBUG o.s.c.e.PropertySourcesPropertyResolver - Found key 'UATDATA' in [systemEnvironment] with type [String] and value 'C:\WINDOWS\CCM\UATData\D9F8C395-CAB8-491d-B8AC-179A1FE1BE77'
17:43:06.208 [Test worker] DEBUG o.s.c.e.PropertySourcesPropertyResolver - Searching for key 'ORACLE_UNQNAME' in [systemProperties]
17:43:06.208 [Test worker] DEBUG o.s.c.e.PropertySourcesPropertyResolver - Searching for key 'ORACLE_UNQNAME' in [systemEnvironment]
17:43:06.208 [Test worker] DEBUG o.s.c.e.PropertySourcesPropertyResolver - Found key 'ORACLE_UNQNAME' in [systemEnvironment] with type [String] and value 'RO'
17:43:06.208 [Test worker] DEBUG o.s.c.e.PropertySourcesPropertyResolver - Searching for key 'SystemRoot' in [systemProperties]
17:43:06.208 [Test worker] DEBUG o.s.c.e.PropertySourcesPropertyResolver - Searching for key 'SystemRoot' in [systemEnvironment]
17:43:06.209 [Test worker] DEBUG o.s.c.e.PropertySourcesPropertyResolver - Found key 'SystemRoot' in [systemEnvironment] with type [String] and value 'C:\WINDOWS'
17:43:06.209 [Test worker] DEBUG o.s.c.e.PropertySourcesPropertyResolver - Searching for key 'TEMP' in [systemProperties]
17:43:06.209 [Test worker] DEBUG o.s.c.e.PropertySourcesPropertyResolver - Searching for key 'TEMP' in [systemEnvironment]
17:43:06.209 [Test worker] DEBUG o.s.c.e.PropertySourcesPropertyResolver - Found key 'TEMP' in [systemEnvironment] with type [String] and value 'C:\Users\Ilya_Zinkovich\AppData\Local\Temp'
17:43:06.209 [Test worker] DEBUG o.s.c.e.PropertySourcesPropertyResolver - Searching for key 'HOMEDRIVE' in [systemProperties]
17:43:06.209 [Test worker] DEBUG o.s.c.e.PropertySourcesPropertyResolver - Searching for key 'HOMEDRIVE' in [systemEnvironment]
17:43:06.209 [Test worker] DEBUG o.s.c.e.PropertySourcesPropertyResolver - Found key 'HOMEDRIVE' in [systemEnvironment] with type [String] and value 'C:'
17:43:06.209 [Test worker] DEBUG o.s.c.e.PropertySourcesPropertyResolver - Searching for key 'USERPROFILE' in [systemProperties]
17:43:06.210 [Test worker] DEBUG o.s.c.e.PropertySourcesPropertyResolver - Searching for key 'USERPROFILE' in [systemEnvironment]
17:43:06.210 [Test worker] DEBUG o.s.c.e.PropertySourcesPropertyResolver - Found key 'USERPROFILE' in [systemEnvironment] with type [String] and value 'C:\Users\Ilya_Zinkovich'
17:43:06.210 [Test worker] DEBUG o.s.c.e.PropertySourcesPropertyResolver - Searching for key 'TMP' in [systemProperties]
17:43:06.210 [Test worker] DEBUG o.s.c.e.PropertySourcesPropertyResolver - Searching for key 'TMP' in [systemEnvironment]
17:43:06.210 [Test worker] DEBUG o.s.c.e.PropertySourcesPropertyResolver - Found key 'TMP' in [systemEnvironment] with type [String] and value 'C:\Users\Ilya_Zinkovich\AppData\Local\Temp'
17:43:06.210 [Test worker] DEBUG o.s.c.e.PropertySourcesPropertyResolver - Searching for key 'CommonProgramFiles(x86)' in [systemProperties]
17:43:06.210 [Test worker] DEBUG o.s.c.e.PropertySourcesPropertyResolver - Searching for key 'CommonProgramFiles(x86)' in [systemEnvironment]
17:43:06.211 [Test worker] DEBUG o.s.c.e.PropertySourcesPropertyResolver - Found key 'CommonProgramFiles(x86)' in [systemEnvironment] with type [String] and value 'C:\Program Files (x86)\Common Files'
17:43:06.211 [Test worker] DEBUG o.s.c.e.PropertySourcesPropertyResolver - Searching for key 'NUMBER_OF_PROCESSORS' in [systemProperties]
17:43:06.211 [Test worker] DEBUG o.s.c.e.PropertySourcesPropertyResolver - Searching for key 'NUMBER_OF_PROCESSORS' in [systemEnvironment]
17:43:06.211 [Test worker] DEBUG o.s.c.e.PropertySourcesPropertyResolver - Found key 'NUMBER_OF_PROCESSORS' in [systemEnvironment] with type [String] and value '4'
17:43:06.366 [Test worker] DEBUG o.s.c.t.c.AnnotationAttributesReadingVisitor - Failed to class-load type while reading annotation metadata. This is a non-fatal error, but certain annotation metadata may be unavailable.
java.lang.ClassNotFoundException: org.springframework.data.web.config.EnableSpringDataWebSupport
	at java.net.URLClassLoader.findClass(URLClassLoader.java:381)
	at java.lang.ClassLoader.loadClass(ClassLoader.java:424)
	at sun.misc.Launcher$AppClassLoader.loadClass(Launcher.java:331)
	at java.lang.ClassLoader.loadClass(ClassLoader.java:357)
	at org.springframework.core.type.classreading.RecursiveAnnotationAttributesVisitor.visitEnd(RecursiveAnnotationAttributesVisitor.java:47)
	at org.springframework.asm.ClassReader.readAnnotationValues(ClassReader.java:1802)
	at org.springframework.asm.ClassReader.accept(ClassReader.java:642)
	at org.springframework.asm.ClassReader.accept(ClassReader.java:508)
	at org.springframework.core.type.classreading.SimpleMetadataReader.<init>(SimpleMetadataReader.java:64)
	at org.springframework.core.type.classreading.SimpleMetadataReaderFactory.getMetadataReader(SimpleMetadataReaderFactory.java:98)
	at org.springframework.core.type.classreading.CachingMetadataReaderFactory.getMetadataReader(CachingMetadataReaderFactory.java:102)
	at org.springframework.core.type.classreading.SimpleMetadataReaderFactory.getMetadataReader(SimpleMetadataReaderFactory.java:93)
	at org.springframework.boot.autoconfigure.AutoConfigurationSorter$AutoConfigurationClasses.<init>(AutoConfigurationSorter.java:112)
	at org.springframework.boot.autoconfigure.AutoConfigurationSorter.getInPriorityOrder(AutoConfigurationSorter.java:56)
	at org.springframework.boot.autoconfigure.EnableAutoConfigurationImportSelector.sort(EnableAutoConfigurationImportSelector.java:173)
	at org.springframework.boot.autoconfigure.EnableAutoConfigurationImportSelector.selectImports(EnableAutoConfigurationImportSelector.java:82)
	at org.springframework.context.annotation.ConfigurationClassParser.processDeferredImportSelectors(ConfigurationClassParser.java:454)
	at org.springframework.context.annotation.ConfigurationClassParser.parse(ConfigurationClassParser.java:186)
	at org.springframework.context.annotation.ConfigurationClassPostProcessor.processConfigBeanDefinitions(ConfigurationClassPostProcessor.java:321)
	at org.springframework.context.annotation.ConfigurationClassPostProcessor.postProcessBeanDefinitionRegistry(ConfigurationClassPostProcessor.java:243)
	at org.springframework.context.support.PostProcessorRegistrationDelegate.invokeBeanDefinitionRegistryPostProcessors(PostProcessorRegistrationDelegate.java:273)
	at org.springframework.context.support.PostProcessorRegistrationDelegate.invokeBeanFactoryPostProcessors(PostProcessorRegistrationDelegate.java:98)
	at org.springframework.context.support.AbstractApplicationContext.invokeBeanFactoryPostProcessors(AbstractApplicationContext.java:678)
	at org.springframework.context.support.AbstractApplicationContext.refresh(AbstractApplicationContext.java:520)
	at org.springframework.test.context.support.AbstractGenericContextLoader.loadContext(AbstractGenericContextLoader.java:125)
	at org.springframework.test.context.support.AbstractGenericContextLoader.loadContext(AbstractGenericContextLoader.java:60)
	at org.springframework.test.context.support.AbstractDelegatingSmartContextLoader.delegateLoading(AbstractDelegatingSmartContextLoader.java:109)
	at org.springframework.test.context.support.AbstractDelegatingSmartContextLoader.loadContext(AbstractDelegatingSmartContextLoader.java:261)
	at org.springframework.test.context.cache.DefaultCacheAwareContextLoaderDelegate.loadContextInternal(DefaultCacheAwareContextLoaderDelegate.java:98)
	at org.springframework.test.context.cache.DefaultCacheAwareContextLoaderDelegate.loadContext(DefaultCacheAwareContextLoaderDelegate.java:116)
	at org.springframework.test.context.support.DefaultTestContext.getApplicationContext(DefaultTestContext.java:83)
	at org.springframework.test.context.support.DependencyInjectionTestExecutionListener.injectDependencies(DependencyInjectionTestExecutionListener.java:117)
	at org.springframework.test.context.support.DependencyInjectionTestExecutionListener.prepareTestInstance(DependencyInjectionTestExecutionListener.java:83)
	at org.springframework.test.context.TestContextManager.prepareTestInstance(TestContextManager.java:228)
	at org.springframework.test.context.junit4.SpringJUnit4ClassRunner.createTest(SpringJUnit4ClassRunner.java:230)
	at org.springframework.test.context.junit4.SpringJUnit4ClassRunner$1.runReflectiveCall(SpringJUnit4ClassRunner.java:289)
	at org.junit.internal.runners.model.ReflectiveCallable.run(ReflectiveCallable.java:12)
	at org.springframework.test.context.junit4.SpringJUnit4ClassRunner.methodBlock(SpringJUnit4ClassRunner.java:291)
	at org.springframework.test.context.junit4.SpringJUnit4ClassRunner.runChild(SpringJUnit4ClassRunner.java:249)
	at org.springframework.test.context.junit4.SpringJUnit4ClassRunner.runChild(SpringJUnit4ClassRunner.java:89)
	at org.junit.runners.ParentRunner$3.run(ParentRunner.java:238)
	at org.junit.runners.ParentRunner$1.schedule(ParentRunner.java:63)
	at org.junit.runners.ParentRunner.runChildren(ParentRunner.java:236)
	at org.junit.runners.ParentRunner.access$000(ParentRunner.java:53)
	at org.junit.runners.ParentRunner$2.evaluate(ParentRunner.java:229)
	at org.springframework.test.context.junit4.statements.RunBeforeTestClassCallbacks.evaluate(RunBeforeTestClassCallbacks.java:61)
	at org.springframework.test.context.junit4.statements.RunAfterTestClassCallbacks.evaluate(RunAfterTestClassCallbacks.java:70)
	at org.junit.runners.ParentRunner.run(ParentRunner.java:309)
	at org.springframework.test.context.junit4.SpringJUnit4ClassRunner.run(SpringJUnit4ClassRunner.java:193)
	at org.gradle.api.internal.tasks.testing.junit.JUnitTestClassExecuter.runTestClass(JUnitTestClassExecuter.java:86)
	at org.gradle.api.internal.tasks.testing.junit.JUnitTestClassExecuter.execute(JUnitTestClassExecuter.java:49)
	at org.gradle.api.internal.tasks.testing.junit.JUnitTestClassProcessor.processTestClass(JUnitTestClassProcessor.java:69)
	at org.gradle.api.internal.tasks.testing.SuiteTestClassProcessor.processTestClass(SuiteTestClassProcessor.java:48)
	at sun.reflect.NativeMethodAccessorImpl.invoke0(Native Method)
	at sun.reflect.NativeMethodAccessorImpl.invoke(NativeMethodAccessorImpl.java:62)
	at sun.reflect.DelegatingMethodAccessorImpl.invoke(DelegatingMethodAccessorImpl.java:43)
	at java.lang.reflect.Method.invoke(Method.java:497)
	at org.gradle.messaging.dispatch.ReflectionDispatch.dispatch(ReflectionDispatch.java:35)
	at org.gradle.messaging.dispatch.ReflectionDispatch.dispatch(ReflectionDispatch.java:24)
	at org.gradle.messaging.dispatch.ContextClassLoaderDispatch.dispatch(ContextClassLoaderDispatch.java:32)
	at org.gradle.messaging.dispatch.ProxyDispatchAdapter$DispatchingInvocationHandler.invoke(ProxyDispatchAdapter.java:93)
	at com.sun.proxy.$Proxy2.processTestClass(Unknown Source)
	at org.gradle.api.internal.tasks.testing.worker.TestWorker.processTestClass(TestWorker.java:105)
	at sun.reflect.NativeMethodAccessorImpl.invoke0(Native Method)
	at sun.reflect.NativeMethodAccessorImpl.invoke(NativeMethodAccessorImpl.java:62)
	at sun.reflect.DelegatingMethodAccessorImpl.invoke(DelegatingMethodAccessorImpl.java:43)
	at java.lang.reflect.Method.invoke(Method.java:497)
	at org.gradle.messaging.dispatch.ReflectionDispatch.dispatch(ReflectionDispatch.java:35)
	at org.gradle.messaging.dispatch.ReflectionDispatch.dispatch(ReflectionDispatch.java:24)
	at org.gradle.messaging.remote.internal.hub.MessageHub$Handler.run(MessageHub.java:360)
	at org.gradle.internal.concurrent.DefaultExecutorFactory$StoppableExecutorImpl$1.run(DefaultExecutorFactory.java:64)
	at java.util.concurrent.ThreadPoolExecutor.runWorker(ThreadPoolExecutor.java:1142)
	at java.util.concurrent.ThreadPoolExecutor$Worker.run(ThreadPoolExecutor.java:617)
	at java.lang.Thread.run(Thread.java:745)
17:43:06.497 [Test worker] DEBUG o.s.c.t.c.AnnotationAttributesReadingVisitor - Failed to class-load type while reading annotation metadata. This is a non-fatal error, but certain annotation metadata may be unavailable.
java.lang.ClassNotFoundException: org.springframework.security.config.annotation.web.configuration.EnableWebSecurity
	at java.net.URLClassLoader.findClass(URLClassLoader.java:381)
	at java.lang.ClassLoader.loadClass(ClassLoader.java:424)
	at sun.misc.Launcher$AppClassLoader.loadClass(Launcher.java:331)
	at java.lang.ClassLoader.loadClass(ClassLoader.java:357)
	at org.springframework.core.type.classreading.RecursiveAnnotationAttributesVisitor.visitEnd(RecursiveAnnotationAttributesVisitor.java:47)
	at org.springframework.asm.ClassReader.readAnnotationValues(ClassReader.java:1802)
	at org.springframework.asm.ClassReader.accept(ClassReader.java:642)
	at org.springframework.asm.ClassReader.accept(ClassReader.java:508)
	at org.springframework.core.type.classreading.SimpleMetadataReader.<init>(SimpleMetadataReader.java:64)
	at org.springframework.core.type.classreading.SimpleMetadataReaderFactory.getMetadataReader(SimpleMetadataReaderFactory.java:98)
	at org.springframework.core.type.classreading.CachingMetadataReaderFactory.getMetadataReader(CachingMetadataReaderFactory.java:102)
	at org.springframework.core.type.classreading.SimpleMetadataReaderFactory.getMetadataReader(SimpleMetadataReaderFactory.java:93)
	at org.springframework.boot.autoconfigure.AutoConfigurationSorter$AutoConfigurationClasses.<init>(AutoConfigurationSorter.java:112)
	at org.springframework.boot.autoconfigure.AutoConfigurationSorter.getInPriorityOrder(AutoConfigurationSorter.java:56)
	at org.springframework.boot.autoconfigure.EnableAutoConfigurationImportSelector.sort(EnableAutoConfigurationImportSelector.java:173)
	at org.springframework.boot.autoconfigure.EnableAutoConfigurationImportSelector.selectImports(EnableAutoConfigurationImportSelector.java:82)
	at org.springframework.context.annotation.ConfigurationClassParser.processDeferredImportSelectors(ConfigurationClassParser.java:454)
	at org.springframework.context.annotation.ConfigurationClassParser.parse(ConfigurationClassParser.java:186)
	at org.springframework.context.annotation.ConfigurationClassPostProcessor.processConfigBeanDefinitions(ConfigurationClassPostProcessor.java:321)
	at org.springframework.context.annotation.ConfigurationClassPostProcessor.postProcessBeanDefinitionRegistry(ConfigurationClassPostProcessor.java:243)
	at org.springframework.context.support.PostProcessorRegistrationDelegate.invokeBeanDefinitionRegistryPostProcessors(PostProcessorRegistrationDelegate.java:273)
	at org.springframework.context.support.PostProcessorRegistrationDelegate.invokeBeanFactoryPostProcessors(PostProcessorRegistrationDelegate.java:98)
	at org.springframework.context.support.AbstractApplicationContext.invokeBeanFactoryPostProcessors(AbstractApplicationContext.java:678)
	at org.springframework.context.support.AbstractApplicationContext.refresh(AbstractApplicationContext.java:520)
	at org.springframework.test.context.support.AbstractGenericContextLoader.loadContext(AbstractGenericContextLoader.java:125)
	at org.springframework.test.context.support.AbstractGenericContextLoader.loadContext(AbstractGenericContextLoader.java:60)
	at org.springframework.test.context.support.AbstractDelegatingSmartContextLoader.delegateLoading(AbstractDelegatingSmartContextLoader.java:109)
	at org.springframework.test.context.support.AbstractDelegatingSmartContextLoader.loadContext(AbstractDelegatingSmartContextLoader.java:261)
	at org.springframework.test.context.cache.DefaultCacheAwareContextLoaderDelegate.loadContextInternal(DefaultCacheAwareContextLoaderDelegate.java:98)
	at org.springframework.test.context.cache.DefaultCacheAwareContextLoaderDelegate.loadContext(DefaultCacheAwareContextLoaderDelegate.java:116)
	at org.springframework.test.context.support.DefaultTestContext.getApplicationContext(DefaultTestContext.java:83)
	at org.springframework.test.context.support.DependencyInjectionTestExecutionListener.injectDependencies(DependencyInjectionTestExecutionListener.java:117)
	at org.springframework.test.context.support.DependencyInjectionTestExecutionListener.prepareTestInstance(DependencyInjectionTestExecutionListener.java:83)
	at org.springframework.test.context.TestContextManager.prepareTestInstance(TestContextManager.java:228)
	at org.springframework.test.context.junit4.SpringJUnit4ClassRunner.createTest(SpringJUnit4ClassRunner.java:230)
	at org.springframework.test.context.junit4.SpringJUnit4ClassRunner$1.runReflectiveCall(SpringJUnit4ClassRunner.java:289)
	at org.junit.internal.runners.model.ReflectiveCallable.run(ReflectiveCallable.java:12)
	at org.springframework.test.context.junit4.SpringJUnit4ClassRunner.methodBlock(SpringJUnit4ClassRunner.java:291)
	at org.springframework.test.context.junit4.SpringJUnit4ClassRunner.runChild(SpringJUnit4ClassRunner.java:249)
	at org.springframework.test.context.junit4.SpringJUnit4ClassRunner.runChild(SpringJUnit4ClassRunner.java:89)
	at org.junit.runners.ParentRunner$3.run(ParentRunner.java:238)
	at org.junit.runners.ParentRunner$1.schedule(ParentRunner.java:63)
	at org.junit.runners.ParentRunner.runChildren(ParentRunner.java:236)
	at org.junit.runners.ParentRunner.access$000(ParentRunner.java:53)
	at org.junit.runners.ParentRunner$2.evaluate(ParentRunner.java:229)
	at org.springframework.test.context.junit4.statements.RunBeforeTestClassCallbacks.evaluate(RunBeforeTestClassCallbacks.java:61)
	at org.springframework.test.context.junit4.statements.RunAfterTestClassCallbacks.evaluate(RunAfterTestClassCallbacks.java:70)
	at org.junit.runners.ParentRunner.run(ParentRunner.java:309)
	at org.springframework.test.context.junit4.SpringJUnit4ClassRunner.run(SpringJUnit4ClassRunner.java:193)
	at org.gradle.api.internal.tasks.testing.junit.JUnitTestClassExecuter.runTestClass(JUnitTestClassExecuter.java:86)
	at org.gradle.api.internal.tasks.testing.junit.JUnitTestClassExecuter.execute(JUnitTestClassExecuter.java:49)
	at org.gradle.api.internal.tasks.testing.junit.JUnitTestClassProcessor.processTestClass(JUnitTestClassProcessor.java:69)
	at org.gradle.api.internal.tasks.testing.SuiteTestClassProcessor.processTestClass(SuiteTestClassProcessor.java:48)
	at sun.reflect.NativeMethodAccessorImpl.invoke0(Native Method)
	at sun.reflect.NativeMethodAccessorImpl.invoke(NativeMethodAccessorImpl.java:62)
	at sun.reflect.DelegatingMethodAccessorImpl.invoke(DelegatingMethodAccessorImpl.java:43)
	at java.lang.reflect.Method.invoke(Method.java:497)
	at org.gradle.messaging.dispatch.ReflectionDispatch.dispatch(ReflectionDispatch.java:35)
	at org.gradle.messaging.dispatch.ReflectionDispatch.dispatch(ReflectionDispatch.java:24)
	at org.gradle.messaging.dispatch.ContextClassLoaderDispatch.dispatch(ContextClassLoaderDispatch.java:32)
	at org.gradle.messaging.dispatch.ProxyDispatchAdapter$DispatchingInvocationHandler.invoke(ProxyDispatchAdapter.java:93)
	at com.sun.proxy.$Proxy2.processTestClass(Unknown Source)
	at org.gradle.api.internal.tasks.testing.worker.TestWorker.processTestClass(TestWorker.java:105)
	at sun.reflect.NativeMethodAccessorImpl.invoke0(Native Method)
	at sun.reflect.NativeMethodAccessorImpl.invoke(NativeMethodAccessorImpl.java:62)
	at sun.reflect.DelegatingMethodAccessorImpl.invoke(DelegatingMethodAccessorImpl.java:43)
	at java.lang.reflect.Method.invoke(Method.java:497)
	at org.gradle.messaging.dispatch.ReflectionDispatch.dispatch(ReflectionDispatch.java:35)
	at org.gradle.messaging.dispatch.ReflectionDispatch.dispatch(ReflectionDispatch.java:24)
	at org.gradle.messaging.remote.internal.hub.MessageHub$Handler.run(MessageHub.java:360)
	at org.gradle.internal.concurrent.DefaultExecutorFactory$StoppableExecutorImpl$1.run(DefaultExecutorFactory.java:64)
	at java.util.concurrent.ThreadPoolExecutor.runWorker(ThreadPoolExecutor.java:1142)
	at java.util.concurrent.ThreadPoolExecutor$Worker.run(ThreadPoolExecutor.java:617)
	at java.lang.Thread.run(Thread.java:745)
17:43:06.590 [Test worker] DEBUG o.s.c.t.c.AnnotationAttributesReadingVisitor - Failed to class-load type while reading annotation metadata. This is a non-fatal error, but certain annotation metadata may be unavailable.
java.lang.ClassNotFoundException: org.springframework.data.web.config.EnableSpringDataWebSupport
	at java.net.URLClassLoader.findClass(URLClassLoader.java:381)
	at java.lang.ClassLoader.loadClass(ClassLoader.java:424)
	at sun.misc.Launcher$AppClassLoader.loadClass(Launcher.java:331)
	at java.lang.ClassLoader.loadClass(ClassLoader.java:357)
	at org.springframework.core.type.classreading.RecursiveAnnotationAttributesVisitor.visitEnd(RecursiveAnnotationAttributesVisitor.java:47)
	at org.springframework.asm.ClassReader.readAnnotationValues(ClassReader.java:1802)
	at org.springframework.asm.ClassReader.accept(ClassReader.java:642)
	at org.springframework.asm.ClassReader.accept(ClassReader.java:508)
	at org.springframework.core.type.classreading.SimpleMetadataReader.<init>(SimpleMetadataReader.java:64)
	at org.springframework.core.type.classreading.SimpleMetadataReaderFactory.getMetadataReader(SimpleMetadataReaderFactory.java:98)
	at org.springframework.core.type.classreading.CachingMetadataReaderFactory.getMetadataReader(CachingMetadataReaderFactory.java:102)
	at org.springframework.core.type.classreading.SimpleMetadataReaderFactory.getMetadataReader(SimpleMetadataReaderFactory.java:93)
	at org.springframework.context.annotation.ConfigurationClassParser.asSourceClass(ConfigurationClassParser.java:621)
	at org.springframework.context.annotation.ConfigurationClassParser.asSourceClasses(ConfigurationClassParser.java:603)
	at org.springframework.context.annotation.ConfigurationClassParser.processDeferredImportSelectors(ConfigurationClassParser.java:455)
	at org.springframework.context.annotation.ConfigurationClassParser.parse(ConfigurationClassParser.java:186)
	at org.springframework.context.annotation.ConfigurationClassPostProcessor.processConfigBeanDefinitions(ConfigurationClassPostProcessor.java:321)
	at org.springframework.context.annotation.ConfigurationClassPostProcessor.postProcessBeanDefinitionRegistry(ConfigurationClassPostProcessor.java:243)
	at org.springframework.context.support.PostProcessorRegistrationDelegate.invokeBeanDefinitionRegistryPostProcessors(PostProcessorRegistrationDelegate.java:273)
	at org.springframework.context.support.PostProcessorRegistrationDelegate.invokeBeanFactoryPostProcessors(PostProcessorRegistrationDelegate.java:98)
	at org.springframework.context.support.AbstractApplicationContext.invokeBeanFactoryPostProcessors(AbstractApplicationContext.java:678)
	at org.springframework.context.support.AbstractApplicationContext.refresh(AbstractApplicationContext.java:520)
	at org.springframework.test.context.support.AbstractGenericContextLoader.loadContext(AbstractGenericContextLoader.java:125)
	at org.springframework.test.context.support.AbstractGenericContextLoader.loadContext(AbstractGenericContextLoader.java:60)
	at org.springframework.test.context.support.AbstractDelegatingSmartContextLoader.delegateLoading(AbstractDelegatingSmartContextLoader.java:109)
	at org.springframework.test.context.support.AbstractDelegatingSmartContextLoader.loadContext(AbstractDelegatingSmartContextLoader.java:261)
	at org.springframework.test.context.cache.DefaultCacheAwareContextLoaderDelegate.loadContextInternal(DefaultCacheAwareContextLoaderDelegate.java:98)
	at org.springframework.test.context.cache.DefaultCacheAwareContextLoaderDelegate.loadContext(DefaultCacheAwareContextLoaderDelegate.java:116)
	at org.springframework.test.context.support.DefaultTestContext.getApplicationContext(DefaultTestContext.java:83)
	at org.springframework.test.context.support.DependencyInjectionTestExecutionListener.injectDependencies(DependencyInjectionTestExecutionListener.java:117)
	at org.springframework.test.context.support.DependencyInjectionTestExecutionListener.prepareTestInstance(DependencyInjectionTestExecutionListener.java:83)
	at org.springframework.test.context.TestContextManager.prepareTestInstance(TestContextManager.java:228)
	at org.springframework.test.context.junit4.SpringJUnit4ClassRunner.createTest(SpringJUnit4ClassRunner.java:230)
	at org.springframework.test.context.junit4.SpringJUnit4ClassRunner$1.runReflectiveCall(SpringJUnit4ClassRunner.java:289)
	at org.junit.internal.runners.model.ReflectiveCallable.run(ReflectiveCallable.java:12)
	at org.springframework.test.context.junit4.SpringJUnit4ClassRunner.methodBlock(SpringJUnit4ClassRunner.java:291)
	at org.springframework.test.context.junit4.SpringJUnit4ClassRunner.runChild(SpringJUnit4ClassRunner.java:249)
	at org.springframework.test.context.junit4.SpringJUnit4ClassRunner.runChild(SpringJUnit4ClassRunner.java:89)
	at org.junit.runners.ParentRunner$3.run(ParentRunner.java:238)
	at org.junit.runners.ParentRunner$1.schedule(ParentRunner.java:63)
	at org.junit.runners.ParentRunner.runChildren(ParentRunner.java:236)
	at org.junit.runners.ParentRunner.access$000(ParentRunner.java:53)
	at org.junit.runners.ParentRunner$2.evaluate(ParentRunner.java:229)
	at org.springframework.test.context.junit4.statements.RunBeforeTestClassCallbacks.evaluate(RunBeforeTestClassCallbacks.java:61)
	at org.springframework.test.context.junit4.statements.RunAfterTestClassCallbacks.evaluate(RunAfterTestClassCallbacks.java:70)
	at org.junit.runners.ParentRunner.run(ParentRunner.java:309)
	at org.springframework.test.context.junit4.SpringJUnit4ClassRunner.run(SpringJUnit4ClassRunner.java:193)
	at org.gradle.api.internal.tasks.testing.junit.JUnitTestClassExecuter.runTestClass(JUnitTestClassExecuter.java:86)
	at org.gradle.api.internal.tasks.testing.junit.JUnitTestClassExecuter.execute(JUnitTestClassExecuter.java:49)
	at org.gradle.api.internal.tasks.testing.junit.JUnitTestClassProcessor.processTestClass(JUnitTestClassProcessor.java:69)
	at org.gradle.api.internal.tasks.testing.SuiteTestClassProcessor.processTestClass(SuiteTestClassProcessor.java:48)
	at sun.reflect.NativeMethodAccessorImpl.invoke0(Native Method)
	at sun.reflect.NativeMethodAccessorImpl.invoke(NativeMethodAccessorImpl.java:62)
	at sun.reflect.DelegatingMethodAccessorImpl.invoke(DelegatingMethodAccessorImpl.java:43)
	at java.lang.reflect.Method.invoke(Method.java:497)
	at org.gradle.messaging.dispatch.ReflectionDispatch.dispatch(ReflectionDispatch.java:35)
	at org.gradle.messaging.dispatch.ReflectionDispatch.dispatch(ReflectionDispatch.java:24)
	at org.gradle.messaging.dispatch.ContextClassLoaderDispatch.dispatch(ContextClassLoaderDispatch.java:32)
	at org.gradle.messaging.dispatch.ProxyDispatchAdapter$DispatchingInvocationHandler.invoke(ProxyDispatchAdapter.java:93)
	at com.sun.proxy.$Proxy2.processTestClass(Unknown Source)
	at org.gradle.api.internal.tasks.testing.worker.TestWorker.processTestClass(TestWorker.java:105)
	at sun.reflect.NativeMethodAccessorImpl.invoke0(Native Method)
	at sun.reflect.NativeMethodAccessorImpl.invoke(NativeMethodAccessorImpl.java:62)
	at sun.reflect.DelegatingMethodAccessorImpl.invoke(DelegatingMethodAccessorImpl.java:43)
	at java.lang.reflect.Method.invoke(Method.java:497)
	at org.gradle.messaging.dispatch.ReflectionDispatch.dispatch(ReflectionDispatch.java:35)
	at org.gradle.messaging.dispatch.ReflectionDispatch.dispatch(ReflectionDispatch.java:24)
	at org.gradle.messaging.remote.internal.hub.MessageHub$Handler.run(MessageHub.java:360)
	at org.gradle.internal.concurrent.DefaultExecutorFactory$StoppableExecutorImpl$1.run(DefaultExecutorFactory.java:64)
	at java.util.concurrent.ThreadPoolExecutor.runWorker(ThreadPoolExecutor.java:1142)
	at java.util.concurrent.ThreadPoolExecutor$Worker.run(ThreadPoolExecutor.java:617)
	at java.lang.Thread.run(Thread.java:745)
17:43:06.603 [Test worker] DEBUG o.s.c.t.c.AnnotationAttributesReadingVisitor - Failed to class-load type while reading annotation metadata. This is a non-fatal error, but certain annotation metadata may be unavailable.
java.lang.ClassNotFoundException: org.springframework.security.config.annotation.web.configuration.EnableWebSecurity
	at java.net.URLClassLoader.findClass(URLClassLoader.java:381)
	at java.lang.ClassLoader.loadClass(ClassLoader.java:424)
	at sun.misc.Launcher$AppClassLoader.loadClass(Launcher.java:331)
	at java.lang.ClassLoader.loadClass(ClassLoader.java:357)
	at org.springframework.core.type.classreading.RecursiveAnnotationAttributesVisitor.visitEnd(RecursiveAnnotationAttributesVisitor.java:47)
	at org.springframework.asm.ClassReader.readAnnotationValues(ClassReader.java:1802)
	at org.springframework.asm.ClassReader.accept(ClassReader.java:642)
	at org.springframework.asm.ClassReader.accept(ClassReader.java:508)
	at org.springframework.core.type.classreading.SimpleMetadataReader.<init>(SimpleMetadataReader.java:64)
	at org.springframework.core.type.classreading.SimpleMetadataReaderFactory.getMetadataReader(SimpleMetadataReaderFactory.java:98)
	at org.springframework.core.type.classreading.CachingMetadataReaderFactory.getMetadataReader(CachingMetadataReaderFactory.java:102)
	at org.springframework.core.type.classreading.SimpleMetadataReaderFactory.getMetadataReader(SimpleMetadataReaderFactory.java:93)
	at org.springframework.context.annotation.ConfigurationClassParser.asSourceClass(ConfigurationClassParser.java:621)
	at org.springframework.context.annotation.ConfigurationClassParser.asSourceClasses(ConfigurationClassParser.java:603)
	at org.springframework.context.annotation.ConfigurationClassParser.processDeferredImportSelectors(ConfigurationClassParser.java:455)
	at org.springframework.context.annotation.ConfigurationClassParser.parse(ConfigurationClassParser.java:186)
	at org.springframework.context.annotation.ConfigurationClassPostProcessor.processConfigBeanDefinitions(ConfigurationClassPostProcessor.java:321)
	at org.springframework.context.annotation.ConfigurationClassPostProcessor.postProcessBeanDefinitionRegistry(ConfigurationClassPostProcessor.java:243)
	at org.springframework.context.support.PostProcessorRegistrationDelegate.invokeBeanDefinitionRegistryPostProcessors(PostProcessorRegistrationDelegate.java:273)
	at org.springframework.context.support.PostProcessorRegistrationDelegate.invokeBeanFactoryPostProcessors(PostProcessorRegistrationDelegate.java:98)
	at org.springframework.context.support.AbstractApplicationContext.invokeBeanFactoryPostProcessors(AbstractApplicationContext.java:678)
	at org.springframework.context.support.AbstractApplicationContext.refresh(AbstractApplicationContext.java:520)
	at org.springframework.test.context.support.AbstractGenericContextLoader.loadContext(AbstractGenericContextLoader.java:125)
	at org.springframework.test.context.support.AbstractGenericContextLoader.loadContext(AbstractGenericContextLoader.java:60)
	at org.springframework.test.context.support.AbstractDelegatingSmartContextLoader.delegateLoading(AbstractDelegatingSmartContextLoader.java:109)
	at org.springframework.test.context.support.AbstractDelegatingSmartContextLoader.loadContext(AbstractDelegatingSmartContextLoader.java:261)
	at org.springframework.test.context.cache.DefaultCacheAwareContextLoaderDelegate.loadContextInternal(DefaultCacheAwareContextLoaderDelegate.java:98)
	at org.springframework.test.context.cache.DefaultCacheAwareContextLoaderDelegate.loadContext(DefaultCacheAwareContextLoaderDelegate.java:116)
	at org.springframework.test.context.support.DefaultTestContext.getApplicationContext(DefaultTestContext.java:83)
	at org.springframework.test.context.support.DependencyInjectionTestExecutionListener.injectDependencies(DependencyInjectionTestExecutionListener.java:117)
	at org.springframework.test.context.support.DependencyInjectionTestExecutionListener.prepareTestInstance(DependencyInjectionTestExecutionListener.java:83)
	at org.springframework.test.context.TestContextManager.prepareTestInstance(TestContextManager.java:228)
	at org.springframework.test.context.junit4.SpringJUnit4ClassRunner.createTest(SpringJUnit4ClassRunner.java:230)
	at org.springframework.test.context.junit4.SpringJUnit4ClassRunner$1.runReflectiveCall(SpringJUnit4ClassRunner.java:289)
	at org.junit.internal.runners.model.ReflectiveCallable.run(ReflectiveCallable.java:12)
	at org.springframework.test.context.junit4.SpringJUnit4ClassRunner.methodBlock(SpringJUnit4ClassRunner.java:291)
	at org.springframework.test.context.junit4.SpringJUnit4ClassRunner.runChild(SpringJUnit4ClassRunner.java:249)
	at org.springframework.test.context.junit4.SpringJUnit4ClassRunner.runChild(SpringJUnit4ClassRunner.java:89)
	at org.junit.runners.ParentRunner$3.run(ParentRunner.java:238)
	at org.junit.runners.ParentRunner$1.schedule(ParentRunner.java:63)
	at org.junit.runners.ParentRunner.runChildren(ParentRunner.java:236)
	at org.junit.runners.ParentRunner.access$000(ParentRunner.java:53)
	at org.junit.runners.ParentRunner$2.evaluate(ParentRunner.java:229)
	at org.springframework.test.context.junit4.statements.RunBeforeTestClassCallbacks.evaluate(RunBeforeTestClassCallbacks.java:61)
	at org.springframework.test.context.junit4.statements.RunAfterTestClassCallbacks.evaluate(RunAfterTestClassCallbacks.java:70)
	at org.junit.runners.ParentRunner.run(ParentRunner.java:309)
	at org.springframework.test.context.junit4.SpringJUnit4ClassRunner.run(SpringJUnit4ClassRunner.java:193)
	at org.gradle.api.internal.tasks.testing.junit.JUnitTestClassExecuter.runTestClass(JUnitTestClassExecuter.java:86)
	at org.gradle.api.internal.tasks.testing.junit.JUnitTestClassExecuter.execute(JUnitTestClassExecuter.java:49)
	at org.gradle.api.internal.tasks.testing.junit.JUnitTestClassProcessor.processTestClass(JUnitTestClassProcessor.java:69)
	at org.gradle.api.internal.tasks.testing.SuiteTestClassProcessor.processTestClass(SuiteTestClassProcessor.java:48)
	at sun.reflect.NativeMethodAccessorImpl.invoke0(Native Method)
	at sun.reflect.NativeMethodAccessorImpl.invoke(NativeMethodAccessorImpl.java:62)
	at sun.reflect.DelegatingMethodAccessorImpl.invoke(DelegatingMethodAccessorImpl.java:43)
	at java.lang.reflect.Method.invoke(Method.java:497)
	at org.gradle.messaging.dispatch.ReflectionDispatch.dispatch(ReflectionDispatch.java:35)
	at org.gradle.messaging.dispatch.ReflectionDispatch.dispatch(ReflectionDispatch.java:24)
	at org.gradle.messaging.dispatch.ContextClassLoaderDispatch.dispatch(ContextClassLoaderDispatch.java:32)
	at org.gradle.messaging.dispatch.ProxyDispatchAdapter$DispatchingInvocationHandler.invoke(ProxyDispatchAdapter.java:93)
	at com.sun.proxy.$Proxy2.processTestClass(Unknown Source)
	at org.gradle.api.internal.tasks.testing.worker.TestWorker.processTestClass(TestWorker.java:105)
	at sun.reflect.NativeMethodAccessorImpl.invoke0(Native Method)
	at sun.reflect.NativeMethodAccessorImpl.invoke(NativeMethodAccessorImpl.java:62)
	at sun.reflect.DelegatingMethodAccessorImpl.invoke(DelegatingMethodAccessorImpl.java:43)
	at java.lang.reflect.Method.invoke(Method.java:497)
	at org.gradle.messaging.dispatch.ReflectionDispatch.dispatch(ReflectionDispatch.java:35)
	at org.gradle.messaging.dispatch.ReflectionDispatch.dispatch(ReflectionDispatch.java:24)
	at org.gradle.messaging.remote.internal.hub.MessageHub$Handler.run(MessageHub.java:360)
	at org.gradle.internal.concurrent.DefaultExecutorFactory$StoppableExecutorImpl$1.run(DefaultExecutorFactory.java:64)
	at java.util.concurrent.ThreadPoolExecutor.runWorker(ThreadPoolExecutor.java:1142)
	at java.util.concurrent.ThreadPoolExecutor$Worker.run(ThreadPoolExecutor.java:617)
	at java.lang.Thread.run(Thread.java:745)
17:43:06.611 [Test worker] DEBUG o.s.c.e.PropertySourcesPropertyResolver - Searching for key 'spring.messages.basename' in [systemProperties]
17:43:06.611 [Test worker] DEBUG o.s.c.e.PropertySourcesPropertyResolver - Searching for key 'spring.messages.basename' in [systemEnvironment]
17:43:06.611 [Test worker] DEBUG o.s.c.e.PropertySourcesPropertyResolver - Could not find key 'spring.messages.basename' in any property source. Returning [null]
17:43:06.612 [Test worker] DEBUG o.s.c.i.s.PathMatchingResourcePatternResolver - Resolved classpath location [messages.properties] to resources []
17:43:06.612 [Test worker] DEBUG o.s.b.f.s.DefaultListableBeanFactory - Returning cached instance of singleton bean 'autoConfigurationReport'
17:43:06.617 [Test worker] DEBUG o.s.b.f.s.DefaultListableBeanFactory - Returning cached instance of singleton bean 'autoConfigurationReport'
17:43:06.619 [Test worker] DEBUG o.s.b.f.s.DefaultListableBeanFactory - Returning cached instance of singleton bean 'autoConfigurationReport'
17:43:06.621 [Test worker] DEBUG o.s.b.f.s.DefaultListableBeanFactory - Returning cached instance of singleton bean 'autoConfigurationReport'
17:43:06.621 [Test worker] DEBUG o.s.b.f.s.DefaultListableBeanFactory - Returning cached instance of singleton bean 'autoConfigurationReport'
17:43:06.625 [Test worker] DEBUG o.s.b.f.s.DefaultListableBeanFactory - Returning cached instance of singleton bean 'autoConfigurationReport'
17:43:06.625 [Test worker] DEBUG o.s.b.f.s.DefaultListableBeanFactory - Returning cached instance of singleton bean 'autoConfigurationReport'
17:43:06.626 [Test worker] DEBUG o.s.b.f.s.DefaultListableBeanFactory - Returning cached instance of singleton bean 'autoConfigurationReport'
17:43:06.627 [Test worker] DEBUG o.s.b.f.s.DefaultListableBeanFactory - Returning cached instance of singleton bean 'autoConfigurationReport'
17:43:06.627 [Test worker] DEBUG o.s.b.f.s.DefaultListableBeanFactory - Returning cached instance of singleton bean 'autoConfigurationReport'
17:43:06.627 [Test worker] DEBUG o.s.b.f.s.DefaultListableBeanFactory - Returning cached instance of singleton bean 'autoConfigurationReport'
17:43:06.627 [Test worker] DEBUG o.s.b.f.s.DefaultListableBeanFactory - Returning cached instance of singleton bean 'autoConfigurationReport'
17:43:06.628 [Test worker] DEBUG o.s.b.f.s.DefaultListableBeanFactory - Returning cached instance of singleton bean 'autoConfigurationReport'
17:43:06.632 [Test worker] DEBUG o.s.b.f.s.DefaultListableBeanFactory - Returning cached instance of singleton bean 'autoConfigurationReport'
17:43:06.633 [Test worker] DEBUG o.s.b.f.s.DefaultListableBeanFactory - Returning cached instance of singleton bean 'autoConfigurationReport'
17:43:06.636 [Test worker] DEBUG o.s.b.f.s.DefaultListableBeanFactory - Returning cached instance of singleton bean 'autoConfigurationReport'
17:43:06.636 [Test worker] DEBUG o.s.b.f.s.DefaultListableBeanFactory - Returning cached instance of singleton bean 'autoConfigurationReport'
17:43:06.637 [Test worker] DEBUG o.s.b.f.s.DefaultListableBeanFactory - Returning cached instance of singleton bean 'autoConfigurationReport'
17:43:06.638 [Test worker] DEBUG o.s.b.f.s.DefaultListableBeanFactory - Returning cached instance of singleton bean 'autoConfigurationReport'
17:43:06.638 [Test worker] DEBUG o.s.b.f.s.DefaultListableBeanFactory - Returning cached instance of singleton bean 'autoConfigurationReport'
17:43:06.640 [Test worker] DEBUG o.s.b.f.s.DefaultListableBeanFactory - Returning cached instance of singleton bean 'autoConfigurationReport'
17:43:06.640 [Test worker] DEBUG o.s.b.f.s.DefaultListableBeanFactory - Returning cached instance of singleton bean 'autoConfigurationReport'
17:43:06.640 [Test worker] DEBUG o.s.b.f.s.DefaultListableBeanFactory - Returning cached instance of singleton bean 'autoConfigurationReport'
17:43:06.641 [Test worker] DEBUG o.s.b.f.s.DefaultListableBeanFactory - Returning cached instance of singleton bean 'autoConfigurationReport'
17:43:06.642 [Test worker] DEBUG o.s.b.f.s.DefaultListableBeanFactory - Returning cached instance of singleton bean 'autoConfigurationReport'
17:43:06.644 [Test worker] DEBUG o.s.b.f.s.DefaultListableBeanFactory - Returning cached instance of singleton bean 'autoConfigurationReport'
17:43:06.683 [Test worker] DEBUG o.s.b.f.s.DefaultListableBeanFactory - Returning cached instance of singleton bean 'autoConfigurationReport'
17:43:06.686 [Test worker] DEBUG o.s.b.f.s.DefaultListableBeanFactory - Returning cached instance of singleton bean 'autoConfigurationReport'
17:43:06.687 [Test worker] DEBUG o.s.b.f.s.DefaultListableBeanFactory - Returning cached instance of singleton bean 'autoConfigurationReport'
17:43:06.688 [Test worker] DEBUG o.s.b.f.s.DefaultListableBeanFactory - Returning cached instance of singleton bean 'autoConfigurationReport'
17:43:06.688 [Test worker] DEBUG o.s.b.f.s.DefaultListableBeanFactory - Returning cached instance of singleton bean 'autoConfigurationReport'
17:43:06.689 [Test worker] DEBUG o.s.b.f.s.DefaultListableBeanFactory - Returning cached instance of singleton bean 'autoConfigurationReport'
17:43:06.691 [Test worker] DEBUG o.s.b.f.s.DefaultListableBeanFactory - Returning cached instance of singleton bean 'autoConfigurationReport'
17:43:06.691 [Test worker] DEBUG o.s.b.f.s.DefaultListableBeanFactory - Returning cached instance of singleton bean 'autoConfigurationReport'
17:43:06.692 [Test worker] DEBUG o.s.b.f.s.DefaultListableBeanFactory - Returning cached instance of singleton bean 'autoConfigurationReport'
17:43:06.697 [Test worker] DEBUG o.s.b.f.s.DefaultListableBeanFactory - Returning cached instance of singleton bean 'autoConfigurationReport'
17:43:06.700 [Test worker] DEBUG o.s.b.f.s.DefaultListableBeanFactory - Returning cached instance of singleton bean 'autoConfigurationReport'
17:43:06.701 [Test worker] DEBUG o.s.b.f.s.DefaultListableBeanFactory - Returning cached instance of singleton bean 'autoConfigurationReport'
17:43:06.703 [Test worker] DEBUG o.s.b.f.s.DefaultListableBeanFactory - Returning cached instance of singleton bean 'autoConfigurationReport'
17:43:06.703 [Test worker] DEBUG o.s.b.f.s.DefaultListableBeanFactory - Returning cached instance of singleton bean 'autoConfigurationReport'
17:43:06.704 [Test worker] DEBUG o.s.b.f.s.DefaultListableBeanFactory - Returning cached instance of singleton bean 'autoConfigurationReport'
17:43:06.706 [Test worker] DEBUG o.s.b.f.s.DefaultListableBeanFactory - Returning cached instance of singleton bean 'autoConfigurationReport'
17:43:06.706 [Test worker] DEBUG o.s.b.f.s.DefaultListableBeanFactory - Returning cached instance of singleton bean 'autoConfigurationReport'
17:43:06.707 [Test worker] DEBUG o.s.b.f.s.DefaultListableBeanFactory - Returning cached instance of singleton bean 'autoConfigurationReport'
17:43:06.708 [Test worker] DEBUG o.s.b.f.s.DefaultListableBeanFactory - Returning cached instance of singleton bean 'autoConfigurationReport'
17:43:06.708 [Test worker] DEBUG o.s.b.f.s.DefaultListableBeanFactory - Returning cached instance of singleton bean 'autoConfigurationReport'
17:43:06.709 [Test worker] DEBUG o.s.b.f.s.DefaultListableBeanFactory - Returning cached instance of singleton bean 'autoConfigurationReport'
17:43:06.722 [Test worker] DEBUG o.s.b.f.s.DefaultListableBeanFactory - Returning cached instance of singleton bean 'autoConfigurationReport'
17:43:06.723 [Test worker] DEBUG o.s.b.f.s.DefaultListableBeanFactory - Returning cached instance of singleton bean 'autoConfigurationReport'
17:43:06.724 [Test worker] DEBUG o.s.b.f.s.DefaultListableBeanFactory - Returning cached instance of singleton bean 'autoConfigurationReport'
17:43:06.730 [Test worker] DEBUG o.s.b.f.s.DefaultListableBeanFactory - Returning cached instance of singleton bean 'autoConfigurationReport'
17:43:06.741 [Test worker] DEBUG o.s.b.f.s.DefaultListableBeanFactory - Returning cached instance of singleton bean 'autoConfigurationReport'
17:43:06.744 [Test worker] DEBUG o.s.b.f.s.DefaultListableBeanFactory - Returning cached instance of singleton bean 'autoConfigurationReport'
17:43:06.745 [Test worker] DEBUG o.s.b.f.s.DefaultListableBeanFactory - Returning cached instance of singleton bean 'autoConfigurationReport'
17:43:06.745 [Test worker] DEBUG o.s.b.f.s.DefaultListableBeanFactory - Returning cached instance of singleton bean 'autoConfigurationReport'
17:43:06.747 [Test worker] DEBUG o.s.b.f.s.DefaultListableBeanFactory - Returning cached instance of singleton bean 'autoConfigurationReport'
17:43:06.749 [Test worker] DEBUG o.s.b.f.s.DefaultListableBeanFactory - Returning cached instance of singleton bean 'autoConfigurationReport'
17:43:06.759 [Test worker] DEBUG o.s.b.f.s.DefaultListableBeanFactory - Returning cached instance of singleton bean 'autoConfigurationReport'
17:43:06.759 [Test worker] DEBUG o.s.b.f.s.DefaultListableBeanFactory - Returning cached instance of singleton bean 'autoConfigurationReport'
17:43:06.761 [Test worker] DEBUG o.s.b.f.s.DefaultListableBeanFactory - Returning cached instance of singleton bean 'autoConfigurationReport'
17:43:06.763 [Test worker] DEBUG o.s.b.f.s.DefaultListableBeanFactory - Returning cached instance of singleton bean 'autoConfigurationReport'
17:43:06.763 [Test worker] DEBUG o.s.b.f.s.DefaultListableBeanFactory - Returning cached instance of singleton bean 'autoConfigurationReport'
17:43:06.764 [Test worker] DEBUG o.s.b.f.s.DefaultListableBeanFactory - Returning cached instance of singleton bean 'autoConfigurationReport'
17:43:06.769 [Test worker] DEBUG o.s.b.f.s.DefaultListableBeanFactory - Returning cached instance of singleton bean 'autoConfigurationReport'
17:43:06.776 [Test worker] DEBUG o.s.b.f.s.DefaultListableBeanFactory - Returning cached instance of singleton bean 'autoConfigurationReport'
17:43:06.777 [Test worker] DEBUG o.s.b.f.s.DefaultListableBeanFactory - Returning cached instance of singleton bean 'autoConfigurationReport'
17:43:06.777 [Test worker] DEBUG o.s.b.f.s.DefaultListableBeanFactory - Returning cached instance of singleton bean 'autoConfigurationReport'
17:43:06.778 [Test worker] DEBUG o.s.b.f.s.DefaultListableBeanFactory - Returning cached instance of singleton bean 'autoConfigurationReport'
17:43:06.778 [Test worker] DEBUG o.s.b.f.s.DefaultListableBeanFactory - Returning cached instance of singleton bean 'autoConfigurationReport'
17:43:06.779 [Test worker] DEBUG o.s.b.f.s.DefaultListableBeanFactory - Returning cached instance of singleton bean 'autoConfigurationReport'
17:43:06.781 [Test worker] DEBUG o.s.b.f.s.DefaultListableBeanFactory - Returning cached instance of singleton bean 'autoConfigurationReport'
17:43:06.782 [Test worker] DEBUG o.s.b.f.s.DefaultListableBeanFactory - Returning cached instance of singleton bean 'autoConfigurationReport'
17:43:06.783 [Test worker] DEBUG o.s.b.f.s.DefaultListableBeanFactory - Returning cached instance of singleton bean 'autoConfigurationReport'
17:43:06.784 [Test worker] DEBUG o.s.b.f.s.DefaultListableBeanFactory - Returning cached instance of singleton bean 'autoConfigurationReport'
17:43:06.785 [Test worker] DEBUG o.s.b.f.s.DefaultListableBeanFactory - Returning cached instance of singleton bean 'autoConfigurationReport'
17:43:06.786 [Test worker] DEBUG o.s.b.f.s.DefaultListableBeanFactory - Returning cached instance of singleton bean 'autoConfigurationReport'
17:43:06.786 [Test worker] DEBUG o.s.b.f.s.DefaultListableBeanFactory - Returning cached instance of singleton bean 'autoConfigurationReport'
17:43:06.787 [Test worker] DEBUG o.s.b.f.s.DefaultListableBeanFactory - Returning cached instance of singleton bean 'autoConfigurationReport'
17:43:06.787 [Test worker] DEBUG o.s.b.f.s.DefaultListableBeanFactory - Returning cached instance of singleton bean 'autoConfigurationReport'
17:43:06.788 [Test worker] DEBUG o.s.b.f.s.DefaultListableBeanFactory - Returning cached instance of singleton bean 'autoConfigurationReport'
17:43:06.789 [Test worker] DEBUG o.s.b.f.s.DefaultListableBeanFactory - Returning cached instance of singleton bean 'autoConfigurationReport'
17:43:06.795 [Test worker] DEBUG o.s.b.f.s.DefaultListableBeanFactory - Returning cached instance of singleton bean 'autoConfigurationReport'
17:43:06.796 [Test worker] DEBUG o.s.b.f.s.DefaultListableBeanFactory - Returning cached instance of singleton bean 'autoConfigurationReport'
17:43:06.797 [Test worker] DEBUG o.s.b.f.s.DefaultListableBeanFactory - Returning cached instance of singleton bean 'autoConfigurationReport'
17:43:06.798 [Test worker] DEBUG o.s.b.f.s.DefaultListableBeanFactory - Returning cached instance of singleton bean 'autoConfigurationReport'
17:43:06.799 [Test worker] DEBUG o.s.b.f.s.DefaultListableBeanFactory - Returning cached instance of singleton bean 'autoConfigurationReport'
17:43:06.799 [Test worker] DEBUG o.s.b.f.s.DefaultListableBeanFactory - Returning cached instance of singleton bean 'autoConfigurationReport'
17:43:06.800 [Test worker] DEBUG o.s.b.f.s.DefaultListableBeanFactory - Returning cached instance of singleton bean 'autoConfigurationReport'
17:43:06.800 [Test worker] DEBUG o.s.b.f.s.DefaultListableBeanFactory - Returning cached instance of singleton bean 'autoConfigurationReport'
17:43:06.801 [Test worker] DEBUG o.s.b.f.s.DefaultListableBeanFactory - Returning cached instance of singleton bean 'autoConfigurationReport'
17:43:06.801 [Test worker] DEBUG o.s.b.f.s.DefaultListableBeanFactory - Returning cached instance of singleton bean 'autoConfigurationReport'
17:43:06.802 [Test worker] DEBUG o.s.b.f.s.DefaultListableBeanFactory - Returning cached instance of singleton bean 'autoConfigurationReport'
17:43:06.802 [Test worker] DEBUG o.s.b.f.s.DefaultListableBeanFactory - Returning cached instance of singleton bean 'autoConfigurationReport'
17:43:06.803 [Test worker] DEBUG o.s.b.f.s.DefaultListableBeanFactory - Returning cached instance of singleton bean 'autoConfigurationReport'
17:43:06.803 [Test worker] DEBUG o.s.b.f.s.DefaultListableBeanFactory - Returning cached instance of singleton bean 'autoConfigurationReport'
17:43:06.804 [Test worker] DEBUG o.s.b.f.s.DefaultListableBeanFactory - Returning cached instance of singleton bean 'autoConfigurationReport'
17:43:06.805 [Test worker] DEBUG o.s.b.f.s.DefaultListableBeanFactory - Returning cached instance of singleton bean 'autoConfigurationReport'
17:43:06.806 [Test worker] DEBUG o.s.b.f.s.DefaultListableBeanFactory - Returning cached instance of singleton bean 'autoConfigurationReport'
17:43:06.806 [Test worker] DEBUG o.s.b.f.s.DefaultListableBeanFactory - Returning cached instance of singleton bean 'autoConfigurationReport'
17:43:06.808 [Test worker] DEBUG o.s.b.f.s.DefaultListableBeanFactory - Returning cached instance of singleton bean 'autoConfigurationReport'
17:43:06.808 [Test worker] DEBUG o.s.b.f.s.DefaultListableBeanFactory - Returning cached instance of singleton bean 'autoConfigurationReport'
17:43:06.814 [Test worker] DEBUG o.s.b.f.s.DefaultListableBeanFactory - Returning cached instance of singleton bean 'autoConfigurationReport'
17:43:06.814 [Test worker] DEBUG o.s.b.f.s.DefaultListableBeanFactory - Returning cached instance of singleton bean 'autoConfigurationReport'
17:43:06.819 [Test worker] DEBUG o.s.b.f.s.DefaultListableBeanFactory - Returning cached instance of singleton bean 'autoConfigurationReport'
17:43:06.819 [Test worker] DEBUG o.s.b.f.s.DefaultListableBeanFactory - Returning cached instance of singleton bean 'autoConfigurationReport'
17:43:06.824 [Test worker] DEBUG o.s.c.a.ConfigurationClassBeanDefinitionReader - Registering bean definition for @Bean method by.couriers.operator.AppConfig.mongoClient()
17:43:06.824 [Test worker] DEBUG o.s.c.a.ConfigurationClassBeanDefinitionReader - Registering bean definition for @Bean method by.couriers.operator.AppConfig.mongoDatabase()
17:43:06.824 [Test worker] DEBUG o.s.c.a.ConfigurationClassBeanDefinitionReader - Registering bean definition for @Bean method by.couriers.operator.AppConfig.ordersMongoCollection()
17:43:06.825 [Test worker] DEBUG o.s.c.a.ConfigurationClassBeanDefinitionReader - Registering bean definition for @Bean method by.couriers.operator.AppConfig.orderDAO()
17:43:06.825 [Test worker] DEBUG o.s.c.a.ConfigurationClassBeanDefinitionReader - Registering bean definition for @Bean method by.couriers.operator.AppConfig.morphia()
17:43:06.825 [Test worker] DEBUG o.s.c.a.ConfigurationClassBeanDefinitionReader - Registering bean definition for @Bean method by.couriers.operator.AppConfig.datastore()
17:43:06.825 [Test worker] DEBUG o.s.c.a.ConfigurationClassBeanDefinitionReader - Registering bean definition for @Bean method by.couriers.operator.AppConfig.corsConfigurer()
17:43:06.830 [Test worker] DEBUG o.s.c.a.ConfigurationClassBeanDefinitionReader - Registering bean definition for @Bean method by.couriers.operator.TestConfig.morphia()
17:43:06.871 [Test worker] INFO  o.s.b.f.s.DefaultListableBeanFactory - Overriding bean definition for bean 'morphia' with a different definition: replacing [Root bean: class [null]; scope=; abstract=false; lazyInit=false; autowireMode=3; dependencyCheck=0; autowireCandidate=true; primary=false; factoryBeanName=appConfig; factoryMethodName=morphia; initMethodName=null; destroyMethodName=(inferred); defined in class path resource [by/couriers/operator/AppConfig.class]] with [Root bean: class [null]; scope=; abstract=false; lazyInit=false; autowireMode=3; dependencyCheck=0; autowireCandidate=true; primary=false; factoryBeanName=testConfig; factoryMethodName=morphia; initMethodName=null; destroyMethodName=(inferred); defined in by.couriers.operator.TestConfig]
17:43:06.871 [Test worker] DEBUG o.s.c.a.ConfigurationClassBeanDefinitionReader - Registering bean definition for @Bean method by.couriers.operator.TestConfig.datastore()
17:43:06.871 [Test worker] INFO  o.s.b.f.s.DefaultListableBeanFactory - Overriding bean definition for bean 'datastore' with a different definition: replacing [Root bean: class [null]; scope=; abstract=false; lazyInit=false; autowireMode=3; dependencyCheck=0; autowireCandidate=true; primary=false; factoryBeanName=appConfig; factoryMethodName=datastore; initMethodName=null; destroyMethodName=(inferred); defined in class path resource [by/couriers/operator/AppConfig.class]] with [Root bean: class [null]; scope=; abstract=false; lazyInit=false; autowireMode=3; dependencyCheck=0; autowireCandidate=true; primary=false; factoryBeanName=testConfig; factoryMethodName=datastore; initMethodName=null; destroyMethodName=(inferred); defined in by.couriers.operator.TestConfig]
17:43:06.872 [Test worker] DEBUG o.s.c.a.ConfigurationClassBeanDefinitionReader - Registering bean definition for @Bean method by.couriers.operator.TestConfig.ordersMongoCollection()
17:43:06.872 [Test worker] INFO  o.s.b.f.s.DefaultListableBeanFactory - Overriding bean definition for bean 'ordersMongoCollection' with a different definition: replacing [Root bean: class [null]; scope=; abstract=false; lazyInit=false; autowireMode=3; dependencyCheck=0; autowireCandidate=true; primary=false; factoryBeanName=appConfig; factoryMethodName=ordersMongoCollection; initMethodName=null; destroyMethodName=(inferred); defined in class path resource [by/couriers/operator/AppConfig.class]] with [Root bean: class [null]; scope=; abstract=false; lazyInit=false; autowireMode=3; dependencyCheck=0; autowireCandidate=true; primary=false; factoryBeanName=testConfig; factoryMethodName=ordersMongoCollection; initMethodName=null; destroyMethodName=(inferred); defined in by.couriers.operator.TestConfig]
17:43:06.872 [Test worker] DEBUG o.s.c.a.ConfigurationClassBeanDefinitionReader - Registering bean definition for @Bean method by.couriers.operator.TestConfig.mongoDatabase()
17:43:06.872 [Test worker] INFO  o.s.b.f.s.DefaultListableBeanFactory - Overriding bean definition for bean 'mongoDatabase' with a different definition: replacing [Root bean: class [null]; scope=; abstract=false; lazyInit=false; autowireMode=3; dependencyCheck=0; autowireCandidate=true; primary=false; factoryBeanName=appConfig; factoryMethodName=mongoDatabase; initMethodName=null; destroyMethodName=(inferred); defined in class path resource [by/couriers/operator/AppConfig.class]] with [Root bean: class [null]; scope=; abstract=false; lazyInit=false; autowireMode=3; dependencyCheck=0; autowireCandidate=true; primary=false; factoryBeanName=testConfig; factoryMethodName=mongoDatabase; initMethodName=null; destroyMethodName=(inferred); defined in by.couriers.operator.TestConfig]
17:43:06.872 [Test worker] DEBUG o.s.c.a.ConfigurationClassBeanDefinitionReader - Registering bean definition for @Bean method by.couriers.operator.TestConfig.orderDAO()
17:43:06.872 [Test worker] INFO  o.s.b.f.s.DefaultListableBeanFactory - Overriding bean definition for bean 'orderDAO' with a different definition: replacing [Root bean: class [null]; scope=; abstract=false; lazyInit=false; autowireMode=3; dependencyCheck=0; autowireCandidate=true; primary=false; factoryBeanName=appConfig; factoryMethodName=orderDAO; initMethodName=null; destroyMethodName=(inferred); defined in class path resource [by/couriers/operator/AppConfig.class]] with [Root bean: class [null]; scope=; abstract=false; lazyInit=false; autowireMode=3; dependencyCheck=0; autowireCandidate=true; primary=false; factoryBeanName=testConfig; factoryMethodName=orderDAO; initMethodName=null; destroyMethodName=(inferred); defined in by.couriers.operator.TestConfig]
17:43:06.873 [Test worker] DEBUG o.s.c.a.ConfigurationClassBeanDefinitionReader - Registering bean definition for @Bean method by.couriers.operator.TestConfig.mongoClient()
17:43:06.873 [Test worker] INFO  o.s.b.f.s.DefaultListableBeanFactory - Overriding bean definition for bean 'mongoClient' with a different definition: replacing [Root bean: class [null]; scope=; abstract=false; lazyInit=false; autowireMode=3; dependencyCheck=0; autowireCandidate=true; primary=false; factoryBeanName=appConfig; factoryMethodName=mongoClient; initMethodName=null; destroyMethodName=(inferred); defined in class path resource [by/couriers/operator/AppConfig.class]] with [Root bean: class [null]; scope=; abstract=false; lazyInit=false; autowireMode=3; dependencyCheck=0; autowireCandidate=true; primary=false; factoryBeanName=testConfig; factoryMethodName=mongoClient; initMethodName=null; destroyMethodName=(inferred); defined in by.couriers.operator.TestConfig]
17:43:06.873 [Test worker] DEBUG o.s.c.a.ConfigurationClassBeanDefinitionReader - Registered bean definition for imported class 'org.springframework.boot.autoconfigure.PropertyPlaceholderAutoConfiguration'
17:43:06.877 [Test worker] DEBUG o.s.b.f.s.DefaultListableBeanFactory - Creating shared instance of singleton bean 'org.springframework.boot.autoconfigure.condition.BeanTypeRegistry'
17:43:06.877 [Test worker] DEBUG o.s.b.f.s.DefaultListableBeanFactory - Creating instance of bean 'org.springframework.boot.autoconfigure.condition.BeanTypeRegistry'
17:43:06.893 [Test worker] DEBUG o.s.b.f.s.DefaultListableBeanFactory - Eagerly caching bean 'org.springframework.boot.autoconfigure.condition.BeanTypeRegistry' to allow for resolving potential circular references
17:43:06.893 [Test worker] DEBUG o.s.b.f.s.DefaultListableBeanFactory - Finished creating instance of bean 'org.springframework.boot.autoconfigure.condition.BeanTypeRegistry'
17:43:06.907 [Test worker] DEBUG o.s.b.f.s.DefaultListableBeanFactory - Returning cached instance of singleton bean 'autoConfigurationReport'
17:43:06.907 [Test worker] DEBUG o.s.c.a.ConfigurationClassBeanDefinitionReader - Registering bean definition for @Bean method org.springframework.boot.autoconfigure.PropertyPlaceholderAutoConfiguration.propertySourcesPlaceholderConfigurer()
17:43:06.907 [Test worker] DEBUG o.s.b.f.s.DefaultListableBeanFactory - Returning cached instance of singleton bean 'autoConfigurationReport'
17:43:06.908 [Test worker] DEBUG o.s.b.f.s.DefaultListableBeanFactory - Returning cached instance of singleton bean 'autoConfigurationReport'
17:43:06.912 [Test worker] DEBUG o.s.c.a.ConfigurationClassBeanDefinitionReader - Registered bean definition for imported class 'org.springframework.boot.autoconfigure.jmx.JmxAutoConfiguration'
17:43:06.913 [Test worker] DEBUG o.s.b.f.s.DefaultListableBeanFactory - Returning cached instance of singleton bean 'org.springframework.boot.autoconfigure.condition.BeanTypeRegistry'
17:43:06.914 [Test worker] DEBUG o.s.b.f.s.DefaultListableBeanFactory - Returning cached instance of singleton bean 'autoConfigurationReport'
17:43:06.914 [Test worker] DEBUG o.s.c.a.ConfigurationClassBeanDefinitionReader - Registering bean definition for @Bean method org.springframework.boot.autoconfigure.jmx.JmxAutoConfiguration.mbeanExporter()
17:43:06.915 [Test worker] DEBUG o.s.b.f.s.DefaultListableBeanFactory - Returning cached instance of singleton bean 'org.springframework.boot.autoconfigure.condition.BeanTypeRegistry'
17:43:06.921 [Test worker] DEBUG o.s.b.f.s.DefaultListableBeanFactory - Returning cached instance of singleton bean 'autoConfigurationReport'
17:43:06.921 [Test worker] DEBUG o.s.c.a.ConfigurationClassBeanDefinitionReader - Registering bean definition for @Bean method org.springframework.boot.autoconfigure.jmx.JmxAutoConfiguration.objectNamingStrategy()
17:43:06.921 [Test worker] DEBUG o.s.b.f.s.DefaultListableBeanFactory - Returning cached instance of singleton bean 'org.springframework.boot.autoconfigure.condition.BeanTypeRegistry'
17:43:06.921 [Test worker] DEBUG o.s.b.f.s.DefaultListableBeanFactory - Returning cached instance of singleton bean 'autoConfigurationReport'
17:43:06.922 [Test worker] DEBUG o.s.c.a.ConfigurationClassBeanDefinitionReader - Registering bean definition for @Bean method org.springframework.boot.autoconfigure.jmx.JmxAutoConfiguration.mbeanServer()
17:43:06.922 [Test worker] DEBUG o.s.b.f.s.DefaultListableBeanFactory - Returning cached instance of singleton bean 'autoConfigurationReport'
17:43:06.923 [Test worker] DEBUG o.s.b.f.s.DefaultListableBeanFactory - Returning cached instance of singleton bean 'org.springframework.boot.autoconfigure.condition.BeanTypeRegistry'
17:43:06.923 [Test worker] DEBUG o.s.b.f.s.DefaultListableBeanFactory - Returning cached instance of singleton bean 'autoConfigurationReport'
17:43:06.924 [Test worker] DEBUG o.s.c.a.ConfigurationClassBeanDefinitionReader - Registered bean definition for imported class 'org.springframework.boot.autoconfigure.context.ConfigurationPropertiesAutoConfiguration'
17:43:06.926 [Test worker] DEBUG o.s.b.f.s.DefaultListableBeanFactory - Returning cached instance of singleton bean 'autoConfigurationReport'
17:43:06.926 [Test worker] DEBUG o.s.b.f.s.DefaultListableBeanFactory - Returning cached instance of singleton bean 'autoConfigurationReport'
17:43:06.927 [Test worker] DEBUG o.s.c.a.ConfigurationClassBeanDefinitionReader - Registered bean definition for imported class 'org.springframework.boot.autoconfigure.mongo.MongoAutoConfiguration'
17:43:06.927 [Test worker] DEBUG o.s.b.f.s.DefaultListableBeanFactory - Returning cached instance of singleton bean 'org.springframework.boot.autoconfigure.condition.BeanTypeRegistry'
17:43:06.928 [Test worker] DEBUG o.s.b.f.s.DefaultListableBeanFactory - Returning cached instance of singleton bean 'autoConfigurationReport'
17:43:06.930 [Test worker] DEBUG o.s.b.f.s.DefaultListableBeanFactory - Returning cached instance of singleton bean 'autoConfigurationReport'
17:43:06.930 [Test worker] DEBUG o.s.b.f.s.DefaultListableBeanFactory - Returning cached instance of singleton bean 'autoConfigurationReport'
17:43:06.931 [Test worker] DEBUG o.s.c.a.ConfigurationClassBeanDefinitionReader - Registered bean definition for imported class 'org.springframework.boot.autoconfigure.jackson.JacksonAutoConfiguration$JacksonObjectMapperBuilderConfiguration'
17:43:06.931 [Test worker] DEBUG o.s.b.f.s.DefaultListableBeanFactory - Returning cached instance of singleton bean 'org.springframework.boot.autoconfigure.condition.BeanTypeRegistry'
17:43:06.931 [Test worker] DEBUG o.s.b.f.s.DefaultListableBeanFactory - Returning cached instance of singleton bean 'autoConfigurationReport'
17:43:06.932 [Test worker] DEBUG o.s.c.a.ConfigurationClassBeanDefinitionReader - Registering bean definition for @Bean method org.springframework.boot.autoconfigure.jackson.JacksonAutoConfiguration$JacksonObjectMapperBuilderConfiguration.jacksonObjectMapperBuilder()
17:43:06.932 [Test worker] DEBUG o.s.b.f.s.DefaultListableBeanFactory - Returning cached instance of singleton bean 'autoConfigurationReport'
17:43:06.932 [Test worker] DEBUG o.s.c.a.ConfigurationClassBeanDefinitionReader - Registered bean definition for imported class 'org.springframework.boot.autoconfigure.jackson.JacksonAutoConfiguration$JacksonObjectMapperConfiguration'
17:43:06.932 [Test worker] DEBUG o.s.b.f.s.DefaultListableBeanFactory - Returning cached instance of singleton bean 'org.springframework.boot.autoconfigure.condition.BeanTypeRegistry'
17:43:06.933 [Test worker] DEBUG o.s.b.f.s.DefaultListableBeanFactory - Returning cached instance of singleton bean 'autoConfigurationReport'
17:43:06.933 [Test worker] DEBUG o.s.c.a.ConfigurationClassBeanDefinitionReader - Registering bean definition for @Bean method org.springframework.boot.autoconfigure.jackson.JacksonAutoConfiguration$JacksonObjectMapperConfiguration.jacksonObjectMapper()
17:43:06.933 [Test worker] DEBUG o.s.c.a.ConfigurationClassBeanDefinitionReader - Registered bean definition for imported class 'org.springframework.boot.autoconfigure.jackson.JacksonAutoConfiguration'
17:43:06.933 [Test worker] DEBUG o.s.b.f.s.DefaultListableBeanFactory - Returning cached instance of singleton bean 'autoConfigurationReport'
17:43:06.933 [Test worker] DEBUG o.s.b.f.s.DefaultListableBeanFactory - Returning cached instance of singleton bean 'autoConfigurationReport'
17:43:06.933 [Test worker] DEBUG o.s.c.a.ConfigurationClassBeanDefinitionReader - Registered bean definition for imported class 'org.springframework.boot.autoconfigure.web.HttpMessageConvertersAutoConfiguration$StringHttpMessageConverterConfiguration'
17:43:06.934 [Test worker] DEBUG o.s.b.f.s.DefaultListableBeanFactory - Returning cached instance of singleton bean 'org.springframework.boot.autoconfigure.condition.BeanTypeRegistry'
17:43:06.935 [Test worker] DEBUG o.s.b.f.s.DefaultListableBeanFactory - Returning cached instance of singleton bean 'autoConfigurationReport'
17:43:06.935 [Test worker] DEBUG o.s.c.a.ConfigurationClassBeanDefinitionReader - Registering bean definition for @Bean method org.springframework.boot.autoconfigure.web.HttpMessageConvertersAutoConfiguration$StringHttpMessageConverterConfiguration.stringHttpMessageConverter()
17:43:06.935 [Test worker] DEBUG o.s.b.f.s.DefaultListableBeanFactory - Returning cached instance of singleton bean 'autoConfigurationReport'
17:43:06.935 [Test worker] DEBUG o.s.b.f.s.DefaultListableBeanFactory - Returning cached instance of singleton bean 'org.springframework.boot.autoconfigure.condition.BeanTypeRegistry'
17:43:06.935 [Test worker] DEBUG o.s.b.f.s.DefaultListableBeanFactory - Returning cached instance of singleton bean 'autoConfigurationReport'
17:43:06.935 [Test worker] DEBUG o.s.b.f.s.DefaultListableBeanFactory - Returning cached instance of singleton bean 'autoConfigurationReport'
17:43:06.936 [Test worker] DEBUG o.s.c.a.ConfigurationClassBeanDefinitionReader - Registered bean definition for imported class 'org.springframework.boot.autoconfigure.web.JacksonHttpMessageConvertersConfiguration$MappingJackson2HttpMessageConverterConfiguration'
17:43:06.937 [Test worker] DEBUG o.s.b.f.s.DefaultListableBeanFactory - Returning cached instance of singleton bean 'org.springframework.boot.autoconfigure.condition.BeanTypeRegistry'
17:43:06.938 [Test worker] DEBUG o.s.b.f.s.DefaultListableBeanFactory - Returning cached instance of singleton bean 'autoConfigurationReport'
17:43:06.939 [Test worker] DEBUG o.s.c.a.ConfigurationClassBeanDefinitionReader - Registering bean definition for @Bean method org.springframework.boot.autoconfigure.web.JacksonHttpMessageConvertersConfiguration$MappingJackson2HttpMessageConverterConfiguration.mappingJackson2HttpMessageConverter()
17:43:06.939 [Test worker] DEBUG o.s.c.a.ConfigurationClassBeanDefinitionReader - Registered bean definition for imported class 'org.springframework.boot.autoconfigure.web.JacksonHttpMessageConvertersConfiguration'
17:43:06.939 [Test worker] DEBUG o.s.c.a.ConfigurationClassBeanDefinitionReader - Registered bean definition for imported class 'org.springframework.boot.autoconfigure.web.HttpMessageConvertersAutoConfiguration'
17:43:06.940 [Test worker] DEBUG o.s.b.f.s.DefaultListableBeanFactory - Returning cached instance of singleton bean 'org.springframework.boot.autoconfigure.condition.BeanTypeRegistry'
17:43:06.941 [Test worker] DEBUG o.s.b.f.s.DefaultListableBeanFactory - Returning cached instance of singleton bean 'autoConfigurationReport'
17:43:06.941 [Test worker] DEBUG o.s.c.a.ConfigurationClassBeanDefinitionReader - Registering bean definition for @Bean method org.springframework.boot.autoconfigure.web.HttpMessageConvertersAutoConfiguration.messageConverters()
17:43:06.941 [Test worker] DEBUG o.s.b.f.s.DefaultListableBeanFactory - Returning cached instance of singleton bean 'autoConfigurationReport'
17:43:06.941 [Test worker] DEBUG o.s.b.f.s.DefaultListableBeanFactory - Returning cached instance of singleton bean 'autoConfigurationReport'
17:43:06.941 [Test worker] DEBUG o.s.c.a.ConfigurationClassBeanDefinitionReader - Registered bean definition for imported class 'org.springframework.boot.autoconfigure.web.HttpEncodingAutoConfiguration'
17:43:06.942 [Test worker] DEBUG o.s.b.f.s.DefaultListableBeanFactory - Returning cached instance of singleton bean 'org.springframework.boot.autoconfigure.condition.BeanTypeRegistry'
17:43:06.942 [Test worker] DEBUG o.s.b.f.s.DefaultListableBeanFactory - Returning cached instance of singleton bean 'autoConfigurationReport'
17:43:06.942 [Test worker] DEBUG o.s.c.a.ConfigurationClassBeanDefinitionReader - Registering bean definition for @Bean method org.springframework.boot.autoconfigure.web.HttpEncodingAutoConfiguration.characterEncodingFilter()
17:43:06.942 [Test worker] DEBUG o.s.b.f.s.DefaultListableBeanFactory - Returning cached instance of singleton bean 'autoConfigurationReport'
17:43:06.943 [Test worker] DEBUG o.s.b.f.s.DefaultListableBeanFactory - Returning cached instance of singleton bean 'autoConfigurationReport'
17:43:06.943 [Test worker] DEBUG o.s.c.a.ConfigurationClassBeanDefinitionReader - Registered bean definition for imported class 'org.springframework.boot.autoconfigure.web.MultipartAutoConfiguration'
17:43:06.943 [Test worker] DEBUG o.s.b.f.s.DefaultListableBeanFactory - Returning cached instance of singleton bean 'org.springframework.boot.autoconfigure.condition.BeanTypeRegistry'
17:43:06.944 [Test worker] DEBUG o.s.b.f.s.DefaultListableBeanFactory - Returning cached instance of singleton bean 'autoConfigurationReport'
17:43:06.944 [Test worker] DEBUG o.s.c.a.ConfigurationClassBeanDefinitionReader - Registering bean definition for @Bean method org.springframework.boot.autoconfigure.web.MultipartAutoConfiguration.multipartConfigElement()
17:43:06.944 [Test worker] DEBUG o.s.b.f.s.DefaultListableBeanFactory - Returning cached instance of singleton bean 'org.springframework.boot.autoconfigure.condition.BeanTypeRegistry'
17:43:06.944 [Test worker] DEBUG o.s.b.f.s.DefaultListableBeanFactory - Returning cached instance of singleton bean 'autoConfigurationReport'
17:43:06.944 [Test worker] DEBUG o.s.c.a.ConfigurationClassBeanDefinitionReader - Registering bean definition for @Bean method org.springframework.boot.autoconfigure.web.MultipartAutoConfiguration.multipartResolver()
17:43:07.010 [Test worker] DEBUG o.s.c.a.ConfigurationClassEnhancer - Successfully enhanced by.couriers.operator.TestConfig; enhanced class name is: by.couriers.operator.TestConfig$$EnhancerBySpringCGLIB$$8264c86c
17:43:07.010 [Test worker] DEBUG o.s.c.a.ConfigurationClassPostProcessor - Replacing bean definition 'testConfig' existing class 'by.couriers.operator.TestConfig' with enhanced class 'by.couriers.operator.TestConfig$$EnhancerBySpringCGLIB$$8264c86c'
17:43:07.016 [Test worker] DEBUG o.s.c.a.ConfigurationClassEnhancer - Successfully enhanced by.couriers.operator.AppConfig; enhanced class name is: by.couriers.operator.AppConfig$$EnhancerBySpringCGLIB$$58f88ee9
17:43:07.016 [Test worker] DEBUG o.s.c.a.ConfigurationClassPostProcessor - Replacing bean definition 'appConfig' existing class 'by.couriers.operator.AppConfig' with enhanced class 'by.couriers.operator.AppConfig$$EnhancerBySpringCGLIB$$58f88ee9'
17:43:07.017 [Test worker] DEBUG o.s.c.a.ConfigurationClassEnhancer - Successfully enhanced org.springframework.boot.autoconfigure.PropertyPlaceholderAutoConfiguration; enhanced class name is: org.springframework.boot.autoconfigure.PropertyPlaceholderAutoConfiguration$$EnhancerBySpringCGLIB$$8422f594
17:43:07.018 [Test worker] DEBUG o.s.c.a.ConfigurationClassPostProcessor - Replacing bean definition 'org.springframework.boot.autoconfigure.PropertyPlaceholderAutoConfiguration' existing class 'org.springframework.boot.autoconfigure.PropertyPlaceholderAutoConfiguration' with enhanced class 'org.springframework.boot.autoconfigure.PropertyPlaceholderAutoConfiguration$$EnhancerBySpringCGLIB$$8422f594'
17:43:07.018 [Test worker] DEBUG o.s.c.a.ConfigurationClassEnhancer - Successfully enhanced org.springframework.boot.autoconfigure.PropertyPlaceholderAutoConfiguration; enhanced class name is: org.springframework.boot.autoconfigure.PropertyPlaceholderAutoConfiguration$$EnhancerBySpringCGLIB$$8422f594
17:43:07.018 [Test worker] DEBUG o.s.c.a.ConfigurationClassPostProcessor - Replacing bean definition 'propertySourcesPlaceholderConfigurer' existing class 'org.springframework.boot.autoconfigure.PropertyPlaceholderAutoConfiguration' with enhanced class 'org.springframework.boot.autoconfigure.PropertyPlaceholderAutoConfiguration$$EnhancerBySpringCGLIB$$8422f594'
17:43:07.021 [Test worker] DEBUG o.s.c.a.ConfigurationClassEnhancer - Successfully enhanced org.springframework.boot.autoconfigure.jmx.JmxAutoConfiguration; enhanced class name is: org.springframework.boot.autoconfigure.jmx.JmxAutoConfiguration$$EnhancerBySpringCGLIB$$ac058ff6
17:43:07.021 [Test worker] DEBUG o.s.c.a.ConfigurationClassPostProcessor - Replacing bean definition 'org.springframework.boot.autoconfigure.jmx.JmxAutoConfiguration' existing class 'org.springframework.boot.autoconfigure.jmx.JmxAutoConfiguration' with enhanced class 'org.springframework.boot.autoconfigure.jmx.JmxAutoConfiguration$$EnhancerBySpringCGLIB$$ac058ff6'
17:43:07.022 [Test worker] DEBUG o.s.c.a.ConfigurationClassEnhancer - Successfully enhanced org.springframework.boot.autoconfigure.context.ConfigurationPropertiesAutoConfiguration; enhanced class name is: org.springframework.boot.autoconfigure.context.ConfigurationPropertiesAutoConfiguration$$EnhancerBySpringCGLIB$$fc7c0de8
17:43:07.022 [Test worker] DEBUG o.s.c.a.ConfigurationClassPostProcessor - Replacing bean definition 'org.springframework.boot.autoconfigure.context.ConfigurationPropertiesAutoConfiguration' existing class 'org.springframework.boot.autoconfigure.context.ConfigurationPropertiesAutoConfiguration' with enhanced class 'org.springframework.boot.autoconfigure.context.ConfigurationPropertiesAutoConfiguration$$EnhancerBySpringCGLIB$$fc7c0de8'
17:43:07.024 [Test worker] DEBUG o.s.c.a.ConfigurationClassEnhancer - Successfully enhanced org.springframework.boot.autoconfigure.mongo.MongoAutoConfiguration; enhanced class name is: org.springframework.boot.autoconfigure.mongo.MongoAutoConfiguration$$EnhancerBySpringCGLIB$$112621f8
17:43:07.025 [Test worker] DEBUG o.s.c.a.ConfigurationClassPostProcessor - Replacing bean definition 'org.springframework.boot.autoconfigure.mongo.MongoAutoConfiguration' existing class 'org.springframework.boot.autoconfigure.mongo.MongoAutoConfiguration' with enhanced class 'org.springframework.boot.autoconfigure.mongo.MongoAutoConfiguration$$EnhancerBySpringCGLIB$$112621f8'
17:43:07.026 [Test worker] DEBUG o.s.c.a.ConfigurationClassEnhancer - Successfully enhanced org.springframework.boot.autoconfigure.jackson.JacksonAutoConfiguration$JacksonObjectMapperBuilderConfiguration; enhanced class name is: org.springframework.boot.autoconfigure.jackson.JacksonAutoConfiguration$JacksonObjectMapperBuilderConfiguration$$EnhancerBySpringCGLIB$$e96b28c4
17:43:07.026 [Test worker] DEBUG o.s.c.a.ConfigurationClassPostProcessor - Replacing bean definition 'org.springframework.boot.autoconfigure.jackson.JacksonAutoConfiguration$JacksonObjectMapperBuilderConfiguration' existing class 'org.springframework.boot.autoconfigure.jackson.JacksonAutoConfiguration$JacksonObjectMapperBuilderConfiguration' with enhanced class 'org.springframework.boot.autoconfigure.jackson.JacksonAutoConfiguration$JacksonObjectMapperBuilderConfiguration$$EnhancerBySpringCGLIB$$e96b28c4'
17:43:07.028 [Test worker] DEBUG o.s.c.a.ConfigurationClassEnhancer - Successfully enhanced org.springframework.boot.autoconfigure.jackson.JacksonAutoConfiguration$JacksonObjectMapperConfiguration; enhanced class name is: org.springframework.boot.autoconfigure.jackson.JacksonAutoConfiguration$JacksonObjectMapperConfiguration$$EnhancerBySpringCGLIB$$ac98b5cb
17:43:07.028 [Test worker] DEBUG o.s.c.a.ConfigurationClassPostProcessor - Replacing bean definition 'org.springframework.boot.autoconfigure.jackson.JacksonAutoConfiguration$JacksonObjectMapperConfiguration' existing class 'org.springframework.boot.autoconfigure.jackson.JacksonAutoConfiguration$JacksonObjectMapperConfiguration' with enhanced class 'org.springframework.boot.autoconfigure.jackson.JacksonAutoConfiguration$JacksonObjectMapperConfiguration$$EnhancerBySpringCGLIB$$ac98b5cb'
17:43:07.029 [Test worker] DEBUG o.s.c.a.ConfigurationClassEnhancer - Successfully enhanced org.springframework.boot.autoconfigure.jackson.JacksonAutoConfiguration; enhanced class name is: org.springframework.boot.autoconfigure.jackson.JacksonAutoConfiguration$$EnhancerBySpringCGLIB$$d1abcd7a
17:43:07.029 [Test worker] DEBUG o.s.c.a.ConfigurationClassPostProcessor - Replacing bean definition 'org.springframework.boot.autoconfigure.jackson.JacksonAutoConfiguration' existing class 'org.springframework.boot.autoconfigure.jackson.JacksonAutoConfiguration' with enhanced class 'org.springframework.boot.autoconfigure.jackson.JacksonAutoConfiguration$$EnhancerBySpringCGLIB$$d1abcd7a'
17:43:07.031 [Test worker] DEBUG o.s.c.a.ConfigurationClassEnhancer - Successfully enhanced org.springframework.boot.autoconfigure.web.HttpMessageConvertersAutoConfiguration$StringHttpMessageConverterConfiguration; enhanced class name is: org.springframework.boot.autoconfigure.web.HttpMessageConvertersAutoConfiguration$StringHttpMessageConverterConfiguration$$EnhancerBySpringCGLIB$$a9c6dd5a
17:43:07.031 [Test worker] DEBUG o.s.c.a.ConfigurationClassPostProcessor - Replacing bean definition 'org.springframework.boot.autoconfigure.web.HttpMessageConvertersAutoConfiguration$StringHttpMessageConverterConfiguration' existing class 'org.springframework.boot.autoconfigure.web.HttpMessageConvertersAutoConfiguration$StringHttpMessageConverterConfiguration' with enhanced class 'org.springframework.boot.autoconfigure.web.HttpMessageConvertersAutoConfiguration$StringHttpMessageConverterConfiguration$$EnhancerBySpringCGLIB$$a9c6dd5a'
17:43:07.032 [Test worker] DEBUG o.s.c.a.ConfigurationClassEnhancer - Successfully enhanced org.springframework.boot.autoconfigure.web.JacksonHttpMessageConvertersConfiguration$MappingJackson2HttpMessageConverterConfiguration; enhanced class name is: org.springframework.boot.autoconfigure.web.JacksonHttpMessageConvertersConfiguration$MappingJackson2HttpMessageConverterConfiguration$$EnhancerBySpringCGLIB$$d957c75a
17:43:07.032 [Test worker] DEBUG o.s.c.a.ConfigurationClassPostProcessor - Replacing bean definition 'org.springframework.boot.autoconfigure.web.JacksonHttpMessageConvertersConfiguration$MappingJackson2HttpMessageConverterConfiguration' existing class 'org.springframework.boot.autoconfigure.web.JacksonHttpMessageConvertersConfiguration$MappingJackson2HttpMessageConverterConfiguration' with enhanced class 'org.springframework.boot.autoconfigure.web.JacksonHttpMessageConvertersConfiguration$MappingJackson2HttpMessageConverterConfiguration$$EnhancerBySpringCGLIB$$d957c75a'
17:43:07.034 [Test worker] DEBUG o.s.c.a.ConfigurationClassEnhancer - Successfully enhanced org.springframework.boot.autoconfigure.web.JacksonHttpMessageConvertersConfiguration; enhanced class name is: org.springframework.boot.autoconfigure.web.JacksonHttpMessageConvertersConfiguration$$EnhancerBySpringCGLIB$$29b38910
17:43:07.034 [Test worker] DEBUG o.s.c.a.ConfigurationClassPostProcessor - Replacing bean definition 'org.springframework.boot.autoconfigure.web.JacksonHttpMessageConvertersConfiguration' existing class 'org.springframework.boot.autoconfigure.web.JacksonHttpMessageConvertersConfiguration' with enhanced class 'org.springframework.boot.autoconfigure.web.JacksonHttpMessageConvertersConfiguration$$EnhancerBySpringCGLIB$$29b38910'
17:43:07.035 [Test worker] DEBUG o.s.c.a.ConfigurationClassEnhancer - Successfully enhanced org.springframework.boot.autoconfigure.web.HttpMessageConvertersAutoConfiguration; enhanced class name is: org.springframework.boot.autoconfigure.web.HttpMessageConvertersAutoConfiguration$$EnhancerBySpringCGLIB$$8ebda6ba
17:43:07.036 [Test worker] DEBUG o.s.c.a.ConfigurationClassPostProcessor - Replacing bean definition 'org.springframework.boot.autoconfigure.web.HttpMessageConvertersAutoConfiguration' existing class 'org.springframework.boot.autoconfigure.web.HttpMessageConvertersAutoConfiguration' with enhanced class 'org.springframework.boot.autoconfigure.web.HttpMessageConvertersAutoConfiguration$$EnhancerBySpringCGLIB$$8ebda6ba'
17:43:07.038 [Test worker] DEBUG o.s.c.a.ConfigurationClassEnhancer - Successfully enhanced org.springframework.boot.autoconfigure.web.HttpEncodingAutoConfiguration; enhanced class name is: org.springframework.boot.autoconfigure.web.HttpEncodingAutoConfiguration$$EnhancerBySpringCGLIB$$caeac1a5
17:43:07.038 [Test worker] DEBUG o.s.c.a.ConfigurationClassPostProcessor - Replacing bean definition 'org.springframework.boot.autoconfigure.web.HttpEncodingAutoConfiguration' existing class 'org.springframework.boot.autoconfigure.web.HttpEncodingAutoConfiguration' with enhanced class 'org.springframework.boot.autoconfigure.web.HttpEncodingAutoConfiguration$$EnhancerBySpringCGLIB$$caeac1a5'
17:43:07.040 [Test worker] DEBUG o.s.c.a.ConfigurationClassEnhancer - Successfully enhanced org.springframework.boot.autoconfigure.web.MultipartAutoConfiguration; enhanced class name is: org.springframework.boot.autoconfigure.web.MultipartAutoConfiguration$$EnhancerBySpringCGLIB$$3d9a96e0
17:43:07.040 [Test worker] DEBUG o.s.c.a.ConfigurationClassPostProcessor - Replacing bean definition 'org.springframework.boot.autoconfigure.web.MultipartAutoConfiguration' existing class 'org.springframework.boot.autoconfigure.web.MultipartAutoConfiguration' with enhanced class 'org.springframework.boot.autoconfigure.web.MultipartAutoConfiguration$$EnhancerBySpringCGLIB$$3d9a96e0'
17:43:07.040 [Test worker] DEBUG o.s.b.f.s.DefaultListableBeanFactory - Creating shared instance of singleton bean 'propertySourcesPlaceholderConfigurer'
17:43:07.040 [Test worker] DEBUG o.s.b.f.s.DefaultListableBeanFactory - Creating instance of bean 'propertySourcesPlaceholderConfigurer'
17:43:07.042 [Test worker] DEBUG o.s.b.f.s.DefaultListableBeanFactory - Eagerly caching bean 'propertySourcesPlaceholderConfigurer' to allow for resolving potential circular references
17:43:07.042 [Test worker] DEBUG o.s.b.f.s.DefaultListableBeanFactory - Finished creating instance of bean 'propertySourcesPlaceholderConfigurer'
17:43:07.043 [Test worker] DEBUG o.s.core.env.MutablePropertySources - Adding [environmentProperties] PropertySource with lowest search precedence
17:43:07.043 [Test worker] DEBUG o.s.core.env.MutablePropertySources - Adding [localProperties] PropertySource with lowest search precedence
17:43:07.045 [Test worker] DEBUG o.s.b.f.s.DefaultListableBeanFactory - Creating shared instance of singleton bean 'org.springframework.boot.context.properties.ConfigurationPropertiesBindingPostProcessor.store'
17:43:07.045 [Test worker] DEBUG o.s.b.f.s.DefaultListableBeanFactory - Creating instance of bean 'org.springframework.boot.context.properties.ConfigurationPropertiesBindingPostProcessor.store'
17:43:07.045 [Test worker] DEBUG o.s.b.f.s.DefaultListableBeanFactory - Eagerly caching bean 'org.springframework.boot.context.properties.ConfigurationPropertiesBindingPostProcessor.store' to allow for resolving potential circular references
17:43:07.045 [Test worker] DEBUG o.s.b.f.s.DefaultListableBeanFactory - Finished creating instance of bean 'org.springframework.boot.context.properties.ConfigurationPropertiesBindingPostProcessor.store'
17:43:07.049 [Test worker] DEBUG o.s.b.f.s.DefaultListableBeanFactory - Creating shared instance of singleton bean 'org.springframework.context.annotation.internalAutowiredAnnotationProcessor'
17:43:07.049 [Test worker] DEBUG o.s.b.f.s.DefaultListableBeanFactory - Creating instance of bean 'org.springframework.context.annotation.internalAutowiredAnnotationProcessor'
17:43:07.049 [Test worker] DEBUG o.s.b.f.s.DefaultListableBeanFactory - Eagerly caching bean 'org.springframework.context.annotation.internalAutowiredAnnotationProcessor' to allow for resolving potential circular references
17:43:07.049 [Test worker] DEBUG o.s.b.f.s.DefaultListableBeanFactory - Finished creating instance of bean 'org.springframework.context.annotation.internalAutowiredAnnotationProcessor'
17:43:07.049 [Test worker] DEBUG o.s.b.f.s.DefaultListableBeanFactory - Creating shared instance of singleton bean 'org.springframework.context.annotation.internalRequiredAnnotationProcessor'
17:43:07.049 [Test worker] DEBUG o.s.b.f.s.DefaultListableBeanFactory - Creating instance of bean 'org.springframework.context.annotation.internalRequiredAnnotationProcessor'
17:43:07.050 [Test worker] DEBUG o.s.b.f.s.DefaultListableBeanFactory - Eagerly caching bean 'org.springframework.context.annotation.internalRequiredAnnotationProcessor' to allow for resolving potential circular references
17:43:07.050 [Test worker] DEBUG o.s.b.f.s.DefaultListableBeanFactory - Finished creating instance of bean 'org.springframework.context.annotation.internalRequiredAnnotationProcessor'
17:43:07.050 [Test worker] DEBUG o.s.b.f.s.DefaultListableBeanFactory - Creating shared instance of singleton bean 'org.springframework.context.annotation.internalCommonAnnotationProcessor'
17:43:07.050 [Test worker] DEBUG o.s.b.f.s.DefaultListableBeanFactory - Creating instance of bean 'org.springframework.context.annotation.internalCommonAnnotationProcessor'
17:43:07.057 [Test worker] DEBUG o.s.b.f.s.DefaultListableBeanFactory - Eagerly caching bean 'org.springframework.context.annotation.internalCommonAnnotationProcessor' to allow for resolving potential circular references
17:43:07.057 [Test worker] DEBUG o.s.b.f.s.DefaultListableBeanFactory - Finished creating instance of bean 'org.springframework.context.annotation.internalCommonAnnotationProcessor'
17:43:07.058 [Test worker] DEBUG o.s.b.f.s.DefaultListableBeanFactory - Creating shared instance of singleton bean 'org.springframework.context.annotation.ConfigurationClassPostProcessor.importAwareProcessor'
17:43:07.058 [Test worker] DEBUG o.s.b.f.s.DefaultListableBeanFactory - Creating instance of bean 'org.springframework.context.annotation.ConfigurationClassPostProcessor.importAwareProcessor'
17:43:07.058 [Test worker] DEBUG o.s.b.f.s.DefaultListableBeanFactory - Eagerly caching bean 'org.springframework.context.annotation.ConfigurationClassPostProcessor.importAwareProcessor' to allow for resolving potential circular references
17:43:07.058 [Test worker] DEBUG o.s.b.f.s.DefaultListableBeanFactory - Finished creating instance of bean 'org.springframework.context.annotation.ConfigurationClassPostProcessor.importAwareProcessor'
17:43:07.058 [Test worker] DEBUG o.s.b.f.s.DefaultListableBeanFactory - Creating shared instance of singleton bean 'org.springframework.context.annotation.ConfigurationClassPostProcessor.enhancedConfigurationProcessor'
17:43:07.058 [Test worker] DEBUG o.s.b.f.s.DefaultListableBeanFactory - Creating instance of bean 'org.springframework.context.annotation.ConfigurationClassPostProcessor.enhancedConfigurationProcessor'
17:43:07.058 [Test worker] DEBUG o.s.b.f.s.DefaultListableBeanFactory - Eagerly caching bean 'org.springframework.context.annotation.ConfigurationClassPostProcessor.enhancedConfigurationProcessor' to allow for resolving potential circular references
17:43:07.058 [Test worker] DEBUG o.s.b.f.s.DefaultListableBeanFactory - Finished creating instance of bean 'org.springframework.context.annotation.ConfigurationClassPostProcessor.enhancedConfigurationProcessor'
17:43:07.058 [Test worker] DEBUG o.s.b.f.s.DefaultListableBeanFactory - Creating shared instance of singleton bean 'org.springframework.boot.context.properties.ConfigurationPropertiesBindingPostProcessor'
17:43:07.058 [Test worker] DEBUG o.s.b.f.s.DefaultListableBeanFactory - Creating instance of bean 'org.springframework.boot.context.properties.ConfigurationPropertiesBindingPostProcessor'
17:43:07.058 [Test worker] DEBUG o.s.core.env.StandardEnvironment - Adding [systemProperties] PropertySource with lowest search precedence
17:43:07.059 [Test worker] DEBUG o.s.core.env.StandardEnvironment - Adding [systemEnvironment] PropertySource with lowest search precedence
17:43:07.059 [Test worker] DEBUG o.s.core.env.StandardEnvironment - Initialized StandardEnvironment with PropertySources [systemProperties,systemEnvironment]
17:43:07.059 [Test worker] DEBUG o.s.b.f.s.DefaultListableBeanFactory - Eagerly caching bean 'org.springframework.boot.context.properties.ConfigurationPropertiesBindingPostProcessor' to allow for resolving potential circular references
17:43:07.059 [Test worker] DEBUG o.s.b.f.s.DefaultListableBeanFactory - Returning cached instance of singleton bean 'org.springframework.boot.context.properties.ConfigurationPropertiesBindingPostProcessor.store'
17:43:07.074 [Test worker] DEBUG o.s.b.f.s.DefaultListableBeanFactory - Invoking afterPropertiesSet() on bean with name 'org.springframework.boot.context.properties.ConfigurationPropertiesBindingPostProcessor'
17:43:07.074 [Test worker] DEBUG o.s.b.f.s.DefaultListableBeanFactory - Returning cached instance of singleton bean 'propertySourcesPlaceholderConfigurer'
17:43:07.075 [Test worker] DEBUG o.s.b.f.s.DefaultListableBeanFactory - Finished creating instance of bean 'org.springframework.boot.context.properties.ConfigurationPropertiesBindingPostProcessor'
17:43:07.077 [Test worker] DEBUG o.s.c.s.GenericApplicationContext - Unable to locate MessageSource with name 'messageSource': using default [org.springframework.context.support.DelegatingMessageSource@37052193]
17:43:07.079 [Test worker] DEBUG o.s.c.s.GenericApplicationContext - Unable to locate ApplicationEventMulticaster with name 'applicationEventMulticaster': using default [org.springframework.context.event.SimpleApplicationEventMulticaster@7b0ade19]
17:43:07.080 [Test worker] DEBUG o.s.b.f.s.DefaultListableBeanFactory - Pre-instantiating singletons in org.springframework.beans.factory.support.DefaultListableBeanFactory@77b329fb: defining beans [org.springframework.context.annotation.internalConfigurationAnnotationProcessor,org.springframework.context.annotation.internalAutowiredAnnotationProcessor,org.springframework.context.annotation.internalRequiredAnnotationProcessor,org.springframework.context.annotation.internalCommonAnnotationProcessor,org.springframework.context.event.internalEventListenerProcessor,org.springframework.context.event.internalEventListenerFactory,testConfig,org.springframework.context.annotation.ConfigurationClassPostProcessor.importAwareProcessor,org.springframework.context.annotation.ConfigurationClassPostProcessor.enhancedConfigurationProcessor,appConfig,orderRepository,orderServiceImpl,operatorController,ordersResource,mongoClient,mongoDatabase,ordersMongoCollection,orderDAO,morphia,datastore,corsConfigurer,org.springframework.boot.autoconfigure.AutoConfigurationPackages,org.springframework.boot.autoconfigure.PropertyPlaceholderAutoConfiguration,org.springframework.boot.autoconfigure.condition.BeanTypeRegistry,propertySourcesPlaceholderConfigurer,org.springframework.boot.autoconfigure.jmx.JmxAutoConfiguration,mbeanExporter,objectNamingStrategy,mbeanServer,org.springframework.boot.autoconfigure.context.ConfigurationPropertiesAutoConfiguration,org.springframework.boot.context.properties.ConfigurationPropertiesBindingPostProcessor,org.springframework.boot.context.properties.ConfigurationPropertiesBindingPostProcessor.store,org.springframework.boot.autoconfigure.mongo.MongoAutoConfiguration,spring.data.mongodb.CONFIGURATION_PROPERTIES,org.springframework.boot.autoconfigure.jackson.JacksonAutoConfiguration$JacksonObjectMapperBuilderConfiguration,jacksonObjectMapperBuilder,spring.jackson.CONFIGURATION_PROPERTIES,org.springframework.boot.autoconfigure.jackson.JacksonAutoConfiguration$JacksonObjectMapperConfiguration,jacksonObjectMapper,org.springframework.boot.autoconfigure.jackson.JacksonAutoConfiguration,org.springframework.boot.autoconfigure.web.HttpMessageConvertersAutoConfiguration$StringHttpMessageConverterConfiguration,stringHttpMessageConverter,spring.http.encoding.CONFIGURATION_PROPERTIES,org.springframework.boot.autoconfigure.web.JacksonHttpMessageConvertersConfiguration$MappingJackson2HttpMessageConverterConfiguration,mappingJackson2HttpMessageConverter,org.springframework.boot.autoconfigure.web.JacksonHttpMessageConvertersConfiguration,org.springframework.boot.autoconfigure.web.HttpMessageConvertersAutoConfiguration,messageConverters,org.springframework.boot.autoconfigure.web.HttpEncodingAutoConfiguration,characterEncodingFilter,org.springframework.boot.autoconfigure.web.MultipartAutoConfiguration,multipartConfigElement,multipartResolver,multipart.CONFIGURATION_PROPERTIES]; root of factory hierarchy
17:43:07.080 [Test worker] DEBUG o.s.b.f.s.DefaultListableBeanFactory - Returning cached instance of singleton bean 'org.springframework.context.annotation.internalConfigurationAnnotationProcessor'
17:43:07.080 [Test worker] DEBUG o.s.b.f.s.DefaultListableBeanFactory - Returning cached instance of singleton bean 'org.springframework.context.annotation.internalAutowiredAnnotationProcessor'
17:43:07.080 [Test worker] DEBUG o.s.b.f.s.DefaultListableBeanFactory - Returning cached instance of singleton bean 'org.springframework.context.annotation.internalRequiredAnnotationProcessor'
17:43:07.080 [Test worker] DEBUG o.s.b.f.s.DefaultListableBeanFactory - Returning cached instance of singleton bean 'org.springframework.context.annotation.internalCommonAnnotationProcessor'
17:43:07.080 [Test worker] DEBUG o.s.b.f.s.DefaultListableBeanFactory - Creating shared instance of singleton bean 'org.springframework.context.event.internalEventListenerProcessor'
17:43:07.080 [Test worker] DEBUG o.s.b.f.s.DefaultListableBeanFactory - Creating instance of bean 'org.springframework.context.event.internalEventListenerProcessor'
17:43:07.085 [Test worker] DEBUG o.s.b.f.s.DefaultListableBeanFactory - Eagerly caching bean 'org.springframework.context.event.internalEventListenerProcessor' to allow for resolving potential circular references
17:43:07.087 [Test worker] DEBUG o.s.b.f.s.DefaultListableBeanFactory - Finished creating instance of bean 'org.springframework.context.event.internalEventListenerProcessor'
17:43:07.087 [Test worker] DEBUG o.s.b.f.s.DefaultListableBeanFactory - Creating shared instance of singleton bean 'org.springframework.context.event.internalEventListenerFactory'
17:43:07.087 [Test worker] DEBUG o.s.b.f.s.DefaultListableBeanFactory - Creating instance of bean 'org.springframework.context.event.internalEventListenerFactory'
17:43:07.088 [Test worker] DEBUG o.s.b.f.s.DefaultListableBeanFactory - Eagerly caching bean 'org.springframework.context.event.internalEventListenerFactory' to allow for resolving potential circular references
17:43:07.089 [Test worker] DEBUG o.s.b.f.s.DefaultListableBeanFactory - Finished creating instance of bean 'org.springframework.context.event.internalEventListenerFactory'
17:43:07.089 [Test worker] DEBUG o.s.b.f.s.DefaultListableBeanFactory - Creating shared instance of singleton bean 'testConfig'
17:43:07.089 [Test worker] DEBUG o.s.b.f.s.DefaultListableBeanFactory - Creating instance of bean 'testConfig'
17:43:07.090 [Test worker] DEBUG o.s.b.f.s.DefaultListableBeanFactory - Eagerly caching bean 'testConfig' to allow for resolving potential circular references
17:43:07.112 [Test worker] DEBUG o.s.b.f.s.DefaultListableBeanFactory - Finished creating instance of bean 'testConfig'
17:43:07.112 [Test worker] DEBUG o.s.b.f.s.DefaultListableBeanFactory - Returning cached instance of singleton bean 'org.springframework.context.annotation.ConfigurationClassPostProcessor.importAwareProcessor'
17:43:07.112 [Test worker] DEBUG o.s.b.f.s.DefaultListableBeanFactory - Returning cached instance of singleton bean 'org.springframework.context.annotation.ConfigurationClassPostProcessor.enhancedConfigurationProcessor'
17:43:07.112 [Test worker] DEBUG o.s.b.f.s.DefaultListableBeanFactory - Creating shared instance of singleton bean 'appConfig'
17:43:07.112 [Test worker] DEBUG o.s.b.f.s.DefaultListableBeanFactory - Creating instance of bean 'appConfig'
17:43:07.113 [Test worker] DEBUG o.s.b.f.s.DefaultListableBeanFactory - Eagerly caching bean 'appConfig' to allow for resolving potential circular references
17:43:07.116 [Test worker] DEBUG o.s.b.f.s.DefaultListableBeanFactory - Finished creating instance of bean 'appConfig'
17:43:07.116 [Test worker] DEBUG o.s.b.f.s.DefaultListableBeanFactory - Creating shared instance of singleton bean 'orderRepository'
17:43:07.116 [Test worker] DEBUG o.s.b.f.s.DefaultListableBeanFactory - Creating instance of bean 'orderRepository'
17:43:07.119 [Test worker] DEBUG o.s.b.f.annotation.InjectionMetadata - Registered injected element on class [by.couriers.operator.dao.OrderRepository]: AutowiredFieldElement for private com.mongodb.client.MongoCollection by.couriers.operator.dao.OrderRepository.ordersCollection
17:43:07.119 [Test worker] DEBUG o.s.b.f.s.DefaultListableBeanFactory - Eagerly caching bean 'orderRepository' to allow for resolving potential circular references
17:43:07.120 [Test worker] DEBUG o.s.b.f.annotation.InjectionMetadata - Processing injected element of bean 'orderRepository': AutowiredFieldElement for private com.mongodb.client.MongoCollection by.couriers.operator.dao.OrderRepository.ordersCollection
17:43:07.128 [Test worker] DEBUG o.s.b.f.s.DefaultListableBeanFactory - Creating shared instance of singleton bean 'ordersMongoCollection'
17:43:07.128 [Test worker] DEBUG o.s.b.f.s.DefaultListableBeanFactory - Creating instance of bean 'ordersMongoCollection'
17:43:07.128 [Test worker] DEBUG o.s.b.f.s.DefaultListableBeanFactory - Returning cached instance of singleton bean 'testConfig'
17:43:07.139 [Test worker] DEBUG o.s.b.f.s.DefaultListableBeanFactory - Creating shared instance of singleton bean 'mongoDatabase'
17:43:07.139 [Test worker] DEBUG o.s.b.f.s.DefaultListableBeanFactory - Creating instance of bean 'mongoDatabase'
17:43:07.139 [Test worker] DEBUG o.s.b.f.s.DefaultListableBeanFactory - Returning cached instance of singleton bean 'testConfig'
17:43:07.139 [Test worker] DEBUG o.s.b.f.s.DefaultListableBeanFactory - Creating shared instance of singleton bean 'mongoClient'
17:43:07.139 [Test worker] DEBUG o.s.b.f.s.DefaultListableBeanFactory - Creating instance of bean 'mongoClient'
17:43:07.139 [Test worker] DEBUG o.s.b.f.s.DefaultListableBeanFactory - Returning cached instance of singleton bean 'testConfig'
17:43:07.375 [Test worker] INFO  org.mongodb.driver.cluster - Cluster created with settings {hosts=[localhost:27017], mode=SINGLE, requiredClusterType=UNKNOWN, serverSelectionTimeout='30000 ms', maxWaitQueueSize=500}
17:43:07.418 [Test worker] DEBUG org.mongodb.driver.cluster - Updating cluster description to  {type=UNKNOWN, servers=[{address=localhost:27017, type=UNKNOWN, state=CONNECTING}]
17:43:07.424 [Test worker] DEBUG o.s.b.f.s.DefaultListableBeanFactory - Eagerly caching bean 'mongoClient' to allow for resolving potential circular references
17:43:07.433 [Test worker] DEBUG o.s.b.f.s.DefaultListableBeanFactory - Finished creating instance of bean 'mongoClient'
17:43:07.435 [Test worker] DEBUG o.s.b.f.s.DefaultListableBeanFactory - Eagerly caching bean 'mongoDatabase' to allow for resolving potential circular references
17:43:07.437 [Test worker] DEBUG o.s.b.f.s.DefaultListableBeanFactory - Finished creating instance of bean 'mongoDatabase'
17:43:07.461 [cluster-ClusterId{value='570a667bd76d16218cad89a6', description='null'}-localhost:27017] INFO  org.mongodb.driver.connection - Opened connection [connectionId{localValue:1, serverValue:118}] to localhost:27017
17:43:07.461 [cluster-ClusterId{value='570a667bd76d16218cad89a6', description='null'}-localhost:27017] DEBUG org.mongodb.driver.cluster - Checking status of localhost:27017
17:43:07.463 [cluster-ClusterId{value='570a667bd76d16218cad89a6', description='null'}-localhost:27017] INFO  org.mongodb.driver.cluster - Monitor thread successfully connected to server with description ServerDescription{address=localhost:27017, type=STANDALONE, state=CONNECTED, ok=true, version=ServerVersion{versionList=[3, 2, 0]}, minWireVersion=0, maxWireVersion=4, maxDocumentSize=16777216, roundTripTimeNanos=1381998}
17:43:07.464 [cluster-ClusterId{value='570a667bd76d16218cad89a6', description='null'}-localhost:27017] DEBUG org.mongodb.driver.cluster - Updating cluster description to  {type=STANDALONE, servers=[{address=localhost:27017, type=STANDALONE, roundTripTime=1.4 ms, state=CONNECTED}]
17:43:07.464 [Test worker] DEBUG o.s.b.f.s.DefaultListableBeanFactory - Eagerly caching bean 'ordersMongoCollection' to allow for resolving potential circular references
17:43:07.471 [Test worker] DEBUG o.s.b.f.s.DefaultListableBeanFactory - Finished creating instance of bean 'ordersMongoCollection'
17:43:07.471 [Test worker] DEBUG o.s.b.f.a.AutowiredAnnotationBeanPostProcessor - Autowiring by type from bean name 'orderRepository' to bean named 'ordersMongoCollection'
17:43:07.472 [Test worker] DEBUG o.s.b.f.s.DefaultListableBeanFactory - Finished creating instance of bean 'orderRepository'
17:43:07.472 [Test worker] DEBUG o.s.b.f.s.DefaultListableBeanFactory - Creating shared instance of singleton bean 'orderServiceImpl'
17:43:07.472 [Test worker] DEBUG o.s.b.f.s.DefaultListableBeanFactory - Creating instance of bean 'orderServiceImpl'
17:43:07.472 [Test worker] DEBUG o.s.b.f.annotation.InjectionMetadata - Registered injected element on class [by.couriers.operator.service.impl.OrderServiceImpl]: AutowiredFieldElement for private by.couriers.operator.dao.OrderDAO by.couriers.operator.service.impl.OrderServiceImpl.orderDAO
17:43:07.472 [Test worker] DEBUG o.s.b.f.s.DefaultListableBeanFactory - Eagerly caching bean 'orderServiceImpl' to allow for resolving potential circular references
17:43:07.474 [Test worker] DEBUG o.s.b.f.annotation.InjectionMetadata - Processing injected element of bean 'orderServiceImpl': AutowiredFieldElement for private by.couriers.operator.dao.OrderDAO by.couriers.operator.service.impl.OrderServiceImpl.orderDAO
17:43:07.474 [Test worker] DEBUG o.s.b.f.s.DefaultListableBeanFactory - Creating shared instance of singleton bean 'orderDAO'
17:43:07.474 [Test worker] DEBUG o.s.b.f.s.DefaultListableBeanFactory - Creating instance of bean 'orderDAO'
17:43:07.474 [Test worker] DEBUG o.s.b.f.s.DefaultListableBeanFactory - Returning cached instance of singleton bean 'testConfig'
17:43:07.475 [Test worker] DEBUG o.s.b.f.s.DefaultListableBeanFactory - Creating shared instance of singleton bean 'datastore'
17:43:07.476 [Test worker] DEBUG o.s.b.f.s.DefaultListableBeanFactory - Creating instance of bean 'datastore'
17:43:07.476 [Test worker] DEBUG o.s.b.f.s.DefaultListableBeanFactory - Returning cached instance of singleton bean 'testConfig'
17:43:07.476 [Test worker] DEBUG o.s.b.f.s.DefaultListableBeanFactory - Creating shared instance of singleton bean 'morphia'
17:43:07.476 [Test worker] DEBUG o.s.b.f.s.DefaultListableBeanFactory - Creating instance of bean 'morphia'
17:43:07.476 [Test worker] DEBUG o.s.b.f.s.DefaultListableBeanFactory - Returning cached instance of singleton bean 'testConfig'
17:43:07.572 [Test worker] DEBUG o.s.b.f.s.DefaultListableBeanFactory - Eagerly caching bean 'morphia' to allow for resolving potential circular references
17:43:07.574 [Test worker] DEBUG o.s.b.f.s.DefaultListableBeanFactory - Finished creating instance of bean 'morphia'
17:43:07.574 [Test worker] DEBUG o.s.b.f.s.DefaultListableBeanFactory - Returning cached instance of singleton bean 'mongoClient'
17:43:07.598 [Test worker] INFO  org.mongodb.driver.connection - Opened connection [connectionId{localValue:2, serverValue:119}] to localhost:27017
17:43:07.649 [Test worker] DEBUG org.mongodb.driver.protocol.delete - Deleting documents from namespace test.Order on connection [connectionId{localValue:2, serverValue:119}] to server localhost:27017
17:43:07.658 [Test worker] DEBUG org.mongodb.driver.protocol.delete - Delete completed
17:43:07.661 [Test worker] DEBUG o.s.b.f.s.DefaultListableBeanFactory - Eagerly caching bean 'datastore' to allow for resolving potential circular references
17:43:07.666 [Test worker] DEBUG o.s.b.f.s.DefaultListableBeanFactory - Finished creating instance of bean 'datastore'
17:43:07.667 [Test worker] DEBUG o.s.b.f.s.DefaultListableBeanFactory - Eagerly caching bean 'orderDAO' to allow for resolving potential circular references
17:43:07.670 [Test worker] DEBUG o.s.b.f.s.DefaultListableBeanFactory - Finished creating instance of bean 'orderDAO'
17:43:07.670 [Test worker] DEBUG o.s.b.f.a.AutowiredAnnotationBeanPostProcessor - Autowiring by type from bean name 'orderServiceImpl' to bean named 'orderDAO'
17:43:07.671 [Test worker] DEBUG o.s.b.f.s.DefaultListableBeanFactory - Finished creating instance of bean 'orderServiceImpl'
17:43:07.671 [Test worker] DEBUG o.s.b.f.s.DefaultListableBeanFactory - Creating shared instance of singleton bean 'operatorController'
17:43:07.671 [Test worker] DEBUG o.s.b.f.s.DefaultListableBeanFactory - Creating instance of bean 'operatorController'
17:43:07.672 [Test worker] DEBUG o.s.b.f.s.DefaultListableBeanFactory - Eagerly caching bean 'operatorController' to allow for resolving potential circular references
17:43:07.674 [Test worker] DEBUG o.s.b.f.s.DefaultListableBeanFactory - Finished creating instance of bean 'operatorController'
17:43:07.675 [Test worker] DEBUG o.s.b.f.s.DefaultListableBeanFactory - Creating shared instance of singleton bean 'ordersResource'
17:43:07.675 [Test worker] DEBUG o.s.b.f.s.DefaultListableBeanFactory - Creating instance of bean 'ordersResource'
17:43:07.675 [Test worker] DEBUG o.s.b.f.annotation.InjectionMetadata - Registered injected element on class [by.couriers.operator.web.OrdersResource]: AutowiredFieldElement for private by.couriers.operator.service.OrderService by.couriers.operator.web.OrdersResource.orderService
17:43:07.675 [Test worker] DEBUG o.s.b.f.s.DefaultListableBeanFactory - Eagerly caching bean 'ordersResource' to allow for resolving potential circular references
17:43:07.676 [Test worker] DEBUG o.s.b.f.annotation.InjectionMetadata - Processing injected element of bean 'ordersResource': AutowiredFieldElement for private by.couriers.operator.service.OrderService by.couriers.operator.web.OrdersResource.orderService
17:43:07.677 [Test worker] DEBUG o.s.b.f.s.DefaultListableBeanFactory - Returning cached instance of singleton bean 'orderServiceImpl'
17:43:07.677 [Test worker] DEBUG o.s.b.f.a.AutowiredAnnotationBeanPostProcessor - Autowiring by type from bean name 'ordersResource' to bean named 'orderServiceImpl'
17:43:07.677 [Test worker] DEBUG o.s.b.f.s.DefaultListableBeanFactory - Finished creating instance of bean 'ordersResource'
17:43:07.677 [Test worker] DEBUG o.s.b.f.s.DefaultListableBeanFactory - Returning cached instance of singleton bean 'mongoClient'
17:43:07.677 [Test worker] DEBUG o.s.b.f.s.DefaultListableBeanFactory - Returning cached instance of singleton bean 'mongoDatabase'
17:43:07.677 [Test worker] DEBUG o.s.b.f.s.DefaultListableBeanFactory - Returning cached instance of singleton bean 'ordersMongoCollection'
17:43:07.677 [Test worker] DEBUG o.s.b.f.s.DefaultListableBeanFactory - Returning cached instance of singleton bean 'orderDAO'
17:43:07.677 [Test worker] DEBUG o.s.b.f.s.DefaultListableBeanFactory - Returning cached instance of singleton bean 'morphia'
17:43:07.677 [Test worker] DEBUG o.s.b.f.s.DefaultListableBeanFactory - Returning cached instance of singleton bean 'datastore'
17:43:07.677 [Test worker] DEBUG o.s.b.f.s.DefaultListableBeanFactory - Creating shared instance of singleton bean 'corsConfigurer'
17:43:07.677 [Test worker] DEBUG o.s.b.f.s.DefaultListableBeanFactory - Creating instance of bean 'corsConfigurer'
17:43:07.677 [Test worker] DEBUG o.s.b.f.s.DefaultListableBeanFactory - Returning cached instance of singleton bean 'appConfig'
17:43:07.686 [Test worker] DEBUG o.s.b.f.s.DefaultListableBeanFactory - Eagerly caching bean 'corsConfigurer' to allow for resolving potential circular references
17:43:07.688 [Test worker] DEBUG o.s.b.f.s.DefaultListableBeanFactory - Finished creating instance of bean 'corsConfigurer'
17:43:07.689 [Test worker] DEBUG o.s.b.f.s.DefaultListableBeanFactory - Creating shared instance of singleton bean 'org.springframework.boot.autoconfigure.AutoConfigurationPackages'
17:43:07.689 [Test worker] DEBUG o.s.b.f.s.DefaultListableBeanFactory - Creating instance of bean 'org.springframework.boot.autoconfigure.AutoConfigurationPackages'
17:43:07.689 [Test worker] DEBUG o.s.b.f.s.DefaultListableBeanFactory - Eagerly caching bean 'org.springframework.boot.autoconfigure.AutoConfigurationPackages' to allow for resolving potential circular references
17:43:07.690 [Test worker] DEBUG o.s.b.f.s.DefaultListableBeanFactory - Finished creating instance of bean 'org.springframework.boot.autoconfigure.AutoConfigurationPackages'
17:43:07.690 [Test worker] DEBUG o.s.b.f.s.DefaultListableBeanFactory - Creating shared instance of singleton bean 'org.springframework.boot.autoconfigure.PropertyPlaceholderAutoConfiguration'
17:43:07.690 [Test worker] DEBUG o.s.b.f.s.DefaultListableBeanFactory - Creating instance of bean 'org.springframework.boot.autoconfigure.PropertyPlaceholderAutoConfiguration'
17:43:07.691 [Test worker] DEBUG o.s.b.f.s.DefaultListableBeanFactory - Eagerly caching bean 'org.springframework.boot.autoconfigure.PropertyPlaceholderAutoConfiguration' to allow for resolving potential circular references
17:43:07.693 [Test worker] DEBUG o.s.b.f.s.DefaultListableBeanFactory - Finished creating instance of bean 'org.springframework.boot.autoconfigure.PropertyPlaceholderAutoConfiguration'
17:43:07.693 [Test worker] DEBUG o.s.b.f.s.DefaultListableBeanFactory - Returning cached instance of singleton bean 'org.springframework.boot.autoconfigure.condition.BeanTypeRegistry'
17:43:07.693 [Test worker] DEBUG o.s.b.f.s.DefaultListableBeanFactory - Returning cached instance of singleton bean 'propertySourcesPlaceholderConfigurer'
17:43:07.693 [Test worker] DEBUG o.s.b.f.s.DefaultListableBeanFactory - Creating shared instance of singleton bean 'org.springframework.boot.autoconfigure.jmx.JmxAutoConfiguration'
17:43:07.693 [Test worker] DEBUG o.s.b.f.s.DefaultListableBeanFactory - Creating instance of bean 'org.springframework.boot.autoconfigure.jmx.JmxAutoConfiguration'
17:43:07.694 [Test worker] DEBUG o.s.b.f.s.DefaultListableBeanFactory - Eagerly caching bean 'org.springframework.boot.autoconfigure.jmx.JmxAutoConfiguration' to allow for resolving potential circular references
17:43:07.701 [Test worker] DEBUG o.s.b.f.s.DefaultListableBeanFactory - Finished creating instance of bean 'org.springframework.boot.autoconfigure.jmx.JmxAutoConfiguration'
17:43:07.701 [Test worker] DEBUG o.s.b.f.s.DefaultListableBeanFactory - Creating shared instance of singleton bean 'mbeanExporter'
17:43:07.701 [Test worker] DEBUG o.s.b.f.s.DefaultListableBeanFactory - Creating instance of bean 'mbeanExporter'
17:43:07.701 [Test worker] DEBUG o.s.b.f.s.DefaultListableBeanFactory - Returning cached instance of singleton bean 'org.springframework.boot.autoconfigure.jmx.JmxAutoConfiguration'
17:43:07.702 [Test worker] DEBUG o.s.b.f.s.DefaultListableBeanFactory - Creating shared instance of singleton bean 'objectNamingStrategy'
17:43:07.702 [Test worker] DEBUG o.s.b.f.s.DefaultListableBeanFactory - Creating instance of bean 'objectNamingStrategy'
17:43:07.703 [Test worker] DEBUG o.s.b.f.s.DefaultListableBeanFactory - Returning cached instance of singleton bean 'org.springframework.boot.autoconfigure.jmx.JmxAutoConfiguration'
17:43:07.704 [Test worker] DEBUG o.s.b.f.s.DefaultListableBeanFactory - Eagerly caching bean 'objectNamingStrategy' to allow for resolving potential circular references
17:43:07.722 [Test worker] DEBUG o.s.b.f.s.DefaultListableBeanFactory - Invoking afterPropertiesSet() on bean with name 'objectNamingStrategy'
17:43:07.723 [Test worker] DEBUG o.s.b.f.s.DefaultListableBeanFactory - Finished creating instance of bean 'objectNamingStrategy'
17:43:07.723 [Test worker] DEBUG o.s.b.f.s.DefaultListableBeanFactory - Autowiring by type from bean name 'mbeanExporter' via factory method to bean named 'objectNamingStrategy'
17:43:07.751 [Test worker] DEBUG o.s.b.f.s.DefaultListableBeanFactory - Creating shared instance of singleton bean 'mbeanServer'
17:43:07.751 [Test worker] DEBUG o.s.b.f.s.DefaultListableBeanFactory - Creating instance of bean 'mbeanServer'
17:43:07.751 [Test worker] DEBUG o.s.b.f.s.DefaultListableBeanFactory - Returning cached instance of singleton bean 'org.springframework.boot.autoconfigure.jmx.JmxAutoConfiguration'
17:43:07.754 [Test worker] DEBUG o.s.jmx.support.JmxUtils - Found MBeanServer: com.sun.jmx.mbeanserver.JmxMBeanServer@354aa4c1
17:43:07.757 [Test worker] DEBUG o.s.b.f.s.DefaultListableBeanFactory - Eagerly caching bean 'mbeanServer' to allow for resolving potential circular references
17:43:07.759 [Test worker] DEBUG o.s.b.f.s.DefaultListableBeanFactory - Finished creating instance of bean 'mbeanServer'
17:43:07.761 [Test worker] DEBUG o.s.b.f.s.DefaultListableBeanFactory - Eagerly caching bean 'mbeanExporter' to allow for resolving potential circular references
17:43:07.767 [Test worker] DEBUG o.s.b.f.s.DefaultListableBeanFactory - Invoking afterPropertiesSet() on bean with name 'mbeanExporter'
17:43:07.767 [Test worker] DEBUG o.s.b.f.s.DefaultListableBeanFactory - Finished creating instance of bean 'mbeanExporter'
17:43:07.767 [Test worker] DEBUG o.s.b.f.s.DefaultListableBeanFactory - Returning cached instance of singleton bean 'objectNamingStrategy'
17:43:07.767 [Test worker] DEBUG o.s.b.f.s.DefaultListableBeanFactory - Returning cached instance of singleton bean 'mbeanServer'
17:43:07.768 [Test worker] DEBUG o.s.b.f.s.DefaultListableBeanFactory - Creating shared instance of singleton bean 'org.springframework.boot.autoconfigure.context.ConfigurationPropertiesAutoConfiguration'
17:43:07.768 [Test worker] DEBUG o.s.b.f.s.DefaultListableBeanFactory - Creating instance of bean 'org.springframework.boot.autoconfigure.context.ConfigurationPropertiesAutoConfiguration'
17:43:07.769 [Test worker] DEBUG o.s.b.f.s.DefaultListableBeanFactory - Eagerly caching bean 'org.springframework.boot.autoconfigure.context.ConfigurationPropertiesAutoConfiguration' to allow for resolving potential circular references
17:43:07.780 [Test worker] DEBUG o.s.b.f.s.DefaultListableBeanFactory - Finished creating instance of bean 'org.springframework.boot.autoconfigure.context.ConfigurationPropertiesAutoConfiguration'
17:43:07.780 [Test worker] DEBUG o.s.b.f.s.DefaultListableBeanFactory - Returning cached instance of singleton bean 'org.springframework.boot.context.properties.ConfigurationPropertiesBindingPostProcessor'
17:43:07.780 [Test worker] DEBUG o.s.b.f.s.DefaultListableBeanFactory - Returning cached instance of singleton bean 'org.springframework.boot.context.properties.ConfigurationPropertiesBindingPostProcessor.store'
17:43:07.781 [Test worker] DEBUG o.s.b.f.s.DefaultListableBeanFactory - Creating shared instance of singleton bean 'org.springframework.boot.autoconfigure.mongo.MongoAutoConfiguration'
17:43:07.781 [Test worker] DEBUG o.s.b.f.s.DefaultListableBeanFactory - Creating instance of bean 'org.springframework.boot.autoconfigure.mongo.MongoAutoConfiguration'
17:43:07.782 [Test worker] DEBUG o.s.c.a.CommonAnnotationBeanPostProcessor - Found destroy method on class [org.springframework.boot.autoconfigure.mongo.MongoAutoConfiguration$$EnhancerBySpringCGLIB$$112621f8]: public void org.springframework.boot.autoconfigure.mongo.MongoAutoConfiguration.close()
17:43:07.782 [Test worker] DEBUG o.s.c.a.CommonAnnotationBeanPostProcessor - Registered destroy method on class [org.springframework.boot.autoconfigure.mongo.MongoAutoConfiguration$$EnhancerBySpringCGLIB$$112621f8]: org.springframework.beans.factory.annotation.InitDestroyAnnotationBeanPostProcessor$LifecycleElement@5a5ddf8
17:43:07.783 [Test worker] DEBUG o.s.b.f.annotation.InjectionMetadata - Registered injected element on class [org.springframework.boot.autoconfigure.mongo.MongoAutoConfiguration$$EnhancerBySpringCGLIB$$112621f8]: AutowiredFieldElement for private org.springframework.boot.autoconfigure.mongo.MongoProperties org.springframework.boot.autoconfigure.mongo.MongoAutoConfiguration.properties
17:43:07.783 [Test worker] DEBUG o.s.b.f.annotation.InjectionMetadata - Registered injected element on class [org.springframework.boot.autoconfigure.mongo.MongoAutoConfiguration$$EnhancerBySpringCGLIB$$112621f8]: AutowiredFieldElement for private com.mongodb.MongoClientOptions org.springframework.boot.autoconfigure.mongo.MongoAutoConfiguration.options
17:43:07.783 [Test worker] DEBUG o.s.b.f.annotation.InjectionMetadata - Registered injected element on class [org.springframework.boot.autoconfigure.mongo.MongoAutoConfiguration$$EnhancerBySpringCGLIB$$112621f8]: AutowiredFieldElement for private org.springframework.core.env.Environment org.springframework.boot.autoconfigure.mongo.MongoAutoConfiguration.environment
17:43:07.783 [Test worker] DEBUG o.s.b.f.s.DefaultListableBeanFactory - Eagerly caching bean 'org.springframework.boot.autoconfigure.mongo.MongoAutoConfiguration' to allow for resolving potential circular references
17:43:07.791 [Test worker] DEBUG o.s.b.f.annotation.InjectionMetadata - Processing injected element of bean 'org.springframework.boot.autoconfigure.mongo.MongoAutoConfiguration': AutowiredFieldElement for private org.springframework.boot.autoconfigure.mongo.MongoProperties org.springframework.boot.autoconfigure.mongo.MongoAutoConfiguration.properties
17:43:07.792 [Test worker] DEBUG o.s.b.f.s.DefaultListableBeanFactory - Creating shared instance of singleton bean 'spring.data.mongodb.CONFIGURATION_PROPERTIES'
17:43:07.792 [Test worker] DEBUG o.s.b.f.s.DefaultListableBeanFactory - Creating instance of bean 'spring.data.mongodb.CONFIGURATION_PROPERTIES'
17:43:07.793 [Test worker] DEBUG o.s.b.f.s.DefaultListableBeanFactory - Eagerly caching bean 'spring.data.mongodb.CONFIGURATION_PROPERTIES' to allow for resolving potential circular references
17:43:07.838 [Test worker] DEBUG org.jboss.logging - Logging Provider: org.jboss.logging.Slf4jLoggerProvider
17:43:07.840 [Test worker] INFO  o.h.validator.internal.util.Version - HV000001: Hibernate Validator 5.2.4.Final
17:43:07.865 [Test worker] DEBUG o.h.v.i.e.r.DefaultTraversableResolver - Cannot find javax.persistence.Persistence on classpath. Assuming non JPA 2 environment. All properties will per default be traversable.
17:43:07.874 [Test worker] DEBUG o.h.v.i.engine.ConfigurationImpl - Setting custom MessageInterpolator of type org.springframework.validation.beanvalidation.LocaleContextMessageInterpolator
17:43:07.874 [Test worker] DEBUG o.h.v.i.engine.ConfigurationImpl - Setting custom ConstraintValidatorFactory of type org.springframework.validation.beanvalidation.SpringConstraintValidatorFactory
17:43:07.875 [Test worker] DEBUG o.h.v.i.engine.ConfigurationImpl - Setting custom ParameterNameProvider of type com.sun.proxy.$Proxy53
17:43:07.877 [Test worker] DEBUG o.h.v.i.xml.ValidationXmlParser - Trying to load META-INF/validation.xml for XML based Validator configuration.
17:43:07.878 [Test worker] DEBUG o.h.v.i.xml.ResourceLoaderHelper - Trying to load META-INF/validation.xml via user class loader
17:43:07.878 [Test worker] DEBUG o.h.v.i.xml.ResourceLoaderHelper - Trying to load META-INF/validation.xml via TCCL
17:43:07.879 [Test worker] DEBUG o.h.v.i.xml.ResourceLoaderHelper - Trying to load META-INF/validation.xml via Hibernate Validator's class loader
17:43:07.879 [Test worker] DEBUG o.h.v.i.xml.ValidationXmlParser - No META-INF/validation.xml found. Using annotation based configuration only.
17:43:07.923 [Test worker] DEBUG o.s.b.f.annotation.InjectionMetadata - Processing injected element of bean 'org.springframework.boot.context.properties.ConfigurationPropertiesBindingPostProcessor': AutowiredMethodElement for public void org.springframework.boot.context.properties.ConfigurationPropertiesBindingPostProcessor.setGenericConverters(java.util.List)
17:43:07.926 [Test worker] DEBUG o.s.b.f.annotation.InjectionMetadata - Processing injected element of bean 'org.springframework.boot.context.properties.ConfigurationPropertiesBindingPostProcessor': AutowiredMethodElement for public void org.springframework.boot.context.properties.ConfigurationPropertiesBindingPostProcessor.setConverters(java.util.List)
17:43:07.929 [Test worker] DEBUG o.s.core.env.MutablePropertySources - Adding [systemProperties] PropertySource with lowest search precedence
17:43:07.929 [Test worker] DEBUG o.s.core.env.MutablePropertySources - Adding [systemEnvironment] PropertySource with lowest search precedence
17:43:07.929 [Test worker] DEBUG o.s.core.env.MutablePropertySources - Adding [localProperties] PropertySource with lowest search precedence
17:43:07.991 [Test worker] DEBUG o.s.b.f.s.DefaultListableBeanFactory - Finished creating instance of bean 'spring.data.mongodb.CONFIGURATION_PROPERTIES'
17:43:07.991 [Test worker] DEBUG o.s.b.f.a.AutowiredAnnotationBeanPostProcessor - Autowiring by type from bean name 'org.springframework.boot.autoconfigure.mongo.MongoAutoConfiguration' to bean named 'spring.data.mongodb.CONFIGURATION_PROPERTIES'
17:43:07.991 [Test worker] DEBUG o.s.b.f.annotation.InjectionMetadata - Processing injected element of bean 'org.springframework.boot.autoconfigure.mongo.MongoAutoConfiguration': AutowiredFieldElement for private com.mongodb.MongoClientOptions org.springframework.boot.autoconfigure.mongo.MongoAutoConfiguration.options
17:43:07.992 [Test worker] DEBUG o.s.b.f.annotation.InjectionMetadata - Processing injected element of bean 'org.springframework.boot.autoconfigure.mongo.MongoAutoConfiguration': AutowiredFieldElement for private org.springframework.core.env.Environment org.springframework.boot.autoconfigure.mongo.MongoAutoConfiguration.environment
17:43:07.992 [Test worker] DEBUG o.s.b.f.s.DefaultListableBeanFactory - Returning cached instance of singleton bean 'environment'
17:43:07.992 [Test worker] DEBUG o.s.b.f.a.AutowiredAnnotationBeanPostProcessor - Autowiring by type from bean name 'org.springframework.boot.autoconfigure.mongo.MongoAutoConfiguration' to bean named 'environment'
17:43:07.992 [Test worker] DEBUG o.s.b.f.s.DefaultListableBeanFactory - Finished creating instance of bean 'org.springframework.boot.autoconfigure.mongo.MongoAutoConfiguration'
17:43:07.992 [Test worker] DEBUG o.s.b.f.s.DefaultListableBeanFactory - Returning cached instance of singleton bean 'spring.data.mongodb.CONFIGURATION_PROPERTIES'
17:43:07.992 [Test worker] DEBUG o.s.b.f.s.DefaultListableBeanFactory - Creating shared instance of singleton bean 'org.springframework.boot.autoconfigure.jackson.JacksonAutoConfiguration$JacksonObjectMapperBuilderConfiguration'
17:43:07.992 [Test worker] DEBUG o.s.b.f.s.DefaultListableBeanFactory - Creating instance of bean 'org.springframework.boot.autoconfigure.jackson.JacksonAutoConfiguration$JacksonObjectMapperBuilderConfiguration'
17:43:07.993 [Test worker] DEBUG o.s.b.f.annotation.InjectionMetadata - Registered injected element on class [org.springframework.boot.autoconfigure.jackson.JacksonAutoConfiguration$JacksonObjectMapperBuilderConfiguration$$EnhancerBySpringCGLIB$$e96b28c4]: AutowiredFieldElement for private org.springframework.context.ApplicationContext org.springframework.boot.autoconfigure.jackson.JacksonAutoConfiguration$JacksonObjectMapperBuilderConfiguration.applicationContext
17:43:07.993 [Test worker] DEBUG o.s.b.f.annotation.InjectionMetadata - Registered injected element on class [org.springframework.boot.autoconfigure.jackson.JacksonAutoConfiguration$JacksonObjectMapperBuilderConfiguration$$EnhancerBySpringCGLIB$$e96b28c4]: AutowiredFieldElement for private org.springframework.boot.autoconfigure.jackson.JacksonProperties org.springframework.boot.autoconfigure.jackson.JacksonAutoConfiguration$JacksonObjectMapperBuilderConfiguration.jacksonProperties
17:43:07.993 [Test worker] DEBUG o.s.b.f.s.DefaultListableBeanFactory - Eagerly caching bean 'org.springframework.boot.autoconfigure.jackson.JacksonAutoConfiguration$JacksonObjectMapperBuilderConfiguration' to allow for resolving potential circular references
17:43:07.995 [Test worker] DEBUG o.s.b.f.annotation.InjectionMetadata - Processing injected element of bean 'org.springframework.boot.autoconfigure.jackson.JacksonAutoConfiguration$JacksonObjectMapperBuilderConfiguration': AutowiredFieldElement for private org.springframework.context.ApplicationContext org.springframework.boot.autoconfigure.jackson.JacksonAutoConfiguration$JacksonObjectMapperBuilderConfiguration.applicationContext
17:43:07.996 [Test worker] DEBUG o.s.b.f.a.AutowiredAnnotationBeanPostProcessor - Autowiring by type from bean name 'org.springframework.boot.autoconfigure.jackson.JacksonAutoConfiguration$JacksonObjectMapperBuilderConfiguration' to bean named 'org.springframework.context.support.GenericApplicationContext@28e47886'
17:43:07.996 [Test worker] DEBUG o.s.b.f.annotation.InjectionMetadata - Processing injected element of bean 'org.springframework.boot.autoconfigure.jackson.JacksonAutoConfiguration$JacksonObjectMapperBuilderConfiguration': AutowiredFieldElement for private org.springframework.boot.autoconfigure.jackson.JacksonProperties org.springframework.boot.autoconfigure.jackson.JacksonAutoConfiguration$JacksonObjectMapperBuilderConfiguration.jacksonProperties
17:43:07.996 [Test worker] DEBUG o.s.b.f.s.DefaultListableBeanFactory - Creating shared instance of singleton bean 'spring.jackson.CONFIGURATION_PROPERTIES'
17:43:07.996 [Test worker] DEBUG o.s.b.f.s.DefaultListableBeanFactory - Creating instance of bean 'spring.jackson.CONFIGURATION_PROPERTIES'
17:43:07.996 [Test worker] DEBUG o.s.b.f.s.DefaultListableBeanFactory - Eagerly caching bean 'spring.jackson.CONFIGURATION_PROPERTIES' to allow for resolving potential circular references
17:43:08.001 [Test worker] DEBUG o.s.core.env.MutablePropertySources - Adding [systemProperties] PropertySource with lowest search precedence
17:43:08.001 [Test worker] DEBUG o.s.core.env.MutablePropertySources - Adding [systemEnvironment] PropertySource with lowest search precedence
17:43:08.001 [Test worker] DEBUG o.s.core.env.MutablePropertySources - Adding [localProperties] PropertySource with lowest search precedence
17:43:08.019 [Test worker] DEBUG o.s.b.f.s.DefaultListableBeanFactory - Finished creating instance of bean 'spring.jackson.CONFIGURATION_PROPERTIES'
17:43:08.019 [Test worker] DEBUG o.s.b.f.a.AutowiredAnnotationBeanPostProcessor - Autowiring by type from bean name 'org.springframework.boot.autoconfigure.jackson.JacksonAutoConfiguration$JacksonObjectMapperBuilderConfiguration' to bean named 'spring.jackson.CONFIGURATION_PROPERTIES'
17:43:08.020 [Test worker] DEBUG o.s.b.f.s.DefaultListableBeanFactory - Finished creating instance of bean 'org.springframework.boot.autoconfigure.jackson.JacksonAutoConfiguration$JacksonObjectMapperBuilderConfiguration'
17:43:08.020 [Test worker] DEBUG o.s.b.f.s.DefaultListableBeanFactory - Creating shared instance of singleton bean 'jacksonObjectMapperBuilder'
17:43:08.020 [Test worker] DEBUG o.s.b.f.s.DefaultListableBeanFactory - Creating instance of bean 'jacksonObjectMapperBuilder'
17:43:08.020 [Test worker] DEBUG o.s.b.f.s.DefaultListableBeanFactory - Returning cached instance of singleton bean 'org.springframework.boot.autoconfigure.jackson.JacksonAutoConfiguration$JacksonObjectMapperBuilderConfiguration'
17:43:08.028 [Test worker] DEBUG o.s.b.f.s.DefaultListableBeanFactory - Eagerly caching bean 'jacksonObjectMapperBuilder' to allow for resolving potential circular references
17:43:08.031 [Test worker] DEBUG o.s.b.f.s.DefaultListableBeanFactory - Finished creating instance of bean 'jacksonObjectMapperBuilder'
17:43:08.031 [Test worker] DEBUG o.s.b.f.s.DefaultListableBeanFactory - Returning cached instance of singleton bean 'spring.jackson.CONFIGURATION_PROPERTIES'
17:43:08.031 [Test worker] DEBUG o.s.b.f.s.DefaultListableBeanFactory - Creating shared instance of singleton bean 'org.springframework.boot.autoconfigure.jackson.JacksonAutoConfiguration$JacksonObjectMapperConfiguration'
17:43:08.031 [Test worker] DEBUG o.s.b.f.s.DefaultListableBeanFactory - Creating instance of bean 'org.springframework.boot.autoconfigure.jackson.JacksonAutoConfiguration$JacksonObjectMapperConfiguration'
17:43:08.031 [Test worker] DEBUG o.s.b.f.s.DefaultListableBeanFactory - Eagerly caching bean 'org.springframework.boot.autoconfigure.jackson.JacksonAutoConfiguration$JacksonObjectMapperConfiguration' to allow for resolving potential circular references
17:43:08.034 [Test worker] DEBUG o.s.b.f.s.DefaultListableBeanFactory - Finished creating instance of bean 'org.springframework.boot.autoconfigure.jackson.JacksonAutoConfiguration$JacksonObjectMapperConfiguration'
17:43:08.034 [Test worker] DEBUG o.s.b.f.s.DefaultListableBeanFactory - Creating shared instance of singleton bean 'jacksonObjectMapper'
17:43:08.034 [Test worker] DEBUG o.s.b.f.s.DefaultListableBeanFactory - Creating instance of bean 'jacksonObjectMapper'
17:43:08.034 [Test worker] DEBUG o.s.b.f.s.DefaultListableBeanFactory - Returning cached instance of singleton bean 'org.springframework.boot.autoconfigure.jackson.JacksonAutoConfiguration$JacksonObjectMapperConfiguration'
17:43:08.035 [Test worker] DEBUG o.s.b.f.s.DefaultListableBeanFactory - Returning cached instance of singleton bean 'jacksonObjectMapperBuilder'
17:43:08.035 [Test worker] DEBUG o.s.b.f.s.DefaultListableBeanFactory - Autowiring by type from bean name 'jacksonObjectMapper' via factory method to bean named 'jacksonObjectMapperBuilder'
17:43:08.220 [Test worker] DEBUG o.s.b.f.s.DefaultListableBeanFactory - Eagerly caching bean 'jacksonObjectMapper' to allow for resolving potential circular references
17:43:08.234 [Test worker] DEBUG o.s.b.f.s.DefaultListableBeanFactory - Finished creating instance of bean 'jacksonObjectMapper'
17:43:08.234 [Test worker] DEBUG o.s.b.f.s.DefaultListableBeanFactory - Creating shared instance of singleton bean 'org.springframework.boot.autoconfigure.jackson.JacksonAutoConfiguration'
17:43:08.234 [Test worker] DEBUG o.s.b.f.s.DefaultListableBeanFactory - Creating instance of bean 'org.springframework.boot.autoconfigure.jackson.JacksonAutoConfiguration'
17:43:08.234 [Test worker] DEBUG o.s.b.f.s.DefaultListableBeanFactory - Eagerly caching bean 'org.springframework.boot.autoconfigure.jackson.JacksonAutoConfiguration' to allow for resolving potential circular references
17:43:08.237 [Test worker] DEBUG o.s.b.f.s.DefaultListableBeanFactory - Finished creating instance of bean 'org.springframework.boot.autoconfigure.jackson.JacksonAutoConfiguration'
17:43:08.238 [Test worker] DEBUG o.s.b.f.s.DefaultListableBeanFactory - Creating shared instance of singleton bean 'org.springframework.boot.autoconfigure.web.HttpMessageConvertersAutoConfiguration$StringHttpMessageConverterConfiguration'
17:43:08.238 [Test worker] DEBUG o.s.b.f.s.DefaultListableBeanFactory - Creating instance of bean 'org.springframework.boot.autoconfigure.web.HttpMessageConvertersAutoConfiguration$StringHttpMessageConverterConfiguration'
17:43:08.238 [Test worker] DEBUG o.s.b.f.annotation.InjectionMetadata - Registered injected element on class [org.springframework.boot.autoconfigure.web.HttpMessageConvertersAutoConfiguration$StringHttpMessageConverterConfiguration$$EnhancerBySpringCGLIB$$a9c6dd5a]: AutowiredFieldElement for private org.springframework.boot.autoconfigure.web.HttpEncodingProperties org.springframework.boot.autoconfigure.web.HttpMessageConvertersAutoConfiguration$StringHttpMessageConverterConfiguration.encodingProperties
17:43:08.238 [Test worker] DEBUG o.s.b.f.s.DefaultListableBeanFactory - Eagerly caching bean 'org.springframework.boot.autoconfigure.web.HttpMessageConvertersAutoConfiguration$StringHttpMessageConverterConfiguration' to allow for resolving potential circular references
17:43:08.240 [Test worker] DEBUG o.s.b.f.annotation.InjectionMetadata - Processing injected element of bean 'org.springframework.boot.autoconfigure.web.HttpMessageConvertersAutoConfiguration$StringHttpMessageConverterConfiguration': AutowiredFieldElement for private org.springframework.boot.autoconfigure.web.HttpEncodingProperties org.springframework.boot.autoconfigure.web.HttpMessageConvertersAutoConfiguration$StringHttpMessageConverterConfiguration.encodingProperties
17:43:08.241 [Test worker] DEBUG o.s.b.f.s.DefaultListableBeanFactory - Creating shared instance of singleton bean 'spring.http.encoding.CONFIGURATION_PROPERTIES'
17:43:08.241 [Test worker] DEBUG o.s.b.f.s.DefaultListableBeanFactory - Creating instance of bean 'spring.http.encoding.CONFIGURATION_PROPERTIES'
17:43:08.241 [Test worker] DEBUG o.s.b.f.s.DefaultListableBeanFactory - Eagerly caching bean 'spring.http.encoding.CONFIGURATION_PROPERTIES' to allow for resolving potential circular references
17:43:08.243 [Test worker] DEBUG o.s.core.env.MutablePropertySources - Adding [systemProperties] PropertySource with lowest search precedence
17:43:08.243 [Test worker] DEBUG o.s.core.env.MutablePropertySources - Adding [systemEnvironment] PropertySource with lowest search precedence
17:43:08.243 [Test worker] DEBUG o.s.core.env.MutablePropertySources - Adding [localProperties] PropertySource with lowest search precedence
17:43:08.246 [Test worker] DEBUG o.s.b.f.s.DefaultListableBeanFactory - Finished creating instance of bean 'spring.http.encoding.CONFIGURATION_PROPERTIES'
17:43:08.246 [Test worker] DEBUG o.s.b.f.a.AutowiredAnnotationBeanPostProcessor - Autowiring by type from bean name 'org.springframework.boot.autoconfigure.web.HttpMessageConvertersAutoConfiguration$StringHttpMessageConverterConfiguration' to bean named 'spring.http.encoding.CONFIGURATION_PROPERTIES'
17:43:08.246 [Test worker] DEBUG o.s.b.f.s.DefaultListableBeanFactory - Finished creating instance of bean 'org.springframework.boot.autoconfigure.web.HttpMessageConvertersAutoConfiguration$StringHttpMessageConverterConfiguration'
17:43:08.246 [Test worker] DEBUG o.s.b.f.s.DefaultListableBeanFactory - Creating shared instance of singleton bean 'stringHttpMessageConverter'
17:43:08.246 [Test worker] DEBUG o.s.b.f.s.DefaultListableBeanFactory - Creating instance of bean 'stringHttpMessageConverter'
17:43:08.246 [Test worker] DEBUG o.s.b.f.s.DefaultListableBeanFactory - Returning cached instance of singleton bean 'org.springframework.boot.autoconfigure.web.HttpMessageConvertersAutoConfiguration$StringHttpMessageConverterConfiguration'
17:43:08.323 [Test worker] DEBUG o.s.b.f.s.DefaultListableBeanFactory - Eagerly caching bean 'stringHttpMessageConverter' to allow for resolving potential circular references
17:43:08.327 [Test worker] DEBUG o.s.b.f.s.DefaultListableBeanFactory - Finished creating instance of bean 'stringHttpMessageConverter'
17:43:08.327 [Test worker] DEBUG o.s.b.f.s.DefaultListableBeanFactory - Returning cached instance of singleton bean 'spring.http.encoding.CONFIGURATION_PROPERTIES'
17:43:08.327 [Test worker] DEBUG o.s.b.f.s.DefaultListableBeanFactory - Creating shared instance of singleton bean 'org.springframework.boot.autoconfigure.web.JacksonHttpMessageConvertersConfiguration$MappingJackson2HttpMessageConverterConfiguration'
17:43:08.327 [Test worker] DEBUG o.s.b.f.s.DefaultListableBeanFactory - Creating instance of bean 'org.springframework.boot.autoconfigure.web.JacksonHttpMessageConvertersConfiguration$MappingJackson2HttpMessageConverterConfiguration'
17:43:08.327 [Test worker] DEBUG o.s.b.f.s.DefaultListableBeanFactory - Eagerly caching bean 'org.springframework.boot.autoconfigure.web.JacksonHttpMessageConvertersConfiguration$MappingJackson2HttpMessageConverterConfiguration' to allow for resolving potential circular references
17:43:08.331 [Test worker] DEBUG o.s.b.f.s.DefaultListableBeanFactory - Finished creating instance of bean 'org.springframework.boot.autoconfigure.web.JacksonHttpMessageConvertersConfiguration$MappingJackson2HttpMessageConverterConfiguration'
17:43:08.331 [Test worker] DEBUG o.s.b.f.s.DefaultListableBeanFactory - Creating shared instance of singleton bean 'mappingJackson2HttpMessageConverter'
17:43:08.331 [Test worker] DEBUG o.s.b.f.s.DefaultListableBeanFactory - Creating instance of bean 'mappingJackson2HttpMessageConverter'
17:43:08.331 [Test worker] DEBUG o.s.b.f.s.DefaultListableBeanFactory - Returning cached instance of singleton bean 'org.springframework.boot.autoconfigure.web.JacksonHttpMessageConvertersConfiguration$MappingJackson2HttpMessageConverterConfiguration'
17:43:08.331 [Test worker] DEBUG o.s.b.f.s.DefaultListableBeanFactory - Returning cached instance of singleton bean 'jacksonObjectMapper'
17:43:08.332 [Test worker] DEBUG o.s.b.f.s.DefaultListableBeanFactory - Autowiring by type from bean name 'mappingJackson2HttpMessageConverter' via factory method to bean named 'jacksonObjectMapper'
17:43:08.339 [Test worker] DEBUG o.s.b.f.s.DefaultListableBeanFactory - Eagerly caching bean 'mappingJackson2HttpMessageConverter' to allow for resolving potential circular references
17:43:08.343 [Test worker] DEBUG o.s.b.f.s.DefaultListableBeanFactory - Finished creating instance of bean 'mappingJackson2HttpMessageConverter'
17:43:08.343 [Test worker] DEBUG o.s.b.f.s.DefaultListableBeanFactory - Creating shared instance of singleton bean 'org.springframework.boot.autoconfigure.web.JacksonHttpMessageConvertersConfiguration'
17:43:08.343 [Test worker] DEBUG o.s.b.f.s.DefaultListableBeanFactory - Creating instance of bean 'org.springframework.boot.autoconfigure.web.JacksonHttpMessageConvertersConfiguration'
17:43:08.343 [Test worker] DEBUG o.s.b.f.s.DefaultListableBeanFactory - Eagerly caching bean 'org.springframework.boot.autoconfigure.web.JacksonHttpMessageConvertersConfiguration' to allow for resolving potential circular references
17:43:08.347 [Test worker] DEBUG o.s.b.f.s.DefaultListableBeanFactory - Finished creating instance of bean 'org.springframework.boot.autoconfigure.web.JacksonHttpMessageConvertersConfiguration'
17:43:08.348 [Test worker] DEBUG o.s.b.f.s.DefaultListableBeanFactory - Creating shared instance of singleton bean 'org.springframework.boot.autoconfigure.web.HttpMessageConvertersAutoConfiguration'
17:43:08.348 [Test worker] DEBUG o.s.b.f.s.DefaultListableBeanFactory - Creating instance of bean 'org.springframework.boot.autoconfigure.web.HttpMessageConvertersAutoConfiguration'
17:43:08.348 [Test worker] DEBUG o.s.b.f.annotation.InjectionMetadata - Registered injected element on class [org.springframework.boot.autoconfigure.web.HttpMessageConvertersAutoConfiguration$$EnhancerBySpringCGLIB$$8ebda6ba]: AutowiredFieldElement for private final java.util.List org.springframework.boot.autoconfigure.web.HttpMessageConvertersAutoConfiguration.converters
17:43:08.348 [Test worker] DEBUG o.s.b.f.s.DefaultListableBeanFactory - Eagerly caching bean 'org.springframework.boot.autoconfigure.web.HttpMessageConvertersAutoConfiguration' to allow for resolving potential circular references
17:43:08.351 [Test worker] DEBUG o.s.b.f.annotation.InjectionMetadata - Processing injected element of bean 'org.springframework.boot.autoconfigure.web.HttpMessageConvertersAutoConfiguration': AutowiredFieldElement for private final java.util.List org.springframework.boot.autoconfigure.web.HttpMessageConvertersAutoConfiguration.converters
17:43:08.358 [Test worker] DEBUG o.s.b.f.s.DefaultListableBeanFactory - Returning cached instance of singleton bean 'stringHttpMessageConverter'
17:43:08.358 [Test worker] DEBUG o.s.b.f.s.DefaultListableBeanFactory - Returning cached instance of singleton bean 'mappingJackson2HttpMessageConverter'
17:43:08.366 [Test worker] DEBUG o.s.b.f.a.AutowiredAnnotationBeanPostProcessor - Autowiring by type from bean name 'org.springframework.boot.autoconfigure.web.HttpMessageConvertersAutoConfiguration' to bean named 'stringHttpMessageConverter'
17:43:08.367 [Test worker] DEBUG o.s.b.f.a.AutowiredAnnotationBeanPostProcessor - Autowiring by type from bean name 'org.springframework.boot.autoconfigure.web.HttpMessageConvertersAutoConfiguration' to bean named 'mappingJackson2HttpMessageConverter'
17:43:08.368 [Test worker] DEBUG o.s.b.f.s.DefaultListableBeanFactory - Finished creating instance of bean 'org.springframework.boot.autoconfigure.web.HttpMessageConvertersAutoConfiguration'
17:43:08.369 [Test worker] DEBUG o.s.b.f.s.DefaultListableBeanFactory - Creating shared instance of singleton bean 'messageConverters'
17:43:08.369 [Test worker] DEBUG o.s.b.f.s.DefaultListableBeanFactory - Creating instance of bean 'messageConverters'
17:43:08.369 [Test worker] DEBUG o.s.b.f.s.DefaultListableBeanFactory - Returning cached instance of singleton bean 'org.springframework.boot.autoconfigure.web.HttpMessageConvertersAutoConfiguration'
17:43:08.418 [Test worker] DEBUG o.s.b.f.s.DefaultListableBeanFactory - Eagerly caching bean 'messageConverters' to allow for resolving potential circular references
17:43:08.419 [Test worker] DEBUG o.s.b.f.s.DefaultListableBeanFactory - Finished creating instance of bean 'messageConverters'
17:43:08.419 [Test worker] DEBUG o.s.b.f.s.DefaultListableBeanFactory - Creating shared instance of singleton bean 'org.springframework.boot.autoconfigure.web.HttpEncodingAutoConfiguration'
17:43:08.419 [Test worker] DEBUG o.s.b.f.s.DefaultListableBeanFactory - Creating instance of bean 'org.springframework.boot.autoconfigure.web.HttpEncodingAutoConfiguration'
17:43:08.420 [Test worker] DEBUG o.s.b.f.annotation.InjectionMetadata - Registered injected element on class [org.springframework.boot.autoconfigure.web.HttpEncodingAutoConfiguration$$EnhancerBySpringCGLIB$$caeac1a5]: AutowiredFieldElement for private org.springframework.boot.autoconfigure.web.HttpEncodingProperties org.springframework.boot.autoconfigure.web.HttpEncodingAutoConfiguration.httpEncodingProperties
17:43:08.420 [Test worker] DEBUG o.s.b.f.s.DefaultListableBeanFactory - Eagerly caching bean 'org.springframework.boot.autoconfigure.web.HttpEncodingAutoConfiguration' to allow for resolving potential circular references
17:43:08.457 [Test worker] DEBUG o.s.b.f.annotation.InjectionMetadata - Processing injected element of bean 'org.springframework.boot.autoconfigure.web.HttpEncodingAutoConfiguration': AutowiredFieldElement for private org.springframework.boot.autoconfigure.web.HttpEncodingProperties org.springframework.boot.autoconfigure.web.HttpEncodingAutoConfiguration.httpEncodingProperties
17:43:08.459 [Test worker] DEBUG o.s.b.f.s.DefaultListableBeanFactory - Returning cached instance of singleton bean 'spring.http.encoding.CONFIGURATION_PROPERTIES'
17:43:08.459 [Test worker] DEBUG o.s.b.f.a.AutowiredAnnotationBeanPostProcessor - Autowiring by type from bean name 'org.springframework.boot.autoconfigure.web.HttpEncodingAutoConfiguration' to bean named 'spring.http.encoding.CONFIGURATION_PROPERTIES'
17:43:08.459 [Test worker] DEBUG o.s.b.f.s.DefaultListableBeanFactory - Finished creating instance of bean 'org.springframework.boot.autoconfigure.web.HttpEncodingAutoConfiguration'
17:43:08.459 [Test worker] DEBUG o.s.b.f.s.DefaultListableBeanFactory - Creating shared instance of singleton bean 'characterEncodingFilter'
17:43:08.459 [Test worker] DEBUG o.s.b.f.s.DefaultListableBeanFactory - Creating instance of bean 'characterEncodingFilter'
17:43:08.459 [Test worker] DEBUG o.s.b.f.s.DefaultListableBeanFactory - Returning cached instance of singleton bean 'org.springframework.boot.autoconfigure.web.HttpEncodingAutoConfiguration'
17:43:08.464 [Test worker] DEBUG o.s.w.c.s.StandardServletEnvironment - Adding [servletConfigInitParams] PropertySource with lowest search precedence
17:43:08.464 [Test worker] DEBUG o.s.w.c.s.StandardServletEnvironment - Adding [servletContextInitParams] PropertySource with lowest search precedence
17:43:08.467 [Test worker] DEBUG o.s.w.c.s.StandardServletEnvironment - Adding [systemProperties] PropertySource with lowest search precedence
17:43:08.467 [Test worker] DEBUG o.s.w.c.s.StandardServletEnvironment - Adding [systemEnvironment] PropertySource with lowest search precedence
17:43:08.467 [Test worker] DEBUG o.s.w.c.s.StandardServletEnvironment - Initialized StandardServletEnvironment with PropertySources [servletConfigInitParams,servletContextInitParams,systemProperties,systemEnvironment]
17:43:08.468 [Test worker] DEBUG o.s.b.f.s.DefaultListableBeanFactory - Eagerly caching bean 'characterEncodingFilter' to allow for resolving potential circular references
17:43:08.472 [Test worker] DEBUG o.s.b.f.s.DefaultListableBeanFactory - Invoking afterPropertiesSet() on bean with name 'characterEncodingFilter'
17:43:08.472 [Test worker] DEBUG o.s.b.f.s.DefaultListableBeanFactory - Finished creating instance of bean 'characterEncodingFilter'
17:43:08.472 [Test worker] DEBUG o.s.b.f.s.DefaultListableBeanFactory - Creating shared instance of singleton bean 'org.springframework.boot.autoconfigure.web.MultipartAutoConfiguration'
17:43:08.472 [Test worker] DEBUG o.s.b.f.s.DefaultListableBeanFactory - Creating instance of bean 'org.springframework.boot.autoconfigure.web.MultipartAutoConfiguration'
17:43:08.474 [Test worker] DEBUG o.s.b.f.annotation.InjectionMetadata - Registered injected element on class [org.springframework.boot.autoconfigure.web.MultipartAutoConfiguration$$EnhancerBySpringCGLIB$$3d9a96e0]: AutowiredFieldElement for private org.springframework.boot.autoconfigure.web.MultipartProperties org.springframework.boot.autoconfigure.web.MultipartAutoConfiguration.multipartProperties
17:43:08.474 [Test worker] DEBUG o.s.b.f.s.DefaultListableBeanFactory - Eagerly caching bean 'org.springframework.boot.autoconfigure.web.MultipartAutoConfiguration' to allow for resolving potential circular references
17:43:08.476 [Test worker] DEBUG o.s.b.f.annotation.InjectionMetadata - Processing injected element of bean 'org.springframework.boot.autoconfigure.web.MultipartAutoConfiguration': AutowiredFieldElement for private org.springframework.boot.autoconfigure.web.MultipartProperties org.springframework.boot.autoconfigure.web.MultipartAutoConfiguration.multipartProperties
17:43:08.477 [Test worker] DEBUG o.s.b.f.s.DefaultListableBeanFactory - Creating shared instance of singleton bean 'multipart.CONFIGURATION_PROPERTIES'
17:43:08.477 [Test worker] DEBUG o.s.b.f.s.DefaultListableBeanFactory - Creating instance of bean 'multipart.CONFIGURATION_PROPERTIES'
17:43:08.477 [Test worker] DEBUG o.s.b.f.s.DefaultListableBeanFactory - Eagerly caching bean 'multipart.CONFIGURATION_PROPERTIES' to allow for resolving potential circular references
17:43:08.489 [Test worker] DEBUG o.s.core.env.MutablePropertySources - Adding [systemProperties] PropertySource with lowest search precedence
17:43:08.489 [Test worker] DEBUG o.s.core.env.MutablePropertySources - Adding [systemEnvironment] PropertySource with lowest search precedence
17:43:08.489 [Test worker] DEBUG o.s.core.env.MutablePropertySources - Adding [localProperties] PropertySource with lowest search precedence
17:43:08.495 [Test worker] DEBUG o.s.b.f.s.DefaultListableBeanFactory - Finished creating instance of bean 'multipart.CONFIGURATION_PROPERTIES'
17:43:08.496 [Test worker] DEBUG o.s.b.f.a.AutowiredAnnotationBeanPostProcessor - Autowiring by type from bean name 'org.springframework.boot.autoconfigure.web.MultipartAutoConfiguration' to bean named 'multipart.CONFIGURATION_PROPERTIES'
17:43:08.496 [Test worker] DEBUG o.s.b.f.s.DefaultListableBeanFactory - Finished creating instance of bean 'org.springframework.boot.autoconfigure.web.MultipartAutoConfiguration'
17:43:08.496 [Test worker] DEBUG o.s.b.f.s.DefaultListableBeanFactory - Creating shared instance of singleton bean 'multipartConfigElement'
17:43:08.496 [Test worker] DEBUG o.s.b.f.s.DefaultListableBeanFactory - Creating instance of bean 'multipartConfigElement'
17:43:08.496 [Test worker] DEBUG o.s.b.f.s.DefaultListableBeanFactory - Returning cached instance of singleton bean 'org.springframework.boot.autoconfigure.web.MultipartAutoConfiguration'
17:43:08.500 [Test worker] DEBUG o.s.b.f.s.DefaultListableBeanFactory - Eagerly caching bean 'multipartConfigElement' to allow for resolving potential circular references
17:43:08.502 [Test worker] DEBUG o.s.b.f.s.DefaultListableBeanFactory - Finished creating instance of bean 'multipartConfigElement'
17:43:08.502 [Test worker] DEBUG o.s.b.f.s.DefaultListableBeanFactory - Creating shared instance of singleton bean 'multipartResolver'
17:43:08.502 [Test worker] DEBUG o.s.b.f.s.DefaultListableBeanFactory - Creating instance of bean 'multipartResolver'
17:43:08.502 [Test worker] DEBUG o.s.b.f.s.DefaultListableBeanFactory - Returning cached instance of singleton bean 'org.springframework.boot.autoconfigure.web.MultipartAutoConfiguration'
17:43:08.504 [Test worker] DEBUG o.s.b.f.s.DefaultListableBeanFactory - Eagerly caching bean 'multipartResolver' to allow for resolving potential circular references
17:43:08.507 [Test worker] DEBUG o.s.b.f.s.DefaultListableBeanFactory - Finished creating instance of bean 'multipartResolver'
17:43:08.507 [Test worker] DEBUG o.s.b.f.s.DefaultListableBeanFactory - Returning cached instance of singleton bean 'multipart.CONFIGURATION_PROPERTIES'
17:43:08.507 [Test worker] DEBUG o.s.b.f.s.DefaultListableBeanFactory - Returning cached instance of singleton bean 'org.springframework.context.event.internalEventListenerFactory'
17:43:08.531 [Test worker] INFO  o.s.j.e.a.AnnotationMBeanExporter - Registering beans for JMX exposure on startup
17:43:08.531 [Test worker] DEBUG o.s.j.e.a.AnnotationMBeanExporter - Autodetecting user-defined JMX MBeans
17:43:08.534 [Test worker] DEBUG o.s.c.s.GenericApplicationContext - Unable to locate LifecycleProcessor with name 'lifecycleProcessor': using default [org.springframework.context.support.DefaultLifecycleProcessor@42b94ab7]
17:43:08.535 [Test worker] DEBUG o.s.b.f.s.DefaultListableBeanFactory - Returning cached instance of singleton bean 'lifecycleProcessor'
17:43:08.538 [Test worker] DEBUG o.s.b.f.s.DefaultListableBeanFactory - Returning cached instance of singleton bean 'org.springframework.boot.context.properties.ConfigurationPropertiesBindingPostProcessor'
17:43:08.540 [Test worker] DEBUG o.s.c.e.PropertySourcesPropertyResolver - Searching for key 'spring.liveBeansView.mbeanDomain' in [systemProperties]
17:43:08.540 [Test worker] DEBUG o.s.c.e.PropertySourcesPropertyResolver - Searching for key 'spring.liveBeansView.mbeanDomain' in [systemEnvironment]
17:43:08.540 [Test worker] DEBUG o.s.c.e.PropertySourcesPropertyResolver - Could not find key 'spring.liveBeansView.mbeanDomain' in any property source. Returning [null]
17:43:08.544 [Test worker] DEBUG o.s.t.c.c.DefaultCacheAwareContextLoaderDelegate - Storing ApplicationContext in cache under key [[MergedContextConfiguration@59703884 testClass = OrderServiceImplTest, locations = '{}', classes = '{class by.couriers.operator.TestConfig}', contextInitializerClasses = '[]', activeProfiles = '{}', propertySourceLocations = '{}', propertySourceProperties = '{}', contextLoader = 'org.springframework.test.context.support.DelegatingSmartContextLoader', parent = [null]]]
17:43:08.544 [Test worker] DEBUG o.springframework.test.context.cache - Spring test ApplicationContext cache statistics: [DefaultContextCache@2a945e4f size = 1, parentContextCount = 0, hitCount = 0, missCount = 1]
17:43:08.546 [Test worker] DEBUG o.s.b.f.annotation.InjectionMetadata - Processing injected element of bean 'by.couriers.operator.service.impl.OrderServiceImplTest': AutowiredFieldElement for private by.couriers.operator.service.OrderService by.couriers.operator.service.impl.OrderServiceImplTest.orderService
17:43:08.546 [Test worker] DEBUG o.s.b.f.s.DefaultListableBeanFactory - Returning cached instance of singleton bean 'orderServiceImpl'
17:43:08.547 [Test worker] DEBUG o.s.b.f.a.AutowiredAnnotationBeanPostProcessor - Autowiring by type from bean name 'by.couriers.operator.service.impl.OrderServiceImplTest' to bean named 'orderServiceImpl'
17:43:08.552 [Test worker] DEBUG o.s.t.c.s.AbstractDirtiesContextTestExecutionListener - Before test method: context [DefaultTestContext@51d4030 testClass = OrderServiceImplTest, testInstance = by.couriers.operator.service.impl.OrderServiceImplTest@7f78dd9b, testMethod = simpleTest@OrderServiceImplTest, testException = [null], mergedContextConfiguration = [MergedContextConfiguration@59703884 testClass = OrderServiceImplTest, locations = '{}', classes = '{class by.couriers.operator.TestConfig}', contextInitializerClasses = '[]', activeProfiles = '{}', propertySourceLocations = '{}', propertySourceProperties = '{}', contextLoader = 'org.springframework.test.context.support.DelegatingSmartContextLoader', parent = [null]]], class annotated with @DirtiesContext [false] with mode [null], method annotated with @DirtiesContext [false] with mode [null].
17:43:08.558 [Test worker] DEBUG org.mongodb.driver.protocol.insert - Inserting 1 documents into namespace test.Order on connection [connectionId{localValue:2, serverValue:119}] to server localhost:27017
17:43:08.565 [Test worker] DEBUG org.mongodb.driver.protocol.insert - Insert completed
17:43:08.588 [Test worker] DEBUG org.mongodb.driver.protocol.command - Sending command {find : BsonString{value='Order'}} to database test on connection [connectionId{localValue:2, serverValue:119}] to server localhost:27017
17:43:08.594 [Test worker] DEBUG org.mongodb.driver.protocol.command - Command execution completed
17:43:08.601 [Test worker] DEBUG org.mongodb.driver.protocol.update - Updating documents in namespace test.Order on connection [connectionId{localValue:2, serverValue:119}] to server localhost:27017
17:43:08.603 [Test worker] DEBUG org.mongodb.driver.protocol.update - Update completed
17:43:08.605 [Test worker] DEBUG org.mongodb.driver.protocol.command - Sending command {find : BsonString{value='Order'}} to database test on connection [connectionId{localValue:2, serverValue:119}] to server localhost:27017
17:43:08.607 [Test worker] DEBUG org.mongodb.driver.protocol.command - Command execution completed
17:43:08.609 [Test worker] DEBUG org.mongodb.driver.protocol.command - Sending command {find : BsonString{value='Order'}} to database test on connection [connectionId{localValue:2, serverValue:119}] to server localhost:27017
17:43:08.610 [Test worker] DEBUG org.mongodb.driver.protocol.command - Command execution completed
17:43:08.611 [Test worker] DEBUG org.mongodb.driver.protocol.command - Sending command {find : BsonString{value='Order'}} to database test on connection [connectionId{localValue:2, serverValue:119}] to server localhost:27017
17:43:08.612 [Test worker] DEBUG org.mongodb.driver.protocol.command - Command execution completed
17:43:08.616 [Test worker] DEBUG org.mongodb.driver.protocol.delete - Deleting documents from namespace test.Order on connection [connectionId{localValue:2, serverValue:119}] to server localhost:27017
17:43:08.616 [Test worker] DEBUG org.mongodb.driver.protocol.delete - Delete completed
17:43:08.617 [Test worker] DEBUG org.mongodb.driver.protocol.command - Sending command {find : BsonString{value='Order'}} to database test on connection [connectionId{localValue:2, serverValue:119}] to server localhost:27017
17:43:08.618 [Test worker] DEBUG org.mongodb.driver.protocol.command - Command execution completed
17:43:08.618 [Test worker] DEBUG o.s.t.c.s.AbstractDirtiesContextTestExecutionListener - After test method: context [DefaultTestContext@51d4030 testClass = OrderServiceImplTest, testInstance = by.couriers.operator.service.impl.OrderServiceImplTest@7f78dd9b, testMethod = simpleTest@OrderServiceImplTest, testException = [null], mergedContextConfiguration = [MergedContextConfiguration@59703884 testClass = OrderServiceImplTest, locations = '{}', classes = '{class by.couriers.operator.TestConfig}', contextInitializerClasses = '[]', activeProfiles = '{}', propertySourceLocations = '{}', propertySourceProperties = '{}', contextLoader = 'org.springframework.test.context.support.DelegatingSmartContextLoader', parent = [null]]], class annotated with @DirtiesContext [false] with mode [null], method annotated with @DirtiesContext [false] with mode [null].
17:43:08.619 [Test worker] DEBUG o.s.t.c.s.AbstractDirtiesContextTestExecutionListener - After test class: context [DefaultTestContext@51d4030 testClass = OrderServiceImplTest, testInstance = [null], testMethod = [null], testException = [null], mergedContextConfiguration = [MergedContextConfiguration@59703884 testClass = OrderServiceImplTest, locations = '{}', classes = '{class by.couriers.operator.TestConfig}', contextInitializerClasses = '[]', activeProfiles = '{}', propertySourceLocations = '{}', propertySourceProperties = '{}', contextLoader = 'org.springframework.test.context.support.DelegatingSmartContextLoader', parent = [null]]], class annotated with @DirtiesContext [false] with mode [null].
]]></system-out>
  <system-err><![CDATA[Apr 10, 2016 5:43:07 PM org.mongodb.morphia.logging.MorphiaLoggerFactory chooseLoggerFactory
INFO: LoggerImplFactory set to org.mongodb.morphia.logging.jdk.JDKLoggerFactory
Apr 10, 2016 5:43:08 PM org.mongodb.morphia.query.QueryValidator validateQuery
WARNING: The type(s) for the query/update may be inconsistent; using an instance of type 'org.bson.types.ObjectId' for the field 'by.couriers.operator.model.Order.orderId' which is declared as 'java.lang.String'
Apr 10, 2016 5:43:08 PM org.mongodb.morphia.query.QueryValidator validateQuery
WARNING: Validation warnings: 
[Validation failed: 'The value class needs to match the type of ID for the field. Value was 570a667cd76d16218cad89a7 and was a class org.bson.types.ObjectId and the ID of the type was class java.lang.String']
Apr 10, 2016 5:43:08 PM org.mongodb.morphia.query.QueryValidator validateQuery
WARNING: The type(s) for the query/update may be inconsistent; using an instance of type 'org.bson.types.ObjectId' for the field 'by.couriers.operator.model.Order.orderId' which is declared as 'java.lang.String'
Apr 10, 2016 5:43:08 PM org.mongodb.morphia.query.QueryValidator validateQuery
WARNING: Validation warnings: 
[Validation failed: 'The value class needs to match the type of ID for the field. Value was 570a667cd76d16218cad89a7 and was a class org.bson.types.ObjectId and the ID of the type was class java.lang.String']
Apr 10, 2016 5:43:08 PM org.mongodb.morphia.query.QueryValidator validateQuery
WARNING: The type(s) for the query/update may be inconsistent; using an instance of type 'org.bson.types.ObjectId' for the field 'by.couriers.operator.model.Order.orderId' which is declared as 'java.lang.String'
Apr 10, 2016 5:43:08 PM org.mongodb.morphia.query.QueryValidator validateQuery
WARNING: Validation warnings: 
[Validation failed: 'The value class needs to match the type of ID for the field. Value was 570a667cd76d16218cad89a7 and was a class org.bson.types.ObjectId and the ID of the type was class java.lang.String']
Apr 10, 2016 5:43:08 PM org.mongodb.morphia.query.QueryValidator validateQuery
WARNING: The type(s) for the query/update may be inconsistent; using an instance of type 'org.bson.types.ObjectId' for the field 'by.couriers.operator.model.Order.orderId' which is declared as 'java.lang.String'
Apr 10, 2016 5:43:08 PM org.mongodb.morphia.query.QueryValidator validateQuery
WARNING: Validation warnings: 
[Validation failed: 'The value class needs to match the type of ID for the field. Value was 570a667cd76d16218cad89a7 and was a class org.bson.types.ObjectId and the ID of the type was class java.lang.String']
]]></system-err>
</testsuite>
